["INFO" - 4:54:43 PM] Extension Name: esbenp.prettier-vscode.
["INFO" - 4:54:43 PM] Extension Version: 9.5.0.
["INFO" - 4:54:47 PM] Formatting file:///home/cpadridev/projects/testimonials-grid-section-main/index.html
["INFO" - 4:54:47 PM] Using ignore file (if present) at /home/cpadridev/projects/testimonials-grid-section-main/.prettierignore
["INFO" - 4:54:47 PM] File Info:
{
  "ignored": false,
  "inferredParser": "html"
}
["INFO" - 4:54:47 PM] No local configuration (i.e. .prettierrc or .editorconfig) detected, falling back to VS Code configuration
["INFO" - 4:54:47 PM] Prettier Options:
{
  "arrowParens": "always",
  "bracketSpacing": true,
  "endOfLine": "lf",
  "htmlWhitespaceSensitivity": "css",
  "insertPragma": false,
  "jsxBracketSameLine": false,
  "jsxSingleQuote": false,
  "printWidth": 80,
  "proseWrap": "preserve",
  "quoteProps": "as-needed",
  "requirePragma": false,
  "semi": true,
  "singleQuote": false,
  "tabWidth": 2,
  "trailingComma": "es5",
  "useTabs": false,
  "vueIndentScriptAndStyle": false,
  "filepath": "/home/cpadridev/projects/testimonials-grid-section-main/index.html",
  "parser": "html"
}
["ERROR" - 4:54:47 PM] Error formatting document.
["ERROR" - 4:54:47 PM] Unexpected closing tag "div". It may happen when the tag has already been closed by another tag. For more info see https://www.w3.org/TR/html5/syntax.html#closing-elements-that-have-implied-end-tags (81:15)
  79 |                   </div>
  80 |                 </div>
> 81 |               </div>
     |               ^^^^^^
  82 |               </article>
  83 |             </div>
  84 |             <div class="row">
SyntaxError: Unexpected closing tag "div". It may happen when the tag has already been closed by another tag. For more info see https://www.w3.org/TR/html5/syntax.html#closing-elements-that-have-implied-end-tags (81:15)
  79 |                   </div>
  80 |                 </div>
> 81 |               </div>
     |               ^^^^^^
  82 |               </article>
  83 |             </div>
  84 |             <div class="row">
    at t (/home/cpadridev/.vscode/extensions/esbenp.prettier-vscode-9.5.0/node_modules/prettier/parser-html.js:4:2359)
    at MD (/home/cpadridev/.vscode/extensions/esbenp.prettier-vscode-9.5.0/node_modules/prettier/parser-html.js:36:6425)
    at gs (/home/cpadridev/.vscode/extensions/esbenp.prettier-vscode-9.5.0/node_modules/prettier/parser-html.js:36:7938)
    at Object.parse (/home/cpadridev/.vscode/extensions/esbenp.prettier-vscode-9.5.0/node_modules/prettier/parser-html.js:36:8710)
    at Object.parse (/home/cpadridev/.vscode/extensions/esbenp.prettier-vscode-9.5.0/node_modules/prettier/index.js:7330:23)
    at coreFormat (/home/cpadridev/.vscode/extensions/esbenp.prettier-vscode-9.5.0/node_modules/prettier/index.js:8641:18)
    at formatWithCursor2 (/home/cpadridev/.vscode/extensions/esbenp.prettier-vscode-9.5.0/node_modules/prettier/index.js:8833:18)
    at /home/cpadridev/.vscode/extensions/esbenp.prettier-vscode-9.5.0/node_modules/prettier/index.js:39137:12
    at Object.Success [as format] (/home/cpadridev/.vscode/extensions/esbenp.prettier-vscode-9.5.0/node_modules/prettier/index.js:39151:12)
    at t.default.format (/home/cpadridev/.vscode/extensions/esbenp.prettier-vscode-9.5.0/src/PrettierEditService.ts:463:45)
    at t.PrettierEditProvider.provideEdits (/home/cpadridev/.vscode/extensions/esbenp.prettier-vscode-9.5.0/src/PrettierEditService.ts:322:22)
    at z.provideDocumentFormattingEdits (/opt/visual-studio-code/resources/app/out/vs/workbench/api/node/extensionHostProcess.js:83:105121)
["INFO" - 4:54:47 PM] Formatting completed in 0.072ms.
["INFO" - 4:54:55 PM] Formatting file:///home/cpadridev/projects/testimonials-grid-section-main/index.html
["INFO" - 4:54:55 PM] Using ignore file (if present) at /home/cpadridev/projects/testimonials-grid-section-main/.prettierignore
["INFO" - 4:54:55 PM] File Info:
{
  "ignored": false,
  "inferredParser": "html"
}
["INFO" - 4:54:55 PM] No local configuration (i.e. .prettierrc or .editorconfig) detected, falling back to VS Code configuration
["INFO" - 4:54:55 PM] Prettier Options:
{
  "arrowParens": "always",
  "bracketSpacing": true,
  "endOfLine": "lf",
  "htmlWhitespaceSensitivity": "css",
  "insertPragma": false,
  "jsxBracketSameLine": false,
  "jsxSingleQuote": false,
  "printWidth": 80,
  "proseWrap": "preserve",
  "quoteProps": "as-needed",
  "requirePragma": false,
  "semi": true,
  "singleQuote": false,
  "tabWidth": 2,
  "trailingComma": "es5",
  "useTabs": false,
  "vueIndentScriptAndStyle": false,
  "filepath": "/home/cpadridev/projects/testimonials-grid-section-main/index.html",
  "parser": "html"
}
["ERROR" - 4:54:55 PM] Error formatting document.
["ERROR" - 4:54:55 PM] Unexpected closing tag "div". It may happen when the tag has already been closed by another tag. For more info see https://www.w3.org/TR/html5/syntax.html#closing-elements-that-have-implied-end-tags (81:15)
  79 |                   </div>
  80 |                 </div>
> 81 |               </div>
     |               ^^^^^^
  82 |               </article>
  83 |             </div>
  84 |             <div class="row">
SyntaxError: Unexpected closing tag "div". It may happen when the tag has already been closed by another tag. For more info see https://www.w3.org/TR/html5/syntax.html#closing-elements-that-have-implied-end-tags (81:15)
  79 |                   </div>
  80 |                 </div>
> 81 |               </div>
     |               ^^^^^^
  82 |               </article>
  83 |             </div>
  84 |             <div class="row">
    at t (/home/cpadridev/.vscode/extensions/esbenp.prettier-vscode-9.5.0/node_modules/prettier/parser-html.js:4:2359)
    at MD (/home/cpadridev/.vscode/extensions/esbenp.prettier-vscode-9.5.0/node_modules/prettier/parser-html.js:36:6425)
    at gs (/home/cpadridev/.vscode/extensions/esbenp.prettier-vscode-9.5.0/node_modules/prettier/parser-html.js:36:7938)
    at Object.parse (/home/cpadridev/.vscode/extensions/esbenp.prettier-vscode-9.5.0/node_modules/prettier/parser-html.js:36:8710)
    at Object.parse (/home/cpadridev/.vscode/extensions/esbenp.prettier-vscode-9.5.0/node_modules/prettier/index.js:7330:23)
    at coreFormat (/home/cpadridev/.vscode/extensions/esbenp.prettier-vscode-9.5.0/node_modules/prettier/index.js:8641:18)
    at formatWithCursor2 (/home/cpadridev/.vscode/extensions/esbenp.prettier-vscode-9.5.0/node_modules/prettier/index.js:8833:18)
    at /home/cpadridev/.vscode/extensions/esbenp.prettier-vscode-9.5.0/node_modules/prettier/index.js:39137:12
    at Object.Success [as format] (/home/cpadridev/.vscode/extensions/esbenp.prettier-vscode-9.5.0/node_modules/prettier/index.js:39151:12)
    at t.default.format (/home/cpadridev/.vscode/extensions/esbenp.prettier-vscode-9.5.0/src/PrettierEditService.ts:463:45)
    at t.PrettierEditProvider.provideEdits (/home/cpadridev/.vscode/extensions/esbenp.prettier-vscode-9.5.0/src/PrettierEditService.ts:322:22)
    at z.provideDocumentFormattingEdits (/opt/visual-studio-code/resources/app/out/vs/workbench/api/node/extensionHostProcess.js:83:105121)
["INFO" - 4:54:55 PM] Formatting completed in 0.01ms.
["INFO" - 4:54:56 PM] Formatting file:///home/cpadridev/projects/testimonials-grid-section-main/index.html
["INFO" - 4:54:56 PM] Using ignore file (if present) at /home/cpadridev/projects/testimonials-grid-section-main/.prettierignore
["INFO" - 4:54:56 PM] File Info:
{
  "ignored": false,
  "inferredParser": "html"
}
["INFO" - 4:54:56 PM] No local configuration (i.e. .prettierrc or .editorconfig) detected, falling back to VS Code configuration
["INFO" - 4:54:56 PM] Prettier Options:
{
  "arrowParens": "always",
  "bracketSpacing": true,
  "endOfLine": "lf",
  "htmlWhitespaceSensitivity": "css",
  "insertPragma": false,
  "jsxBracketSameLine": false,
  "jsxSingleQuote": false,
  "printWidth": 80,
  "proseWrap": "preserve",
  "quoteProps": "as-needed",
  "requirePragma": false,
  "semi": true,
  "singleQuote": false,
  "tabWidth": 2,
  "trailingComma": "es5",
  "useTabs": false,
  "vueIndentScriptAndStyle": false,
  "filepath": "/home/cpadridev/projects/testimonials-grid-section-main/index.html",
  "parser": "html"
}
["ERROR" - 4:54:56 PM] Error formatting document.
["ERROR" - 4:54:56 PM] Unexpected closing tag "div". It may happen when the tag has already been closed by another tag. For more info see https://www.w3.org/TR/html5/syntax.html#closing-elements-that-have-implied-end-tags (81:15)
  79 |                   </div>
  80 |                 </div>
> 81 |               </div>
     |               ^^^^^^
  82 |               </article>
  83 |             </div>
  84 |             <div class="row">
SyntaxError: Unexpected closing tag "div". It may happen when the tag has already been closed by another tag. For more info see https://www.w3.org/TR/html5/syntax.html#closing-elements-that-have-implied-end-tags (81:15)
  79 |                   </div>
  80 |                 </div>
> 81 |               </div>
     |               ^^^^^^
  82 |               </article>
  83 |             </div>
  84 |             <div class="row">
    at t (/home/cpadridev/.vscode/extensions/esbenp.prettier-vscode-9.5.0/node_modules/prettier/parser-html.js:4:2359)
    at MD (/home/cpadridev/.vscode/extensions/esbenp.prettier-vscode-9.5.0/node_modules/prettier/parser-html.js:36:6425)
    at gs (/home/cpadridev/.vscode/extensions/esbenp.prettier-vscode-9.5.0/node_modules/prettier/parser-html.js:36:7938)
    at Object.parse (/home/cpadridev/.vscode/extensions/esbenp.prettier-vscode-9.5.0/node_modules/prettier/parser-html.js:36:8710)
    at Object.parse (/home/cpadridev/.vscode/extensions/esbenp.prettier-vscode-9.5.0/node_modules/prettier/index.js:7330:23)
    at coreFormat (/home/cpadridev/.vscode/extensions/esbenp.prettier-vscode-9.5.0/node_modules/prettier/index.js:8641:18)
    at formatWithCursor2 (/home/cpadridev/.vscode/extensions/esbenp.prettier-vscode-9.5.0/node_modules/prettier/index.js:8833:18)
    at /home/cpadridev/.vscode/extensions/esbenp.prettier-vscode-9.5.0/node_modules/prettier/index.js:39137:12
    at Object.Success [as format] (/home/cpadridev/.vscode/extensions/esbenp.prettier-vscode-9.5.0/node_modules/prettier/index.js:39151:12)
    at t.default.format (/home/cpadridev/.vscode/extensions/esbenp.prettier-vscode-9.5.0/src/PrettierEditService.ts:463:45)
    at t.PrettierEditProvider.provideEdits (/home/cpadridev/.vscode/extensions/esbenp.prettier-vscode-9.5.0/src/PrettierEditService.ts:322:22)
    at z.provideDocumentFormattingEdits (/opt/visual-studio-code/resources/app/out/vs/workbench/api/node/extensionHostProcess.js:83:105121)
["INFO" - 4:54:56 PM] Formatting completed in 0.014ms.
["INFO" - 4:54:56 PM] Formatting file:///home/cpadridev/projects/testimonials-grid-section-main/index.html
["INFO" - 4:54:56 PM] Using ignore file (if present) at /home/cpadridev/projects/testimonials-grid-section-main/.prettierignore
["INFO" - 4:54:56 PM] File Info:
{
  "ignored": false,
  "inferredParser": "html"
}
["INFO" - 4:54:56 PM] No local configuration (i.e. .prettierrc or .editorconfig) detected, falling back to VS Code configuration
["INFO" - 4:54:56 PM] Prettier Options:
{
  "arrowParens": "always",
  "bracketSpacing": true,
  "endOfLine": "lf",
  "htmlWhitespaceSensitivity": "css",
  "insertPragma": false,
  "jsxBracketSameLine": false,
  "jsxSingleQuote": false,
  "printWidth": 80,
  "proseWrap": "preserve",
  "quoteProps": "as-needed",
  "requirePragma": false,
  "semi": true,
  "singleQuote": false,
  "tabWidth": 2,
  "trailingComma": "es5",
  "useTabs": false,
  "vueIndentScriptAndStyle": false,
  "filepath": "/home/cpadridev/projects/testimonials-grid-section-main/index.html",
  "parser": "html"
}
["ERROR" - 4:54:56 PM] Error formatting document.
["ERROR" - 4:54:56 PM] Unexpected closing tag "div". It may happen when the tag has already been closed by another tag. For more info see https://www.w3.org/TR/html5/syntax.html#closing-elements-that-have-implied-end-tags (81:15)
  79 |                   </div>
  80 |                 </div>
> 81 |               </div>
     |               ^^^^^^
  82 |               </article>
  83 |             </div>
  84 |             <div class="row">
SyntaxError: Unexpected closing tag "div". It may happen when the tag has already been closed by another tag. For more info see https://www.w3.org/TR/html5/syntax.html#closing-elements-that-have-implied-end-tags (81:15)
  79 |                   </div>
  80 |                 </div>
> 81 |               </div>
     |               ^^^^^^
  82 |               </article>
  83 |             </div>
  84 |             <div class="row">
    at t (/home/cpadridev/.vscode/extensions/esbenp.prettier-vscode-9.5.0/node_modules/prettier/parser-html.js:4:2359)
    at MD (/home/cpadridev/.vscode/extensions/esbenp.prettier-vscode-9.5.0/node_modules/prettier/parser-html.js:36:6425)
    at gs (/home/cpadridev/.vscode/extensions/esbenp.prettier-vscode-9.5.0/node_modules/prettier/parser-html.js:36:7938)
    at Object.parse (/home/cpadridev/.vscode/extensions/esbenp.prettier-vscode-9.5.0/node_modules/prettier/parser-html.js:36:8710)
    at Object.parse (/home/cpadridev/.vscode/extensions/esbenp.prettier-vscode-9.5.0/node_modules/prettier/index.js:7330:23)
    at coreFormat (/home/cpadridev/.vscode/extensions/esbenp.prettier-vscode-9.5.0/node_modules/prettier/index.js:8641:18)
    at formatWithCursor2 (/home/cpadridev/.vscode/extensions/esbenp.prettier-vscode-9.5.0/node_modules/prettier/index.js:8833:18)
    at /home/cpadridev/.vscode/extensions/esbenp.prettier-vscode-9.5.0/node_modules/prettier/index.js:39137:12
    at Object.Success [as format] (/home/cpadridev/.vscode/extensions/esbenp.prettier-vscode-9.5.0/node_modules/prettier/index.js:39151:12)
    at t.default.format (/home/cpadridev/.vscode/extensions/esbenp.prettier-vscode-9.5.0/src/PrettierEditService.ts:463:45)
    at t.PrettierEditProvider.provideEdits (/home/cpadridev/.vscode/extensions/esbenp.prettier-vscode-9.5.0/src/PrettierEditService.ts:322:22)
    at z.provideDocumentFormattingEdits (/opt/visual-studio-code/resources/app/out/vs/workbench/api/node/extensionHostProcess.js:83:105121)
["INFO" - 4:54:56 PM] Formatting completed in 0.02ms.
["INFO" - 4:54:56 PM] Formatting file:///home/cpadridev/projects/testimonials-grid-section-main/index.html
["INFO" - 4:54:56 PM] Using ignore file (if present) at /home/cpadridev/projects/testimonials-grid-section-main/.prettierignore
["INFO" - 4:54:56 PM] File Info:
{
  "ignored": false,
  "inferredParser": "html"
}
["INFO" - 4:54:56 PM] No local configuration (i.e. .prettierrc or .editorconfig) detected, falling back to VS Code configuration
["INFO" - 4:54:56 PM] Prettier Options:
{
  "arrowParens": "always",
  "bracketSpacing": true,
  "endOfLine": "lf",
  "htmlWhitespaceSensitivity": "css",
  "insertPragma": false,
  "jsxBracketSameLine": false,
  "jsxSingleQuote": false,
  "printWidth": 80,
  "proseWrap": "preserve",
  "quoteProps": "as-needed",
  "requirePragma": false,
  "semi": true,
  "singleQuote": false,
  "tabWidth": 2,
  "trailingComma": "es5",
  "useTabs": false,
  "vueIndentScriptAndStyle": false,
  "filepath": "/home/cpadridev/projects/testimonials-grid-section-main/index.html",
  "parser": "html"
}
["ERROR" - 4:54:56 PM] Error formatting document.
["ERROR" - 4:54:56 PM] Unexpected closing tag "div". It may happen when the tag has already been closed by another tag. For more info see https://www.w3.org/TR/html5/syntax.html#closing-elements-that-have-implied-end-tags (81:15)
  79 |                   </div>
  80 |                 </div>
> 81 |               </div>
     |               ^^^^^^
  82 |               </article>
  83 |             </div>
  84 |             <div class="row">
SyntaxError: Unexpected closing tag "div". It may happen when the tag has already been closed by another tag. For more info see https://www.w3.org/TR/html5/syntax.html#closing-elements-that-have-implied-end-tags (81:15)
  79 |                   </div>
  80 |                 </div>
> 81 |               </div>
     |               ^^^^^^
  82 |               </article>
  83 |             </div>
  84 |             <div class="row">
    at t (/home/cpadridev/.vscode/extensions/esbenp.prettier-vscode-9.5.0/node_modules/prettier/parser-html.js:4:2359)
    at MD (/home/cpadridev/.vscode/extensions/esbenp.prettier-vscode-9.5.0/node_modules/prettier/parser-html.js:36:6425)
    at gs (/home/cpadridev/.vscode/extensions/esbenp.prettier-vscode-9.5.0/node_modules/prettier/parser-html.js:36:7938)
    at Object.parse (/home/cpadridev/.vscode/extensions/esbenp.prettier-vscode-9.5.0/node_modules/prettier/parser-html.js:36:8710)
    at Object.parse (/home/cpadridev/.vscode/extensions/esbenp.prettier-vscode-9.5.0/node_modules/prettier/index.js:7330:23)
    at coreFormat (/home/cpadridev/.vscode/extensions/esbenp.prettier-vscode-9.5.0/node_modules/prettier/index.js:8641:18)
    at formatWithCursor2 (/home/cpadridev/.vscode/extensions/esbenp.prettier-vscode-9.5.0/node_modules/prettier/index.js:8833:18)
    at /home/cpadridev/.vscode/extensions/esbenp.prettier-vscode-9.5.0/node_modules/prettier/index.js:39137:12
    at Object.Success [as format] (/home/cpadridev/.vscode/extensions/esbenp.prettier-vscode-9.5.0/node_modules/prettier/index.js:39151:12)
    at t.default.format (/home/cpadridev/.vscode/extensions/esbenp.prettier-vscode-9.5.0/src/PrettierEditService.ts:463:45)
    at t.PrettierEditProvider.provideEdits (/home/cpadridev/.vscode/extensions/esbenp.prettier-vscode-9.5.0/src/PrettierEditService.ts:322:22)
    at z.provideDocumentFormattingEdits (/opt/visual-studio-code/resources/app/out/vs/workbench/api/node/extensionHostProcess.js:83:105121)
["INFO" - 4:54:56 PM] Formatting completed in 0.011ms.
["INFO" - 5:02:35 PM] Formatting file:///home/cpadridev/projects/testimonials-grid-section-main/index.html
["INFO" - 5:02:35 PM] Using ignore file (if present) at /home/cpadridev/projects/testimonials-grid-section-main/.prettierignore
["INFO" - 5:02:35 PM] File Info:
{
  "ignored": false,
  "inferredParser": "html"
}
["INFO" - 5:02:35 PM] No local configuration (i.e. .prettierrc or .editorconfig) detected, falling back to VS Code configuration
["INFO" - 5:02:35 PM] Prettier Options:
{
  "arrowParens": "always",
  "bracketSpacing": true,
  "endOfLine": "lf",
  "htmlWhitespaceSensitivity": "css",
  "insertPragma": false,
  "jsxBracketSameLine": false,
  "jsxSingleQuote": false,
  "printWidth": 80,
  "proseWrap": "preserve",
  "quoteProps": "as-needed",
  "requirePragma": false,
  "semi": true,
  "singleQuote": false,
  "tabWidth": 2,
  "trailingComma": "es5",
  "useTabs": false,
  "vueIndentScriptAndStyle": false,
  "filepath": "/home/cpadridev/projects/testimonials-grid-section-main/index.html",
  "parser": "html"
}
["ERROR" - 5:02:35 PM] Error formatting document.
["ERROR" - 5:02:35 PM] Unexpected closing tag "div". It may happen when the tag has already been closed by another tag. For more info see https://www.w3.org/TR/html5/syntax.html#closing-elements-that-have-implied-end-tags (80:15)
  78 |                   </div>
  79 |                 </div>
> 80 |               </div>
     |               ^^^^^^
  81 |               </article>
  82 |             </div>
  83 |             <div class="row">
SyntaxError: Unexpected closing tag "div". It may happen when the tag has already been closed by another tag. For more info see https://www.w3.org/TR/html5/syntax.html#closing-elements-that-have-implied-end-tags (80:15)
  78 |                   </div>
  79 |                 </div>
> 80 |               </div>
     |               ^^^^^^
  81 |               </article>
  82 |             </div>
  83 |             <div class="row">
    at t (/home/cpadridev/.vscode/extensions/esbenp.prettier-vscode-9.5.0/node_modules/prettier/parser-html.js:4:2359)
    at MD (/home/cpadridev/.vscode/extensions/esbenp.prettier-vscode-9.5.0/node_modules/prettier/parser-html.js:36:6425)
    at gs (/home/cpadridev/.vscode/extensions/esbenp.prettier-vscode-9.5.0/node_modules/prettier/parser-html.js:36:7938)
    at Object.parse (/home/cpadridev/.vscode/extensions/esbenp.prettier-vscode-9.5.0/node_modules/prettier/parser-html.js:36:8710)
    at Object.parse (/home/cpadridev/.vscode/extensions/esbenp.prettier-vscode-9.5.0/node_modules/prettier/index.js:7330:23)
    at coreFormat (/home/cpadridev/.vscode/extensions/esbenp.prettier-vscode-9.5.0/node_modules/prettier/index.js:8641:18)
    at formatWithCursor2 (/home/cpadridev/.vscode/extensions/esbenp.prettier-vscode-9.5.0/node_modules/prettier/index.js:8833:18)
    at /home/cpadridev/.vscode/extensions/esbenp.prettier-vscode-9.5.0/node_modules/prettier/index.js:39137:12
    at Object.Success [as format] (/home/cpadridev/.vscode/extensions/esbenp.prettier-vscode-9.5.0/node_modules/prettier/index.js:39151:12)
    at t.default.format (/home/cpadridev/.vscode/extensions/esbenp.prettier-vscode-9.5.0/src/PrettierEditService.ts:463:45)
    at t.PrettierEditProvider.provideEdits (/home/cpadridev/.vscode/extensions/esbenp.prettier-vscode-9.5.0/src/PrettierEditService.ts:322:22)
    at z.provideDocumentFormattingEdits (/opt/visual-studio-code/resources/app/out/vs/workbench/api/node/extensionHostProcess.js:83:105121)
["INFO" - 5:02:35 PM] Formatting completed in 0.013ms.
["INFO" - 5:02:35 PM] Formatting file:///home/cpadridev/projects/testimonials-grid-section-main/index.html
["INFO" - 5:02:35 PM] Using ignore file (if present) at /home/cpadridev/projects/testimonials-grid-section-main/.prettierignore
["INFO" - 5:02:35 PM] File Info:
{
  "ignored": false,
  "inferredParser": "html"
}
["INFO" - 5:02:35 PM] No local configuration (i.e. .prettierrc or .editorconfig) detected, falling back to VS Code configuration
["INFO" - 5:02:35 PM] Prettier Options:
{
  "arrowParens": "always",
  "bracketSpacing": true,
  "endOfLine": "lf",
  "htmlWhitespaceSensitivity": "css",
  "insertPragma": false,
  "jsxBracketSameLine": false,
  "jsxSingleQuote": false,
  "printWidth": 80,
  "proseWrap": "preserve",
  "quoteProps": "as-needed",
  "requirePragma": false,
  "semi": true,
  "singleQuote": false,
  "tabWidth": 2,
  "trailingComma": "es5",
  "useTabs": false,
  "vueIndentScriptAndStyle": false,
  "filepath": "/home/cpadridev/projects/testimonials-grid-section-main/index.html",
  "parser": "html"
}
["ERROR" - 5:02:35 PM] Error formatting document.
["ERROR" - 5:02:35 PM] Unexpected closing tag "div". It may happen when the tag has already been closed by another tag. For more info see https://www.w3.org/TR/html5/syntax.html#closing-elements-that-have-implied-end-tags (80:15)
  78 |                   </div>
  79 |                 </div>
> 80 |               </div>
     |               ^^^^^^
  81 |               </article>
  82 |             </div>
  83 |             <div class="row">
SyntaxError: Unexpected closing tag "div". It may happen when the tag has already been closed by another tag. For more info see https://www.w3.org/TR/html5/syntax.html#closing-elements-that-have-implied-end-tags (80:15)
  78 |                   </div>
  79 |                 </div>
> 80 |               </div>
     |               ^^^^^^
  81 |               </article>
  82 |             </div>
  83 |             <div class="row">
    at t (/home/cpadridev/.vscode/extensions/esbenp.prettier-vscode-9.5.0/node_modules/prettier/parser-html.js:4:2359)
    at MD (/home/cpadridev/.vscode/extensions/esbenp.prettier-vscode-9.5.0/node_modules/prettier/parser-html.js:36:6425)
    at gs (/home/cpadridev/.vscode/extensions/esbenp.prettier-vscode-9.5.0/node_modules/prettier/parser-html.js:36:7938)
    at Object.parse (/home/cpadridev/.vscode/extensions/esbenp.prettier-vscode-9.5.0/node_modules/prettier/parser-html.js:36:8710)
    at Object.parse (/home/cpadridev/.vscode/extensions/esbenp.prettier-vscode-9.5.0/node_modules/prettier/index.js:7330:23)
    at coreFormat (/home/cpadridev/.vscode/extensions/esbenp.prettier-vscode-9.5.0/node_modules/prettier/index.js:8641:18)
    at formatWithCursor2 (/home/cpadridev/.vscode/extensions/esbenp.prettier-vscode-9.5.0/node_modules/prettier/index.js:8833:18)
    at /home/cpadridev/.vscode/extensions/esbenp.prettier-vscode-9.5.0/node_modules/prettier/index.js:39137:12
    at Object.Success [as format] (/home/cpadridev/.vscode/extensions/esbenp.prettier-vscode-9.5.0/node_modules/prettier/index.js:39151:12)
    at t.default.format (/home/cpadridev/.vscode/extensions/esbenp.prettier-vscode-9.5.0/src/PrettierEditService.ts:463:45)
    at t.PrettierEditProvider.provideEdits (/home/cpadridev/.vscode/extensions/esbenp.prettier-vscode-9.5.0/src/PrettierEditService.ts:322:22)
    at z.provideDocumentFormattingEdits (/opt/visual-studio-code/resources/app/out/vs/workbench/api/node/extensionHostProcess.js:83:105121)
["INFO" - 5:02:35 PM] Formatting completed in 0.008ms.
["INFO" - 5:02:35 PM] Formatting file:///home/cpadridev/projects/testimonials-grid-section-main/index.html
["INFO" - 5:02:35 PM] Using ignore file (if present) at /home/cpadridev/projects/testimonials-grid-section-main/.prettierignore
["INFO" - 5:02:35 PM] File Info:
{
  "ignored": false,
  "inferredParser": "html"
}
["INFO" - 5:02:35 PM] No local configuration (i.e. .prettierrc or .editorconfig) detected, falling back to VS Code configuration
["INFO" - 5:02:35 PM] Prettier Options:
{
  "arrowParens": "always",
  "bracketSpacing": true,
  "endOfLine": "lf",
  "htmlWhitespaceSensitivity": "css",
  "insertPragma": false,
  "jsxBracketSameLine": false,
  "jsxSingleQuote": false,
  "printWidth": 80,
  "proseWrap": "preserve",
  "quoteProps": "as-needed",
  "requirePragma": false,
  "semi": true,
  "singleQuote": false,
  "tabWidth": 2,
  "trailingComma": "es5",
  "useTabs": false,
  "vueIndentScriptAndStyle": false,
  "filepath": "/home/cpadridev/projects/testimonials-grid-section-main/index.html",
  "parser": "html"
}
["ERROR" - 5:02:35 PM] Error formatting document.
["ERROR" - 5:02:35 PM] Unexpected closing tag "div". It may happen when the tag has already been closed by another tag. For more info see https://www.w3.org/TR/html5/syntax.html#closing-elements-that-have-implied-end-tags (80:15)
  78 |                   </div>
  79 |                 </div>
> 80 |               </div>
     |               ^^^^^^
  81 |               </article>
  82 |             </div>
  83 |             <div class="row">
SyntaxError: Unexpected closing tag "div". It may happen when the tag has already been closed by another tag. For more info see https://www.w3.org/TR/html5/syntax.html#closing-elements-that-have-implied-end-tags (80:15)
  78 |                   </div>
  79 |                 </div>
> 80 |               </div>
     |               ^^^^^^
  81 |               </article>
  82 |             </div>
  83 |             <div class="row">
    at t (/home/cpadridev/.vscode/extensions/esbenp.prettier-vscode-9.5.0/node_modules/prettier/parser-html.js:4:2359)
    at MD (/home/cpadridev/.vscode/extensions/esbenp.prettier-vscode-9.5.0/node_modules/prettier/parser-html.js:36:6425)
    at gs (/home/cpadridev/.vscode/extensions/esbenp.prettier-vscode-9.5.0/node_modules/prettier/parser-html.js:36:7938)
    at Object.parse (/home/cpadridev/.vscode/extensions/esbenp.prettier-vscode-9.5.0/node_modules/prettier/parser-html.js:36:8710)
    at Object.parse (/home/cpadridev/.vscode/extensions/esbenp.prettier-vscode-9.5.0/node_modules/prettier/index.js:7330:23)
    at coreFormat (/home/cpadridev/.vscode/extensions/esbenp.prettier-vscode-9.5.0/node_modules/prettier/index.js:8641:18)
    at formatWithCursor2 (/home/cpadridev/.vscode/extensions/esbenp.prettier-vscode-9.5.0/node_modules/prettier/index.js:8833:18)
    at /home/cpadridev/.vscode/extensions/esbenp.prettier-vscode-9.5.0/node_modules/prettier/index.js:39137:12
    at Object.Success [as format] (/home/cpadridev/.vscode/extensions/esbenp.prettier-vscode-9.5.0/node_modules/prettier/index.js:39151:12)
    at t.default.format (/home/cpadridev/.vscode/extensions/esbenp.prettier-vscode-9.5.0/src/PrettierEditService.ts:463:45)
    at t.PrettierEditProvider.provideEdits (/home/cpadridev/.vscode/extensions/esbenp.prettier-vscode-9.5.0/src/PrettierEditService.ts:322:22)
    at z.provideDocumentFormattingEdits (/opt/visual-studio-code/resources/app/out/vs/workbench/api/node/extensionHostProcess.js:83:105121)
["INFO" - 5:02:35 PM] Formatting completed in 0.007ms.
["INFO" - 5:02:35 PM] Formatting file:///home/cpadridev/projects/testimonials-grid-section-main/index.html
["INFO" - 5:02:35 PM] Using ignore file (if present) at /home/cpadridev/projects/testimonials-grid-section-main/.prettierignore
["INFO" - 5:02:35 PM] File Info:
{
  "ignored": false,
  "inferredParser": "html"
}
["INFO" - 5:02:35 PM] No local configuration (i.e. .prettierrc or .editorconfig) detected, falling back to VS Code configuration
["INFO" - 5:02:35 PM] Prettier Options:
{
  "arrowParens": "always",
  "bracketSpacing": true,
  "endOfLine": "lf",
  "htmlWhitespaceSensitivity": "css",
  "insertPragma": false,
  "jsxBracketSameLine": false,
  "jsxSingleQuote": false,
  "printWidth": 80,
  "proseWrap": "preserve",
  "quoteProps": "as-needed",
  "requirePragma": false,
  "semi": true,
  "singleQuote": false,
  "tabWidth": 2,
  "trailingComma": "es5",
  "useTabs": false,
  "vueIndentScriptAndStyle": false,
  "filepath": "/home/cpadridev/projects/testimonials-grid-section-main/index.html",
  "parser": "html"
}
["ERROR" - 5:02:35 PM] Error formatting document.
["ERROR" - 5:02:35 PM] Unexpected closing tag "div". It may happen when the tag has already been closed by another tag. For more info see https://www.w3.org/TR/html5/syntax.html#closing-elements-that-have-implied-end-tags (80:15)
  78 |                   </div>
  79 |                 </div>
> 80 |               </div>
     |               ^^^^^^
  81 |               </article>
  82 |             </div>
  83 |             <div class="row">
SyntaxError: Unexpected closing tag "div". It may happen when the tag has already been closed by another tag. For more info see https://www.w3.org/TR/html5/syntax.html#closing-elements-that-have-implied-end-tags (80:15)
  78 |                   </div>
  79 |                 </div>
> 80 |               </div>
     |               ^^^^^^
  81 |               </article>
  82 |             </div>
  83 |             <div class="row">
    at t (/home/cpadridev/.vscode/extensions/esbenp.prettier-vscode-9.5.0/node_modules/prettier/parser-html.js:4:2359)
    at MD (/home/cpadridev/.vscode/extensions/esbenp.prettier-vscode-9.5.0/node_modules/prettier/parser-html.js:36:6425)
    at gs (/home/cpadridev/.vscode/extensions/esbenp.prettier-vscode-9.5.0/node_modules/prettier/parser-html.js:36:7938)
    at Object.parse (/home/cpadridev/.vscode/extensions/esbenp.prettier-vscode-9.5.0/node_modules/prettier/parser-html.js:36:8710)
    at Object.parse (/home/cpadridev/.vscode/extensions/esbenp.prettier-vscode-9.5.0/node_modules/prettier/index.js:7330:23)
    at coreFormat (/home/cpadridev/.vscode/extensions/esbenp.prettier-vscode-9.5.0/node_modules/prettier/index.js:8641:18)
    at formatWithCursor2 (/home/cpadridev/.vscode/extensions/esbenp.prettier-vscode-9.5.0/node_modules/prettier/index.js:8833:18)
    at /home/cpadridev/.vscode/extensions/esbenp.prettier-vscode-9.5.0/node_modules/prettier/index.js:39137:12
    at Object.Success [as format] (/home/cpadridev/.vscode/extensions/esbenp.prettier-vscode-9.5.0/node_modules/prettier/index.js:39151:12)
    at t.default.format (/home/cpadridev/.vscode/extensions/esbenp.prettier-vscode-9.5.0/src/PrettierEditService.ts:463:45)
    at t.PrettierEditProvider.provideEdits (/home/cpadridev/.vscode/extensions/esbenp.prettier-vscode-9.5.0/src/PrettierEditService.ts:322:22)
    at z.provideDocumentFormattingEdits (/opt/visual-studio-code/resources/app/out/vs/workbench/api/node/extensionHostProcess.js:83:105121)
["INFO" - 5:02:35 PM] Formatting completed in 0.007ms.
["INFO" - 5:02:36 PM] Formatting file:///home/cpadridev/projects/testimonials-grid-section-main/index.html
["INFO" - 5:02:36 PM] Using ignore file (if present) at /home/cpadridev/projects/testimonials-grid-section-main/.prettierignore
["INFO" - 5:02:36 PM] File Info:
{
  "ignored": false,
  "inferredParser": "html"
}
["INFO" - 5:02:36 PM] No local configuration (i.e. .prettierrc or .editorconfig) detected, falling back to VS Code configuration
["INFO" - 5:02:36 PM] Prettier Options:
{
  "arrowParens": "always",
  "bracketSpacing": true,
  "endOfLine": "lf",
  "htmlWhitespaceSensitivity": "css",
  "insertPragma": false,
  "jsxBracketSameLine": false,
  "jsxSingleQuote": false,
  "printWidth": 80,
  "proseWrap": "preserve",
  "quoteProps": "as-needed",
  "requirePragma": false,
  "semi": true,
  "singleQuote": false,
  "tabWidth": 2,
  "trailingComma": "es5",
  "useTabs": false,
  "vueIndentScriptAndStyle": false,
  "filepath": "/home/cpadridev/projects/testimonials-grid-section-main/index.html",
  "parser": "html"
}
["ERROR" - 5:02:36 PM] Error formatting document.
["ERROR" - 5:02:36 PM] Unexpected closing tag "div". It may happen when the tag has already been closed by another tag. For more info see https://www.w3.org/TR/html5/syntax.html#closing-elements-that-have-implied-end-tags (80:15)
  78 |                   </div>
  79 |                 </div>
> 80 |               </div>
     |               ^^^^^^
  81 |               </article>
  82 |             </div>
  83 |             <div class="row">
SyntaxError: Unexpected closing tag "div". It may happen when the tag has already been closed by another tag. For more info see https://www.w3.org/TR/html5/syntax.html#closing-elements-that-have-implied-end-tags (80:15)
  78 |                   </div>
  79 |                 </div>
> 80 |               </div>
     |               ^^^^^^
  81 |               </article>
  82 |             </div>
  83 |             <div class="row">
    at t (/home/cpadridev/.vscode/extensions/esbenp.prettier-vscode-9.5.0/node_modules/prettier/parser-html.js:4:2359)
    at MD (/home/cpadridev/.vscode/extensions/esbenp.prettier-vscode-9.5.0/node_modules/prettier/parser-html.js:36:6425)
    at gs (/home/cpadridev/.vscode/extensions/esbenp.prettier-vscode-9.5.0/node_modules/prettier/parser-html.js:36:7938)
    at Object.parse (/home/cpadridev/.vscode/extensions/esbenp.prettier-vscode-9.5.0/node_modules/prettier/parser-html.js:36:8710)
    at Object.parse (/home/cpadridev/.vscode/extensions/esbenp.prettier-vscode-9.5.0/node_modules/prettier/index.js:7330:23)
    at coreFormat (/home/cpadridev/.vscode/extensions/esbenp.prettier-vscode-9.5.0/node_modules/prettier/index.js:8641:18)
    at formatWithCursor2 (/home/cpadridev/.vscode/extensions/esbenp.prettier-vscode-9.5.0/node_modules/prettier/index.js:8833:18)
    at /home/cpadridev/.vscode/extensions/esbenp.prettier-vscode-9.5.0/node_modules/prettier/index.js:39137:12
    at Object.Success [as format] (/home/cpadridev/.vscode/extensions/esbenp.prettier-vscode-9.5.0/node_modules/prettier/index.js:39151:12)
    at t.default.format (/home/cpadridev/.vscode/extensions/esbenp.prettier-vscode-9.5.0/src/PrettierEditService.ts:463:45)
    at t.PrettierEditProvider.provideEdits (/home/cpadridev/.vscode/extensions/esbenp.prettier-vscode-9.5.0/src/PrettierEditService.ts:322:22)
    at z.provideDocumentFormattingEdits (/opt/visual-studio-code/resources/app/out/vs/workbench/api/node/extensionHostProcess.js:83:105121)
["INFO" - 5:02:36 PM] Formatting completed in 0.006ms.
["INFO" - 5:02:36 PM] Formatting file:///home/cpadridev/projects/testimonials-grid-section-main/index.html
["INFO" - 5:02:36 PM] Using ignore file (if present) at /home/cpadridev/projects/testimonials-grid-section-main/.prettierignore
["INFO" - 5:02:36 PM] File Info:
{
  "ignored": false,
  "inferredParser": "html"
}
["INFO" - 5:02:36 PM] No local configuration (i.e. .prettierrc or .editorconfig) detected, falling back to VS Code configuration
["INFO" - 5:02:36 PM] Prettier Options:
{
  "arrowParens": "always",
  "bracketSpacing": true,
  "endOfLine": "lf",
  "htmlWhitespaceSensitivity": "css",
  "insertPragma": false,
  "jsxBracketSameLine": false,
  "jsxSingleQuote": false,
  "printWidth": 80,
  "proseWrap": "preserve",
  "quoteProps": "as-needed",
  "requirePragma": false,
  "semi": true,
  "singleQuote": false,
  "tabWidth": 2,
  "trailingComma": "es5",
  "useTabs": false,
  "vueIndentScriptAndStyle": false,
  "filepath": "/home/cpadridev/projects/testimonials-grid-section-main/index.html",
  "parser": "html"
}
["ERROR" - 5:02:36 PM] Error formatting document.
["ERROR" - 5:02:36 PM] Unexpected closing tag "div". It may happen when the tag has already been closed by another tag. For more info see https://www.w3.org/TR/html5/syntax.html#closing-elements-that-have-implied-end-tags (80:15)
  78 |                   </div>
  79 |                 </div>
> 80 |               </div>
     |               ^^^^^^
  81 |               </article>
  82 |             </div>
  83 |             <div class="row">
SyntaxError: Unexpected closing tag "div". It may happen when the tag has already been closed by another tag. For more info see https://www.w3.org/TR/html5/syntax.html#closing-elements-that-have-implied-end-tags (80:15)
  78 |                   </div>
  79 |                 </div>
> 80 |               </div>
     |               ^^^^^^
  81 |               </article>
  82 |             </div>
  83 |             <div class="row">
    at t (/home/cpadridev/.vscode/extensions/esbenp.prettier-vscode-9.5.0/node_modules/prettier/parser-html.js:4:2359)
    at MD (/home/cpadridev/.vscode/extensions/esbenp.prettier-vscode-9.5.0/node_modules/prettier/parser-html.js:36:6425)
    at gs (/home/cpadridev/.vscode/extensions/esbenp.prettier-vscode-9.5.0/node_modules/prettier/parser-html.js:36:7938)
    at Object.parse (/home/cpadridev/.vscode/extensions/esbenp.prettier-vscode-9.5.0/node_modules/prettier/parser-html.js:36:8710)
    at Object.parse (/home/cpadridev/.vscode/extensions/esbenp.prettier-vscode-9.5.0/node_modules/prettier/index.js:7330:23)
    at coreFormat (/home/cpadridev/.vscode/extensions/esbenp.prettier-vscode-9.5.0/node_modules/prettier/index.js:8641:18)
    at formatWithCursor2 (/home/cpadridev/.vscode/extensions/esbenp.prettier-vscode-9.5.0/node_modules/prettier/index.js:8833:18)
    at /home/cpadridev/.vscode/extensions/esbenp.prettier-vscode-9.5.0/node_modules/prettier/index.js:39137:12
    at Object.Success [as format] (/home/cpadridev/.vscode/extensions/esbenp.prettier-vscode-9.5.0/node_modules/prettier/index.js:39151:12)
    at t.default.format (/home/cpadridev/.vscode/extensions/esbenp.prettier-vscode-9.5.0/src/PrettierEditService.ts:463:45)
    at t.PrettierEditProvider.provideEdits (/home/cpadridev/.vscode/extensions/esbenp.prettier-vscode-9.5.0/src/PrettierEditService.ts:322:22)
    at z.provideDocumentFormattingEdits (/opt/visual-studio-code/resources/app/out/vs/workbench/api/node/extensionHostProcess.js:83:105121)
["INFO" - 5:02:36 PM] Formatting completed in 0.007ms.
["INFO" - 5:02:36 PM] Formatting file:///home/cpadridev/projects/testimonials-grid-section-main/index.html
["INFO" - 5:02:36 PM] Using ignore file (if present) at /home/cpadridev/projects/testimonials-grid-section-main/.prettierignore
["INFO" - 5:02:36 PM] File Info:
{
  "ignored": false,
  "inferredParser": "html"
}
["INFO" - 5:02:36 PM] No local configuration (i.e. .prettierrc or .editorconfig) detected, falling back to VS Code configuration
["INFO" - 5:02:36 PM] Prettier Options:
{
  "arrowParens": "always",
  "bracketSpacing": true,
  "endOfLine": "lf",
  "htmlWhitespaceSensitivity": "css",
  "insertPragma": false,
  "jsxBracketSameLine": false,
  "jsxSingleQuote": false,
  "printWidth": 80,
  "proseWrap": "preserve",
  "quoteProps": "as-needed",
  "requirePragma": false,
  "semi": true,
  "singleQuote": false,
  "tabWidth": 2,
  "trailingComma": "es5",
  "useTabs": false,
  "vueIndentScriptAndStyle": false,
  "filepath": "/home/cpadridev/projects/testimonials-grid-section-main/index.html",
  "parser": "html"
}
["ERROR" - 5:02:36 PM] Error formatting document.
["ERROR" - 5:02:36 PM] Unexpected closing tag "div". It may happen when the tag has already been closed by another tag. For more info see https://www.w3.org/TR/html5/syntax.html#closing-elements-that-have-implied-end-tags (80:15)
  78 |                   </div>
  79 |                 </div>
> 80 |               </div>
     |               ^^^^^^
  81 |               </article>
  82 |             </div>
  83 |             <div class="row">
SyntaxError: Unexpected closing tag "div". It may happen when the tag has already been closed by another tag. For more info see https://www.w3.org/TR/html5/syntax.html#closing-elements-that-have-implied-end-tags (80:15)
  78 |                   </div>
  79 |                 </div>
> 80 |               </div>
     |               ^^^^^^
  81 |               </article>
  82 |             </div>
  83 |             <div class="row">
    at t (/home/cpadridev/.vscode/extensions/esbenp.prettier-vscode-9.5.0/node_modules/prettier/parser-html.js:4:2359)
    at MD (/home/cpadridev/.vscode/extensions/esbenp.prettier-vscode-9.5.0/node_modules/prettier/parser-html.js:36:6425)
    at gs (/home/cpadridev/.vscode/extensions/esbenp.prettier-vscode-9.5.0/node_modules/prettier/parser-html.js:36:7938)
    at Object.parse (/home/cpadridev/.vscode/extensions/esbenp.prettier-vscode-9.5.0/node_modules/prettier/parser-html.js:36:8710)
    at Object.parse (/home/cpadridev/.vscode/extensions/esbenp.prettier-vscode-9.5.0/node_modules/prettier/index.js:7330:23)
    at coreFormat (/home/cpadridev/.vscode/extensions/esbenp.prettier-vscode-9.5.0/node_modules/prettier/index.js:8641:18)
    at formatWithCursor2 (/home/cpadridev/.vscode/extensions/esbenp.prettier-vscode-9.5.0/node_modules/prettier/index.js:8833:18)
    at /home/cpadridev/.vscode/extensions/esbenp.prettier-vscode-9.5.0/node_modules/prettier/index.js:39137:12
    at Object.Success [as format] (/home/cpadridev/.vscode/extensions/esbenp.prettier-vscode-9.5.0/node_modules/prettier/index.js:39151:12)
    at t.default.format (/home/cpadridev/.vscode/extensions/esbenp.prettier-vscode-9.5.0/src/PrettierEditService.ts:463:45)
    at t.PrettierEditProvider.provideEdits (/home/cpadridev/.vscode/extensions/esbenp.prettier-vscode-9.5.0/src/PrettierEditService.ts:322:22)
    at z.provideDocumentFormattingEdits (/opt/visual-studio-code/resources/app/out/vs/workbench/api/node/extensionHostProcess.js:83:105121)
["INFO" - 5:02:36 PM] Formatting completed in 0.006ms.
["INFO" - 5:02:36 PM] Formatting file:///home/cpadridev/projects/testimonials-grid-section-main/index.html
["INFO" - 5:02:36 PM] Using ignore file (if present) at /home/cpadridev/projects/testimonials-grid-section-main/.prettierignore
["INFO" - 5:02:36 PM] File Info:
{
  "ignored": false,
  "inferredParser": "html"
}
["INFO" - 5:02:36 PM] No local configuration (i.e. .prettierrc or .editorconfig) detected, falling back to VS Code configuration
["INFO" - 5:02:36 PM] Prettier Options:
{
  "arrowParens": "always",
  "bracketSpacing": true,
  "endOfLine": "lf",
  "htmlWhitespaceSensitivity": "css",
  "insertPragma": false,
  "jsxBracketSameLine": false,
  "jsxSingleQuote": false,
  "printWidth": 80,
  "proseWrap": "preserve",
  "quoteProps": "as-needed",
  "requirePragma": false,
  "semi": true,
  "singleQuote": false,
  "tabWidth": 2,
  "trailingComma": "es5",
  "useTabs": false,
  "vueIndentScriptAndStyle": false,
  "filepath": "/home/cpadridev/projects/testimonials-grid-section-main/index.html",
  "parser": "html"
}
["ERROR" - 5:02:36 PM] Error formatting document.
["ERROR" - 5:02:36 PM] Unexpected closing tag "div". It may happen when the tag has already been closed by another tag. For more info see https://www.w3.org/TR/html5/syntax.html#closing-elements-that-have-implied-end-tags (80:15)
  78 |                   </div>
  79 |                 </div>
> 80 |               </div>
     |               ^^^^^^
  81 |               </article>
  82 |             </div>
  83 |             <div class="row">
SyntaxError: Unexpected closing tag "div". It may happen when the tag has already been closed by another tag. For more info see https://www.w3.org/TR/html5/syntax.html#closing-elements-that-have-implied-end-tags (80:15)
  78 |                   </div>
  79 |                 </div>
> 80 |               </div>
     |               ^^^^^^
  81 |               </article>
  82 |             </div>
  83 |             <div class="row">
    at t (/home/cpadridev/.vscode/extensions/esbenp.prettier-vscode-9.5.0/node_modules/prettier/parser-html.js:4:2359)
    at MD (/home/cpadridev/.vscode/extensions/esbenp.prettier-vscode-9.5.0/node_modules/prettier/parser-html.js:36:6425)
    at gs (/home/cpadridev/.vscode/extensions/esbenp.prettier-vscode-9.5.0/node_modules/prettier/parser-html.js:36:7938)
    at Object.parse (/home/cpadridev/.vscode/extensions/esbenp.prettier-vscode-9.5.0/node_modules/prettier/parser-html.js:36:8710)
    at Object.parse (/home/cpadridev/.vscode/extensions/esbenp.prettier-vscode-9.5.0/node_modules/prettier/index.js:7330:23)
    at coreFormat (/home/cpadridev/.vscode/extensions/esbenp.prettier-vscode-9.5.0/node_modules/prettier/index.js:8641:18)
    at formatWithCursor2 (/home/cpadridev/.vscode/extensions/esbenp.prettier-vscode-9.5.0/node_modules/prettier/index.js:8833:18)
    at /home/cpadridev/.vscode/extensions/esbenp.prettier-vscode-9.5.0/node_modules/prettier/index.js:39137:12
    at Object.Success [as format] (/home/cpadridev/.vscode/extensions/esbenp.prettier-vscode-9.5.0/node_modules/prettier/index.js:39151:12)
    at t.default.format (/home/cpadridev/.vscode/extensions/esbenp.prettier-vscode-9.5.0/src/PrettierEditService.ts:463:45)
    at t.PrettierEditProvider.provideEdits (/home/cpadridev/.vscode/extensions/esbenp.prettier-vscode-9.5.0/src/PrettierEditService.ts:322:22)
    at z.provideDocumentFormattingEdits (/opt/visual-studio-code/resources/app/out/vs/workbench/api/node/extensionHostProcess.js:83:105121)
["INFO" - 5:02:36 PM] Formatting completed in 0.006ms.
["INFO" - 5:03:11 PM] Formatting file:///home/cpadridev/projects/testimonials-grid-section-main/index.html
["INFO" - 5:03:11 PM] Using ignore file (if present) at /home/cpadridev/projects/testimonials-grid-section-main/.prettierignore
["INFO" - 5:03:11 PM] File Info:
{
  "ignored": false,
  "inferredParser": "html"
}
["INFO" - 5:03:11 PM] No local configuration (i.e. .prettierrc or .editorconfig) detected, falling back to VS Code configuration
["INFO" - 5:03:11 PM] Prettier Options:
{
  "arrowParens": "always",
  "bracketSpacing": true,
  "endOfLine": "lf",
  "htmlWhitespaceSensitivity": "css",
  "insertPragma": false,
  "jsxBracketSameLine": false,
  "jsxSingleQuote": false,
  "printWidth": 80,
  "proseWrap": "preserve",
  "quoteProps": "as-needed",
  "requirePragma": false,
  "semi": true,
  "singleQuote": false,
  "tabWidth": 2,
  "trailingComma": "es5",
  "useTabs": false,
  "vueIndentScriptAndStyle": false,
  "filepath": "/home/cpadridev/projects/testimonials-grid-section-main/index.html",
  "parser": "html"
}
["INFO" - 5:03:11 PM] Formatting completed in 0.012ms.
["INFO" - 5:03:12 PM] Formatting file:///home/cpadridev/projects/testimonials-grid-section-main/index.html
["INFO" - 5:03:12 PM] Using ignore file (if present) at /home/cpadridev/projects/testimonials-grid-section-main/.prettierignore
["INFO" - 5:03:12 PM] File Info:
{
  "ignored": false,
  "inferredParser": "html"
}
["INFO" - 5:03:12 PM] No local configuration (i.e. .prettierrc or .editorconfig) detected, falling back to VS Code configuration
["INFO" - 5:03:12 PM] Prettier Options:
{
  "arrowParens": "always",
  "bracketSpacing": true,
  "endOfLine": "lf",
  "htmlWhitespaceSensitivity": "css",
  "insertPragma": false,
  "jsxBracketSameLine": false,
  "jsxSingleQuote": false,
  "printWidth": 80,
  "proseWrap": "preserve",
  "quoteProps": "as-needed",
  "requirePragma": false,
  "semi": true,
  "singleQuote": false,
  "tabWidth": 2,
  "trailingComma": "es5",
  "useTabs": false,
  "vueIndentScriptAndStyle": false,
  "filepath": "/home/cpadridev/projects/testimonials-grid-section-main/index.html",
  "parser": "html"
}
["INFO" - 5:03:12 PM] Formatting completed in 0.01ms.
["INFO" - 5:03:12 PM] Formatting file:///home/cpadridev/projects/testimonials-grid-section-main/index.html
["INFO" - 5:03:12 PM] Using ignore file (if present) at /home/cpadridev/projects/testimonials-grid-section-main/.prettierignore
["INFO" - 5:03:12 PM] File Info:
{
  "ignored": false,
  "inferredParser": "html"
}
["INFO" - 5:03:12 PM] No local configuration (i.e. .prettierrc or .editorconfig) detected, falling back to VS Code configuration
["INFO" - 5:03:12 PM] Prettier Options:
{
  "arrowParens": "always",
  "bracketSpacing": true,
  "endOfLine": "lf",
  "htmlWhitespaceSensitivity": "css",
  "insertPragma": false,
  "jsxBracketSameLine": false,
  "jsxSingleQuote": false,
  "printWidth": 80,
  "proseWrap": "preserve",
  "quoteProps": "as-needed",
  "requirePragma": false,
  "semi": true,
  "singleQuote": false,
  "tabWidth": 2,
  "trailingComma": "es5",
  "useTabs": false,
  "vueIndentScriptAndStyle": false,
  "filepath": "/home/cpadridev/projects/testimonials-grid-section-main/index.html",
  "parser": "html"
}
["INFO" - 5:03:12 PM] Formatting completed in 0.005ms.
["INFO" - 5:03:12 PM] Formatting file:///home/cpadridev/projects/testimonials-grid-section-main/index.html
["INFO" - 5:03:12 PM] Using ignore file (if present) at /home/cpadridev/projects/testimonials-grid-section-main/.prettierignore
["INFO" - 5:03:12 PM] File Info:
{
  "ignored": false,
  "inferredParser": "html"
}
["INFO" - 5:03:12 PM] No local configuration (i.e. .prettierrc or .editorconfig) detected, falling back to VS Code configuration
["INFO" - 5:03:12 PM] Prettier Options:
{
  "arrowParens": "always",
  "bracketSpacing": true,
  "endOfLine": "lf",
  "htmlWhitespaceSensitivity": "css",
  "insertPragma": false,
  "jsxBracketSameLine": false,
  "jsxSingleQuote": false,
  "printWidth": 80,
  "proseWrap": "preserve",
  "quoteProps": "as-needed",
  "requirePragma": false,
  "semi": true,
  "singleQuote": false,
  "tabWidth": 2,
  "trailingComma": "es5",
  "useTabs": false,
  "vueIndentScriptAndStyle": false,
  "filepath": "/home/cpadridev/projects/testimonials-grid-section-main/index.html",
  "parser": "html"
}
["INFO" - 5:03:12 PM] Formatting completed in 0.004ms.
["INFO" - 5:04:11 PM] Formatting file:///home/cpadridev/projects/testimonials-grid-section-main/index.html
["INFO" - 5:04:11 PM] Using ignore file (if present) at /home/cpadridev/projects/testimonials-grid-section-main/.prettierignore
["INFO" - 5:04:11 PM] File Info:
{
  "ignored": false,
  "inferredParser": "html"
}
["INFO" - 5:04:11 PM] No local configuration (i.e. .prettierrc or .editorconfig) detected, falling back to VS Code configuration
["INFO" - 5:04:11 PM] Prettier Options:
{
  "arrowParens": "always",
  "bracketSpacing": true,
  "endOfLine": "lf",
  "htmlWhitespaceSensitivity": "css",
  "insertPragma": false,
  "jsxBracketSameLine": false,
  "jsxSingleQuote": false,
  "printWidth": 80,
  "proseWrap": "preserve",
  "quoteProps": "as-needed",
  "requirePragma": false,
  "semi": true,
  "singleQuote": false,
  "tabWidth": 2,
  "trailingComma": "es5",
  "useTabs": false,
  "vueIndentScriptAndStyle": false,
  "filepath": "/home/cpadridev/projects/testimonials-grid-section-main/index.html",
  "parser": "html"
}
["INFO" - 5:04:11 PM] Formatting completed in 0.006ms.
["INFO" - 5:09:38 PM] Formatting file:///home/cpadridev/projects/testimonials-grid-section-main/index.html
["INFO" - 5:09:38 PM] Using ignore file (if present) at /home/cpadridev/projects/testimonials-grid-section-main/.prettierignore
["INFO" - 5:09:38 PM] File Info:
{
  "ignored": false,
  "inferredParser": "html"
}
["INFO" - 5:09:38 PM] No local configuration (i.e. .prettierrc or .editorconfig) detected, falling back to VS Code configuration
["INFO" - 5:09:38 PM] Prettier Options:
{
  "arrowParens": "always",
  "bracketSpacing": true,
  "endOfLine": "lf",
  "htmlWhitespaceSensitivity": "css",
  "insertPragma": false,
  "jsxBracketSameLine": false,
  "jsxSingleQuote": false,
  "printWidth": 80,
  "proseWrap": "preserve",
  "quoteProps": "as-needed",
  "requirePragma": false,
  "semi": true,
  "singleQuote": false,
  "tabWidth": 2,
  "trailingComma": "es5",
  "useTabs": false,
  "vueIndentScriptAndStyle": false,
  "filepath": "/home/cpadridev/projects/testimonials-grid-section-main/index.html",
  "parser": "html"
}
["INFO" - 5:09:38 PM] Formatting completed in 0.012ms.
["INFO" - 5:11:45 PM] Formatting file:///home/cpadridev/projects/testimonials-grid-section-main/index.html
["INFO" - 5:11:45 PM] Using ignore file (if present) at /home/cpadridev/projects/testimonials-grid-section-main/.prettierignore
["INFO" - 5:11:45 PM] File Info:
{
  "ignored": false,
  "inferredParser": "html"
}
["INFO" - 5:11:45 PM] No local configuration (i.e. .prettierrc or .editorconfig) detected, falling back to VS Code configuration
["INFO" - 5:11:45 PM] Prettier Options:
{
  "arrowParens": "always",
  "bracketSpacing": true,
  "endOfLine": "lf",
  "htmlWhitespaceSensitivity": "css",
  "insertPragma": false,
  "jsxBracketSameLine": false,
  "jsxSingleQuote": false,
  "printWidth": 80,
  "proseWrap": "preserve",
  "quoteProps": "as-needed",
  "requirePragma": false,
  "semi": true,
  "singleQuote": false,
  "tabWidth": 2,
  "trailingComma": "es5",
  "useTabs": false,
  "vueIndentScriptAndStyle": false,
  "filepath": "/home/cpadridev/projects/testimonials-grid-section-main/index.html",
  "parser": "html"
}
["INFO" - 5:11:45 PM] Formatting completed in 0.009ms.
