[2022-06-16 17:24:23.043] [main] [info] window#load: attempt to load window (id: 1)
[2022-06-16 17:24:23.050] [main] [info] update#setState idle
[2022-06-16 17:24:23.073] [main] [info] ExtensionHostStarterWorker created
[2022-06-16 17:24:23.757] [main] [info] window#load: window reported ready (id: 1)
[2022-06-16 17:24:23.936] [main] [info] Starting extension host with pid 29825 (fork() took 7 ms).
[2022-06-16 17:24:23.936] [main] [info] ExtensionHostStarterWorker.start() took 72 ms.
[2022-06-16 17:24:53.055] [main] [info] update#setState checking for updates
[2022-06-16 17:24:53.059] [main] [info] update#setState available for download
[2022-06-16 17:33:41.644] [main] [info] window#load: attempt to load window (id: 1)
[2022-06-16 17:33:41.692] [main] [info] Extension host with pid 29825 exited with code: 0, signal: null.
[2022-06-16 17:33:42.194] [main] [info] window#load: window reported ready (id: 1)
[2022-06-16 17:33:42.286] [main] [info] Starting extension host with pid 32323 (fork() took 10 ms).
[2022-06-16 17:33:42.286] [main] [info] ExtensionHostStarterWorker.start() took 10 ms.
[2022-06-16 17:33:43.666] [main] [info] window#load: attempt to load window (id: 1)
[2022-06-16 17:33:43.817] [main] [info] Extension host with pid 32323 exited with code: 0, signal: null.
[2022-06-16 17:33:44.094] [main] [info] window#load: window reported ready (id: 1)
[2022-06-16 17:33:44.256] [main] [info] Starting extension host with pid 32356 (fork() took 10 ms).
[2022-06-16 17:33:44.256] [main] [info] ExtensionHostStarterWorker.start() took 10 ms.
[2022-06-16 17:44:52.620] [main] [info] Enabling inspect port on extension host with pid 32356.
[2022-06-16 19:08:32.011] [main] [info] Waiting for extension host with pid 32356 to exit.
[2022-06-16 19:08:32.066] [main] [info] Extension host with pid 32356 exited with code: 0, signal: null.
