[Info] /home/cpadridev/.ssh/config: ENOENT: no such file or directory, open '/home/cpadridev/.ssh/config'
[Info] Registering git provider
[Info] Looking for git repository
[Info] Found 0 repositories during activation
[Info] Git repository found, initializing review manager and pr tree view.
[Info] Repository file:///home/cpadridev/.cache/yay/lib32-dav1d has been opened
[Info] Review> Validate state in progress
[Info] Review> Validating state...
[Info] No remotes found. The following remotes are missing: origin, upstream
[Info] Repository file:///home/cpadridev/.cache/yay/visual-studio-code-bin has been opened
[Info] Review> Validate state in progress
[Info] Review> Validating state...
[Info] No remotes found. The following remotes are missing: origin, upstream
[Info] No GitHub remotes found
[Info] PullRequestTree> Removing PR #undefined from tree
[Info] No GitHub remotes found
[Info] PullRequestTree> Removing PR #undefined from tree
[Info] Repository file:///home/cpadridev/.cache/yay/yay-git has been opened
[Info] Review> Validate state in progress
[Info] Review> Validating state...
[Info] No remotes found. The following remotes are missing: origin, upstream
[Info] Review> Queuing additional validate state
[Info] Repo state for file:///home/cpadridev/.cache/yay/lib32-dav1d changed.
[Info] Repo file:///home/cpadridev/.cache/yay/lib32-dav1d has already been setup.
[Info] Review> Validating state...
[Info] No GitHub remotes found
[Info] PullRequestTree> Removing PR #undefined from tree
[Info] Review> Queuing additional validate state
[Info] Repo state for file:///home/cpadridev/.cache/yay/visual-studio-code-bin changed.
[Info] Repo file:///home/cpadridev/.cache/yay/visual-studio-code-bin has already been setup.
[Info] Review> Validating state...
[Info] Review> Queuing additional validate state
[Info] Repo state for file:///home/cpadridev/.cache/yay/yay-git changed.
[Info] Repo file:///home/cpadridev/.cache/yay/yay-git has already been setup.
[Info] Review> Validating state...
[Info] No remotes found. The following remotes are missing: origin, upstream
[Info] No GitHub remotes found
[Info] No remotes found. The following remotes are missing: origin, upstream
[Info] Review> no matching pull request metadata found for current branch master
[Info] Review> no matching pull request metadata found on GitHub for current branch master
[Info] PullRequestTree> Removing PR #undefined from tree
[Info] No GitHub remotes found
[Info] No remotes found. The following remotes are missing: origin, upstream
[Info] Review> no matching pull request metadata found for current branch master
[Info] Review> no matching pull request metadata found on GitHub for current branch master
[Info] PullRequestTree> Removing PR #undefined from tree
[Info] No GitHub remotes found
[Info] Review> no matching pull request metadata found for current branch master
[Info] Review> no matching pull request metadata found on GitHub for current branch master
[Info] PullRequestTree> Removing PR #undefined from tree
[Info] Repository file:///home/cpadridev has been opened
[Info] Review> Validate state in progress
[Info] Review> Validating state...
[Info] No remotes found. The following remotes are missing: origin, upstream
[Info] No GitHub remotes found
[Info] PullRequestTree> Removing PR #undefined from tree
