[Info  - 15:33:45.81] Reading sessions from keychain...
[Info  - 15:33:45.105] Getting sessions for user:email...
[Info  - 15:33:45.105] Getting sessions for all scopes...
[Trace  - 15:33:45.106] Token acquired from secret storage.
[Info  - 15:33:45.126] Got stored sessions!
[Trace  - 15:33:45.126] Read the following session from the keychain with the following scopes: read:user
[Trace  - 15:33:45.126] Read the following session from the keychain with the following scopes: read:user repo user:email workflow
[Trace  - 15:33:45.126] Read the following session from the keychain with the following scopes: user:email
[Info  - 15:33:45.126] Got 3 verified sessions.
[Info  - 15:33:45.126] Got 1 sessions for user:email...
[Info  - 15:33:45.126] Got 3 sessions for ...
[Info  - 15:33:45.137] Getting sessions for read:user,repo,user:email,workflow...
[Info  - 15:33:45.137] Got 1 sessions for read:user,repo,user:email,workflow...
[Info  - 15:33:47.664] Getting sessions for read:user...
[Info  - 15:33:47.664] Got 1 sessions for read:user...
[Info  - 15:58:47.992] Getting sessions for read:user...
[Info  - 15:58:47.993] Got 1 sessions for read:user...
[Info  - 16:23:48.315] Getting sessions for read:user...
[Info  - 16:23:48.315] Got 1 sessions for read:user...
[Info  - 16:48:48.652] Getting sessions for read:user...
[Info  - 16:48:48.652] Got 1 sessions for read:user...
