["INFO" - 5:33:47 PM] Extension Name: esbenp.prettier-vscode.
["INFO" - 5:33:47 PM] Extension Version: 9.5.0.
["INFO" - 5:35:19 PM] Formatting file:///home/cpadridev/projects/testimonials-grid-section-main/index.html
["INFO" - 5:35:19 PM] Using ignore file (if present) at /home/cpadridev/projects/testimonials-grid-section-main/.prettierignore
["INFO" - 5:35:19 PM] File Info:
{
  "ignored": false,
  "inferredParser": "html"
}
["INFO" - 5:35:19 PM] No local configuration (i.e. .prettierrc or .editorconfig) detected, falling back to VS Code configuration
["INFO" - 5:35:19 PM] Prettier Options:
{
  "arrowParens": "always",
  "bracketSpacing": true,
  "endOfLine": "lf",
  "htmlWhitespaceSensitivity": "css",
  "insertPragma": false,
  "jsxBracketSameLine": false,
  "jsxSingleQuote": false,
  "printWidth": 80,
  "proseWrap": "preserve",
  "quoteProps": "as-needed",
  "requirePragma": false,
  "semi": true,
  "singleQuote": false,
  "tabWidth": 2,
  "trailingComma": "es5",
  "useTabs": false,
  "vueIndentScriptAndStyle": false,
  "filepath": "/home/cpadridev/projects/testimonials-grid-section-main/index.html",
  "parser": "html"
}
["INFO" - 5:35:19 PM] Formatting completed in 0.03ms.
["INFO" - 5:35:29 PM] Formatting file:///home/cpadridev/projects/testimonials-grid-section-main/index.html
["INFO" - 5:35:29 PM] Using ignore file (if present) at /home/cpadridev/projects/testimonials-grid-section-main/.prettierignore
["INFO" - 5:35:29 PM] File Info:
{
  "ignored": false,
  "inferredParser": "html"
}
["INFO" - 5:35:29 PM] No local configuration (i.e. .prettierrc or .editorconfig) detected, falling back to VS Code configuration
["INFO" - 5:35:29 PM] Prettier Options:
{
  "arrowParens": "always",
  "bracketSpacing": true,
  "endOfLine": "lf",
  "htmlWhitespaceSensitivity": "css",
  "insertPragma": false,
  "jsxBracketSameLine": false,
  "jsxSingleQuote": false,
  "printWidth": 80,
  "proseWrap": "preserve",
  "quoteProps": "as-needed",
  "requirePragma": false,
  "semi": true,
  "singleQuote": false,
  "tabWidth": 2,
  "trailingComma": "es5",
  "useTabs": false,
  "vueIndentScriptAndStyle": false,
  "filepath": "/home/cpadridev/projects/testimonials-grid-section-main/index.html",
  "parser": "html"
}
["INFO" - 5:35:29 PM] Formatting completed in 0.011ms.
["INFO" - 5:37:56 PM] Formatting file:///home/cpadridev/projects/testimonials-grid-section-main/index.html
["INFO" - 5:37:56 PM] Using ignore file (if present) at /home/cpadridev/projects/testimonials-grid-section-main/.prettierignore
["INFO" - 5:37:56 PM] File Info:
{
  "ignored": false,
  "inferredParser": "html"
}
["INFO" - 5:37:56 PM] No local configuration (i.e. .prettierrc or .editorconfig) detected, falling back to VS Code configuration
["INFO" - 5:37:56 PM] Prettier Options:
{
  "arrowParens": "always",
  "bracketSpacing": true,
  "endOfLine": "lf",
  "htmlWhitespaceSensitivity": "css",
  "insertPragma": false,
  "jsxBracketSameLine": false,
  "jsxSingleQuote": false,
  "printWidth": 80,
  "proseWrap": "preserve",
  "quoteProps": "as-needed",
  "requirePragma": false,
  "semi": true,
  "singleQuote": false,
  "tabWidth": 2,
  "trailingComma": "es5",
  "useTabs": false,
  "vueIndentScriptAndStyle": false,
  "filepath": "/home/cpadridev/projects/testimonials-grid-section-main/index.html",
  "parser": "html"
}
["INFO" - 5:37:56 PM] Formatting completed in 0.014ms.
["INFO" - 5:37:56 PM] Formatting file:///home/cpadridev/projects/testimonials-grid-section-main/index.html
["INFO" - 5:37:56 PM] Using ignore file (if present) at /home/cpadridev/projects/testimonials-grid-section-main/.prettierignore
["INFO" - 5:37:56 PM] File Info:
{
  "ignored": false,
  "inferredParser": "html"
}
["INFO" - 5:37:56 PM] No local configuration (i.e. .prettierrc or .editorconfig) detected, falling back to VS Code configuration
["INFO" - 5:37:56 PM] Prettier Options:
{
  "arrowParens": "always",
  "bracketSpacing": true,
  "endOfLine": "lf",
  "htmlWhitespaceSensitivity": "css",
  "insertPragma": false,
  "jsxBracketSameLine": false,
  "jsxSingleQuote": false,
  "printWidth": 80,
  "proseWrap": "preserve",
  "quoteProps": "as-needed",
  "requirePragma": false,
  "semi": true,
  "singleQuote": false,
  "tabWidth": 2,
  "trailingComma": "es5",
  "useTabs": false,
  "vueIndentScriptAndStyle": false,
  "filepath": "/home/cpadridev/projects/testimonials-grid-section-main/index.html",
  "parser": "html"
}
["INFO" - 5:37:56 PM] Formatting completed in 0.006ms.
["INFO" - 5:37:56 PM] Formatting file:///home/cpadridev/projects/testimonials-grid-section-main/index.html
["INFO" - 5:37:56 PM] Using ignore file (if present) at /home/cpadridev/projects/testimonials-grid-section-main/.prettierignore
["INFO" - 5:37:56 PM] File Info:
{
  "ignored": false,
  "inferredParser": "html"
}
["INFO" - 5:37:56 PM] No local configuration (i.e. .prettierrc or .editorconfig) detected, falling back to VS Code configuration
["INFO" - 5:37:56 PM] Prettier Options:
{
  "arrowParens": "always",
  "bracketSpacing": true,
  "endOfLine": "lf",
  "htmlWhitespaceSensitivity": "css",
  "insertPragma": false,
  "jsxBracketSameLine": false,
  "jsxSingleQuote": false,
  "printWidth": 80,
  "proseWrap": "preserve",
  "quoteProps": "as-needed",
  "requirePragma": false,
  "semi": true,
  "singleQuote": false,
  "tabWidth": 2,
  "trailingComma": "es5",
  "useTabs": false,
  "vueIndentScriptAndStyle": false,
  "filepath": "/home/cpadridev/projects/testimonials-grid-section-main/index.html",
  "parser": "html"
}
["INFO" - 5:37:56 PM] Formatting completed in 0.006ms.
["INFO" - 5:37:56 PM] Formatting file:///home/cpadridev/projects/testimonials-grid-section-main/index.html
["INFO" - 5:37:56 PM] Using ignore file (if present) at /home/cpadridev/projects/testimonials-grid-section-main/.prettierignore
["INFO" - 5:37:56 PM] File Info:
{
  "ignored": false,
  "inferredParser": "html"
}
["INFO" - 5:37:56 PM] No local configuration (i.e. .prettierrc or .editorconfig) detected, falling back to VS Code configuration
["INFO" - 5:37:56 PM] Prettier Options:
{
  "arrowParens": "always",
  "bracketSpacing": true,
  "endOfLine": "lf",
  "htmlWhitespaceSensitivity": "css",
  "insertPragma": false,
  "jsxBracketSameLine": false,
  "jsxSingleQuote": false,
  "printWidth": 80,
  "proseWrap": "preserve",
  "quoteProps": "as-needed",
  "requirePragma": false,
  "semi": true,
  "singleQuote": false,
  "tabWidth": 2,
  "trailingComma": "es5",
  "useTabs": false,
  "vueIndentScriptAndStyle": false,
  "filepath": "/home/cpadridev/projects/testimonials-grid-section-main/index.html",
  "parser": "html"
}
["INFO" - 5:37:56 PM] Formatting completed in 0.006ms.
["INFO" - 5:49:41 PM] Formatting file:///home/cpadridev/projects/testimonials-grid-section-main/index.html
["INFO" - 5:49:41 PM] Using ignore file (if present) at /home/cpadridev/projects/testimonials-grid-section-main/.prettierignore
["INFO" - 5:49:41 PM] File Info:
{
  "ignored": false,
  "inferredParser": "html"
}
["INFO" - 5:49:41 PM] No local configuration (i.e. .prettierrc or .editorconfig) detected, falling back to VS Code configuration
["INFO" - 5:49:41 PM] Prettier Options:
{
  "arrowParens": "always",
  "bracketSpacing": true,
  "endOfLine": "lf",
  "htmlWhitespaceSensitivity": "css",
  "insertPragma": false,
  "jsxBracketSameLine": false,
  "jsxSingleQuote": false,
  "printWidth": 80,
  "proseWrap": "preserve",
  "quoteProps": "as-needed",
  "requirePragma": false,
  "semi": true,
  "singleQuote": false,
  "tabWidth": 2,
  "trailingComma": "es5",
  "useTabs": false,
  "vueIndentScriptAndStyle": false,
  "filepath": "/home/cpadridev/projects/testimonials-grid-section-main/index.html",
  "parser": "html"
}
["INFO" - 5:49:41 PM] Formatting completed in 0.021ms.
["INFO" - 5:50:34 PM] Formatting file:///home/cpadridev/projects/testimonials-grid-section-main/index.html
["INFO" - 5:50:34 PM] Using ignore file (if present) at /home/cpadridev/projects/testimonials-grid-section-main/.prettierignore
["INFO" - 5:50:34 PM] File Info:
{
  "ignored": false,
  "inferredParser": "html"
}
["INFO" - 5:50:34 PM] No local configuration (i.e. .prettierrc or .editorconfig) detected, falling back to VS Code configuration
["INFO" - 5:50:34 PM] Prettier Options:
{
  "arrowParens": "always",
  "bracketSpacing": true,
  "endOfLine": "lf",
  "htmlWhitespaceSensitivity": "css",
  "insertPragma": false,
  "jsxBracketSameLine": false,
  "jsxSingleQuote": false,
  "printWidth": 80,
  "proseWrap": "preserve",
  "quoteProps": "as-needed",
  "requirePragma": false,
  "semi": true,
  "singleQuote": false,
  "tabWidth": 2,
  "trailingComma": "es5",
  "useTabs": false,
  "vueIndentScriptAndStyle": false,
  "filepath": "/home/cpadridev/projects/testimonials-grid-section-main/index.html",
  "parser": "html"
}
["INFO" - 5:50:34 PM] Formatting completed in 0.014ms.
["INFO" - 5:51:13 PM] Formatting file:///home/cpadridev/projects/testimonials-grid-section-main/index.html
["INFO" - 5:51:13 PM] Using ignore file (if present) at /home/cpadridev/projects/testimonials-grid-section-main/.prettierignore
["INFO" - 5:51:13 PM] File Info:
{
  "ignored": false,
  "inferredParser": "html"
}
["INFO" - 5:51:13 PM] No local configuration (i.e. .prettierrc or .editorconfig) detected, falling back to VS Code configuration
["INFO" - 5:51:13 PM] Prettier Options:
{
  "arrowParens": "always",
  "bracketSpacing": true,
  "endOfLine": "lf",
  "htmlWhitespaceSensitivity": "css",
  "insertPragma": false,
  "jsxBracketSameLine": false,
  "jsxSingleQuote": false,
  "printWidth": 80,
  "proseWrap": "preserve",
  "quoteProps": "as-needed",
  "requirePragma": false,
  "semi": true,
  "singleQuote": false,
  "tabWidth": 2,
  "trailingComma": "es5",
  "useTabs": false,
  "vueIndentScriptAndStyle": false,
  "filepath": "/home/cpadridev/projects/testimonials-grid-section-main/index.html",
  "parser": "html"
}
["INFO" - 5:51:13 PM] Formatting completed in 0.007ms.
["INFO" - 6:56:32 PM] Formatting file:///home/cpadridev/projects/testimonials-grid-section-main/sass/custom.scss
["INFO" - 6:56:32 PM] Using ignore file (if present) at /home/cpadridev/projects/testimonials-grid-section-main/.prettierignore
["INFO" - 6:56:32 PM] File Info:
{
  "ignored": false,
  "inferredParser": "scss"
}
["INFO" - 6:56:32 PM] No local configuration (i.e. .prettierrc or .editorconfig) detected, falling back to VS Code configuration
["INFO" - 6:56:32 PM] Prettier Options:
{
  "arrowParens": "always",
  "bracketSpacing": true,
  "endOfLine": "lf",
  "htmlWhitespaceSensitivity": "css",
  "insertPragma": false,
  "jsxBracketSameLine": false,
  "jsxSingleQuote": false,
  "printWidth": 80,
  "proseWrap": "preserve",
  "quoteProps": "as-needed",
  "requirePragma": false,
  "semi": true,
  "singleQuote": false,
  "tabWidth": 2,
  "trailingComma": "es5",
  "useTabs": false,
  "vueIndentScriptAndStyle": false,
  "filepath": "/home/cpadridev/projects/testimonials-grid-section-main/sass/custom.scss",
  "parser": "scss"
}
["INFO" - 6:56:32 PM] Formatting completed in 0.025ms.
