Compiling Sass/Scss Files: 
/home/cpadridev/projects/testimonials-grid-section-main/sass/custom.scss
--------------------
Generated :
/home/cpadridev/projects/testimonials-grid-section-main/sass/custom.css
/home/cpadridev/projects/testimonials-grid-section-main/sass/custom.css.map
--------------------
Watching...
--------------------
Not Watching...
--------------------
Compiling Sass/Scss Files: 
/home/cpadridev/projects/testimonials-grid-section-main/sass/custom.scss
--------------------
Generated :
/home/cpadridev/projects/css/custom.css
--------------------
Generated :
/home/cpadridev/projects/css/custom.min.css
--------------------
Watching...
--------------------
Not Watching...
--------------------
Compiling Sass/Scss Files: 
/home/cpadridev/projects/testimonials-grid-section-main/sass/custom.scss
--------------------
Generated :
/home/cpadridev/projects/testimonials-grid-section-main/css/custom.css
--------------------
Generated :
/home/cpadridev/projects/testimonials-grid-section-main/css/custom.min.css
--------------------
Watching...
--------------------
Not Watching...
--------------------
Compiling Sass/Scss Files: 
/home/cpadridev/projects/testimonials-grid-section-main/sass/custom.scss
--------------------
Generated :
/home/cpadridev/projects/testimonials-grid-section-main/sass/custom.css
/home/cpadridev/projects/testimonials-grid-section-main/sass/custom.css.map
--------------------
Watching...
--------------------
Not Watching...
--------------------
Compiling Sass/Scss Files: 
/home/cpadridev/projects/testimonials-grid-section-main/sass/custom.scss
--------------------
Generated :
/home/cpadridev/projects/testimonials-grid-section-main/css/custom.css
/home/cpadridev/projects/testimonials-grid-section-main/css/custom.css.map
--------------------
Watching...
--------------------
Not Watching...
--------------------
Compiling Sass/Scss Files: 
/home/cpadridev/projects/testimonials-grid-section-main/sass/custom.scss
--------------------
Generated :
/home/cpadridev/projects/testimonials-grid-section-main/css/custom.css
/home/cpadridev/projects/testimonials-grid-section-main/css/custom.css.map
--------------------
Watching...
--------------------
Change Detected...
custom.scss
--------------------
Generated :
/home/cpadridev/projects/testimonials-grid-section-main/css/custom.css
/home/cpadridev/projects/testimonials-grid-section-main/css/custom.css.map
--------------------
Watching...
--------------------
Change Detected...
custom.scss
--------------------
Generated :
/home/cpadridev/projects/testimonials-grid-section-main/css/custom.css
/home/cpadridev/projects/testimonials-grid-section-main/css/custom.css.map
--------------------
Watching...
--------------------
Change Detected...
custom.scss
--------------------
Generated :
/home/cpadridev/projects/testimonials-grid-section-main/css/custom.css
/home/cpadridev/projects/testimonials-grid-section-main/css/custom.css.map
--------------------
Watching...
--------------------
Change Detected...
custom.scss
--------------------
Generated :
/home/cpadridev/projects/testimonials-grid-section-main/css/custom.css
/home/cpadridev/projects/testimonials-grid-section-main/css/custom.css.map
--------------------
Watching...
--------------------
Change Detected...
custom.scss
--------------------
Generated :
/home/cpadridev/projects/testimonials-grid-section-main/css/custom.css
/home/cpadridev/projects/testimonials-grid-section-main/css/custom.css.map
--------------------
Watching...
--------------------
Change Detected...
custom.scss
--------------------
Generated :
/home/cpadridev/projects/testimonials-grid-section-main/css/custom.css
/home/cpadridev/projects/testimonials-grid-section-main/css/custom.css.map
--------------------
Watching...
--------------------
Change Detected...
custom.scss
--------------------
Generated :
/home/cpadridev/projects/testimonials-grid-section-main/css/custom.css
/home/cpadridev/projects/testimonials-grid-section-main/css/custom.css.map
--------------------
Watching...
--------------------
Change Detected...
custom.scss
--------------------
Generated :
/home/cpadridev/projects/testimonials-grid-section-main/css/custom.css
/home/cpadridev/projects/testimonials-grid-section-main/css/custom.css.map
--------------------
Watching...
--------------------
Change Detected...
custom.scss
--------------------
Generated :
/home/cpadridev/projects/testimonials-grid-section-main/css/custom.css
/home/cpadridev/projects/testimonials-grid-section-main/css/custom.css.map
--------------------
Watching...
--------------------
Change Detected...
custom.scss
--------------------
Generated :
/home/cpadridev/projects/testimonials-grid-section-main/css/custom.css
/home/cpadridev/projects/testimonials-grid-section-main/css/custom.css.map
--------------------
Watching...
--------------------
Change Detected...
custom.scss
--------------------
Generated :
/home/cpadridev/projects/testimonials-grid-section-main/css/custom.css
/home/cpadridev/projects/testimonials-grid-section-main/css/custom.css.map
--------------------
Watching...
--------------------
Change Detected...
custom.scss
--------------------
Generated :
/home/cpadridev/projects/testimonials-grid-section-main/css/custom.css
/home/cpadridev/projects/testimonials-grid-section-main/css/custom.css.map
--------------------
Watching...
--------------------
Change Detected...
custom.scss
--------------------
Generated :
/home/cpadridev/projects/testimonials-grid-section-main/css/custom.css
/home/cpadridev/projects/testimonials-grid-section-main/css/custom.css.map
--------------------
Watching...
--------------------
Change Detected...
custom.scss
--------------------
Generated :
/home/cpadridev/projects/testimonials-grid-section-main/css/custom.css
/home/cpadridev/projects/testimonials-grid-section-main/css/custom.css.map
--------------------
Watching...
--------------------
Change Detected...
custom.scss
--------------------
Generated :
/home/cpadridev/projects/testimonials-grid-section-main/css/custom.css
/home/cpadridev/projects/testimonials-grid-section-main/css/custom.css.map
--------------------
Watching...
--------------------
Change Detected...
custom.scss
--------------------
Generated :
/home/cpadridev/projects/testimonials-grid-section-main/css/custom.css
/home/cpadridev/projects/testimonials-grid-section-main/css/custom.css.map
--------------------
Watching...
--------------------
Change Detected...
custom.scss
--------------------
Generated :
/home/cpadridev/projects/testimonials-grid-section-main/css/custom.css
/home/cpadridev/projects/testimonials-grid-section-main/css/custom.css.map
--------------------
Watching...
--------------------
Change Detected...
custom.scss
--------------------
Compilation Error
Error: Invalid CSS after "...210, 46%, 95%);": expected 1 selector or at-rule, was "font-size: 13px;"
        on line 11 of sass/home/cpadridev/projects/testimonials-grid-section-main/sass/custom.scss
>> $Light-grayish-blue: hsl(210, 46%, 95%);

   ----------------------------------------^

--------------------
Watching...
--------------------
Change Detected...
custom.scss
--------------------
Generated :
/home/cpadridev/projects/testimonials-grid-section-main/css/custom.css
/home/cpadridev/projects/testimonials-grid-section-main/css/custom.css.map
--------------------
Watching...
--------------------
Change Detected...
custom.scss
--------------------
Generated :
/home/cpadridev/projects/testimonials-grid-section-main/css/custom.css
/home/cpadridev/projects/testimonials-grid-section-main/css/custom.css.map
--------------------
Watching...
--------------------
Change Detected...
custom.scss
--------------------
Generated :
/home/cpadridev/projects/testimonials-grid-section-main/css/custom.css
/home/cpadridev/projects/testimonials-grid-section-main/css/custom.css.map
--------------------
Watching...
--------------------
Change Detected...
custom.scss
--------------------
Generated :
/home/cpadridev/projects/testimonials-grid-section-main/css/custom.css
/home/cpadridev/projects/testimonials-grid-section-main/css/custom.css.map
--------------------
Watching...
--------------------
Change Detected...
custom.scss
--------------------
Generated :
/home/cpadridev/projects/testimonials-grid-section-main/css/custom.css
/home/cpadridev/projects/testimonials-grid-section-main/css/custom.css.map
--------------------
Watching...
--------------------
Change Detected...
custom.scss
--------------------
Generated :
/home/cpadridev/projects/testimonials-grid-section-main/css/custom.css
/home/cpadridev/projects/testimonials-grid-section-main/css/custom.css.map
--------------------
Watching...
--------------------
Change Detected...
custom.scss
--------------------
Generated :
/home/cpadridev/projects/testimonials-grid-section-main/css/custom.css
/home/cpadridev/projects/testimonials-grid-section-main/css/custom.css.map
--------------------
Watching...
--------------------
Change Detected...
custom.scss
--------------------
Generated :
/home/cpadridev/projects/testimonials-grid-section-main/css/custom.css
/home/cpadridev/projects/testimonials-grid-section-main/css/custom.css.map
--------------------
Watching...
--------------------
Change Detected...
custom.scss
--------------------
Generated :
/home/cpadridev/projects/testimonials-grid-section-main/css/custom.css
/home/cpadridev/projects/testimonials-grid-section-main/css/custom.css.map
--------------------
Watching...
--------------------
Change Detected...
custom.scss
--------------------
Generated :
/home/cpadridev/projects/testimonials-grid-section-main/css/custom.css
/home/cpadridev/projects/testimonials-grid-section-main/css/custom.css.map
--------------------
Watching...
--------------------
Change Detected...
custom.scss
--------------------
Generated :
/home/cpadridev/projects/testimonials-grid-section-main/css/custom.css
/home/cpadridev/projects/testimonials-grid-section-main/css/custom.css.map
--------------------
Watching...
--------------------
Change Detected...
custom.scss
--------------------
Generated :
/home/cpadridev/projects/testimonials-grid-section-main/css/custom.css
/home/cpadridev/projects/testimonials-grid-section-main/css/custom.css.map
--------------------
Watching...
--------------------
Change Detected...
custom.scss
--------------------
Generated :
/home/cpadridev/projects/testimonials-grid-section-main/css/custom.css
/home/cpadridev/projects/testimonials-grid-section-main/css/custom.css.map
--------------------
Watching...
--------------------
Change Detected...
custom.scss
--------------------
Generated :
/home/cpadridev/projects/testimonials-grid-section-main/css/custom.css
/home/cpadridev/projects/testimonials-grid-section-main/css/custom.css.map
--------------------
Watching...
--------------------
Change Detected...
custom.scss
--------------------
Generated :
/home/cpadridev/projects/testimonials-grid-section-main/css/custom.css
/home/cpadridev/projects/testimonials-grid-section-main/css/custom.css.map
--------------------
Watching...
--------------------
Change Detected...
custom.scss
--------------------
Generated :
/home/cpadridev/projects/testimonials-grid-section-main/css/custom.css
/home/cpadridev/projects/testimonials-grid-section-main/css/custom.css.map
--------------------
Watching...
--------------------
Change Detected...
custom.scss
--------------------
Generated :
/home/cpadridev/projects/testimonials-grid-section-main/css/custom.css
/home/cpadridev/projects/testimonials-grid-section-main/css/custom.css.map
--------------------
Watching...
--------------------
Change Detected...
custom.scss
--------------------
Generated :
/home/cpadridev/projects/testimonials-grid-section-main/css/custom.css
/home/cpadridev/projects/testimonials-grid-section-main/css/custom.css.map
--------------------
Watching...
--------------------
Change Detected...
custom.scss
--------------------
Change Detected...
custom.scss
--------------------
Change Detected...
custom.scss
--------------------
Generated :
/home/cpadridev/projects/testimonials-grid-section-main/css/custom.css
/home/cpadridev/projects/testimonials-grid-section-main/css/custom.css.map
--------------------
Watching...
--------------------
Generated :
/home/cpadridev/projects/testimonials-grid-section-main/css/custom.css
/home/cpadridev/projects/testimonials-grid-section-main/css/custom.css.map
--------------------
Watching...
--------------------
Generated :
/home/cpadridev/projects/testimonials-grid-section-main/css/custom.css
/home/cpadridev/projects/testimonials-grid-section-main/css/custom.css.map
--------------------
Watching...
--------------------
Change Detected...
custom.scss
--------------------
Change Detected...
custom.scss
--------------------
Change Detected...
custom.scss
--------------------
Change Detected...
custom.scss
--------------------
Generated :
/home/cpadridev/projects/testimonials-grid-section-main/css/custom.css
/home/cpadridev/projects/testimonials-grid-section-main/css/custom.css.map
--------------------
Watching...
--------------------
Change Detected...
custom.scss
--------------------
Generated :
/home/cpadridev/projects/testimonials-grid-section-main/css/custom.css
/home/cpadridev/projects/testimonials-grid-section-main/css/custom.css.map
--------------------
Watching...
--------------------
Change Detected...
custom.scss
--------------------
Generated :
/home/cpadridev/projects/testimonials-grid-section-main/css/custom.css
/home/cpadridev/projects/testimonials-grid-section-main/css/custom.css.map
--------------------
Watching...
--------------------
Generated :
/home/cpadridev/projects/testimonials-grid-section-main/css/custom.css
/home/cpadridev/projects/testimonials-grid-section-main/css/custom.css.map
--------------------
Watching...
--------------------
Generated :
/home/cpadridev/projects/testimonials-grid-section-main/css/custom.css
/home/cpadridev/projects/testimonials-grid-section-main/css/custom.css.map
--------------------
Watching...
--------------------
Generated :
/home/cpadridev/projects/testimonials-grid-section-main/css/custom.css
/home/cpadridev/projects/testimonials-grid-section-main/css/custom.css.map
--------------------
Watching...
--------------------
Change Detected...
custom.scss
--------------------
Generated :
/home/cpadridev/projects/testimonials-grid-section-main/css/custom.css
/home/cpadridev/projects/testimonials-grid-section-main/css/custom.css.map
--------------------
Watching...
--------------------
Change Detected...
custom.scss
--------------------
Generated :
/home/cpadridev/projects/testimonials-grid-section-main/css/custom.css
/home/cpadridev/projects/testimonials-grid-section-main/css/custom.css.map
--------------------
Watching...
--------------------
Change Detected...
custom.scss
--------------------
Generated :
/home/cpadridev/projects/testimonials-grid-section-main/css/custom.css
/home/cpadridev/projects/testimonials-grid-section-main/css/custom.css.map
--------------------
Watching...
--------------------
Change Detected...
custom.scss
--------------------
Generated :
/home/cpadridev/projects/testimonials-grid-section-main/css/custom.css
/home/cpadridev/projects/testimonials-grid-section-main/css/custom.css.map
--------------------
Watching...
--------------------
Change Detected...
custom.scss
--------------------
Generated :
/home/cpadridev/projects/testimonials-grid-section-main/css/custom.css
/home/cpadridev/projects/testimonials-grid-section-main/css/custom.css.map
--------------------
Watching...
--------------------
