[Info  - 4:47:31 PM] (19118) Pylance language server 2022.6.10 (pyright bbc42826) starting
[Info  - 4:47:31 PM] (19118) Server root directory: /home/cpadridev/.vscode/extensions/ms-python.vscode-pylance-2022.6.10/dist
Notebook support: Legacy
[Info  - 4:47:31 PM] (19118) No configuration file found.
[Info  - 4:47:31 PM] (19118) No pyproject.toml file found.
[Info  - 4:47:31 PM] (19118) Setting pythonPath for service "cpadridev": "/bin/python"
[Warn  - 4:47:31 PM] (19118) stubPath /home/cpadridev/typings is not a valid directory.
[Info  - 4:47:31 PM] (19118) Assuming Python version 3.10
[Info  - 4:47:31 PM] (19118) Assuming Python platform Linux
[Info  - 4:47:32 PM] (19118) Searching for source files
[Info  - 4:47:32 PM] (19118) No source files found.
[Info  - 4:47:32 PM] (19118) Background analysis(1) root directory: /home/cpadridev/.vscode/extensions/ms-python.vscode-pylance-2022.6.10/dist
[Info  - 4:47:32 PM] (19118) Background analysis(1) started
[Info  - 4:47:33 PM] (19118) Indexer background runner(2) root directory: /home/cpadridev/.vscode/extensions/ms-python.vscode-pylance-2022.6.10/dist (index)
[Info  - 4:47:33 PM] (19118) Indexing(2) started
[Info  - 4:47:33 PM] (19118) Indexer done(2). indexed 447 files
[Info  - 4:48:18 PM] (19118) Searching for source files
[Info  - 4:48:18 PM] (19118) No source files found.
[Info  - 4:48:37 PM] (19118) Searching for source files
[Info  - 4:48:37 PM] (19118) No source files found.
[Info  - 4:48:48 PM] (19118) Searching for source files
[Info  - 4:48:48 PM] (19118) No source files found.
[Info  - 4:49:04 PM] (19118) Searching for source files
[Info  - 4:49:04 PM] (19118) No source files found.
[Info  - 4:49:12 PM] (19118) Searching for source files
[Info  - 4:49:12 PM] (19118) No source files found.
[Info  - 4:49:22 PM] (19118) Searching for source files
[Info  - 4:49:22 PM] (19118) No source files found.
[Info  - 4:49:35 PM] (19118) Searching for source files
[Info  - 4:49:35 PM] (19118) No source files found.
[Info  - 4:49:54 PM] (19118) Searching for source files
[Info  - 4:49:54 PM] (19118) No source files found.
[Info  - 4:50:04 PM] (19118) Searching for source files
[Info  - 4:50:04 PM] (19118) No source files found.
[Info  - 4:50:51 PM] (19118) Searching for source files
[Info  - 4:50:51 PM] (19118) No source files found.
[Info  - 4:51:18 PM] (19118) Searching for source files
[Info  - 4:51:18 PM] (19118) No source files found.
[Info  - 4:51:38 PM] (19118) Searching for source files
[Info  - 4:51:38 PM] (19118) No source files found.
[Info  - 4:51:51 PM] (19118) Searching for source files
[Info  - 4:51:51 PM] (19118) No source files found.
[Info  - 4:52:03 PM] (19118) Searching for source files
[Info  - 4:52:03 PM] (19118) No source files found.
[Info  - 4:52:30 PM] (19118) Searching for source files
[Info  - 4:52:30 PM] (19118) No source files found.
[Info  - 4:52:53 PM] (19118) Searching for source files
[Info  - 4:52:53 PM] (19118) No source files found.
[Info  - 4:53:21 PM] (19118) Searching for source files
[Info  - 4:53:21 PM] (19118) No source files found.
[Info  - 4:53:25 PM] (19118) Searching for source files
[Info  - 4:53:25 PM] (19118) No source files found.
[Info  - 4:53:26 PM] (19118) Searching for source files
[Info  - 4:53:26 PM] (19118) No source files found.
[Info  - 4:53:26 PM] (19118) Searching for source files
[Info  - 4:53:26 PM] (19118) No source files found.
[Info  - 4:54:28 PM] (19118) Searching for source files
[Info  - 4:54:28 PM] (19118) No source files found.
[Info  - 4:54:39 PM] (19118) Searching for source files
[Info  - 4:54:39 PM] (19118) No source files found.
[Info  - 4:54:52 PM] (19118) Searching for source files
[Info  - 4:54:52 PM] (19118) No source files found.
[Info  - 4:55:01 PM] (19118) Searching for source files
[Info  - 4:55:01 PM] (19118) No source files found.
[Info  - 4:55:10 PM] (19118) Searching for source files
[Info  - 4:55:10 PM] (19118) No source files found.
[Info  - 4:55:25 PM] (19118) Searching for source files
[Info  - 4:55:25 PM] (19118) No source files found.
[Info  - 5:01:48 PM] (19118) Searching for source files
[Info  - 5:01:48 PM] (19118) No source files found.
[Info  - 5:06:02 PM] (19118) Searching for source files
[Info  - 5:06:02 PM] (19118) No source files found.
[Info  - 5:06:20 PM] (19118) Searching for source files
[Info  - 5:06:20 PM] (19118) No source files found.
[Info  - 5:06:25 PM] (19118) Searching for source files
[Info  - 5:06:25 PM] (19118) No source files found.
[Info  - 5:06:26 PM] (19118) Searching for source files
[Info  - 5:06:26 PM] (19118) No source files found.
[Info  - 5:06:27 PM] (19118) Searching for source files
[Info  - 5:06:27 PM] (19118) No source files found.
[Info  - 5:06:27 PM] (19118) Searching for source files
[Info  - 5:06:27 PM] (19118) No source files found.
[Info  - 5:06:34 PM] (19118) Searching for source files
[Info  - 5:06:34 PM] (19118) No source files found.
[Info  - 5:09:08 PM] (19118) Searching for source files
[Info  - 5:09:08 PM] (19118) No source files found.
[Info  - 5:09:56 PM] (19118) Searching for source files
[Info  - 5:09:56 PM] (19118) No source files found.
[Info  - 5:10:26 PM] (19118) Searching for source files
[Info  - 5:10:26 PM] (19118) No source files found.
[Info  - 5:11:05 PM] (19118) Searching for source files
[Info  - 5:11:05 PM] (19118) No source files found.
[Info  - 5:11:16 PM] (19118) Searching for source files
[Info  - 5:11:16 PM] (19118) No source files found.
[Info  - 5:11:22 PM] (19118) Searching for source files
[Info  - 5:11:22 PM] (19118) No source files found.
[Info  - 5:11:30 PM] (19118) Searching for source files
[Info  - 5:11:30 PM] (19118) No source files found.
[Info  - 5:11:41 PM] (19118) Searching for source files
[Info  - 5:11:41 PM] (19118) No source files found.
[Info  - 5:11:50 PM] (19118) Searching for source files
[Info  - 5:11:50 PM] (19118) No source files found.
[Info  - 5:11:57 PM] (19118) Searching for source files
[Info  - 5:11:57 PM] (19118) No source files found.
[Info  - 5:12:18 PM] (19118) Searching for source files
[Info  - 5:12:18 PM] (19118) No source files found.
[Info  - 5:12:30 PM] (19118) Searching for source files
[Info  - 5:12:30 PM] (19118) No source files found.
[Info  - 5:14:23 PM] (19118) Searching for source files
[Info  - 5:14:23 PM] (19118) No source files found.
[Info  - 5:14:39 PM] (19118) Searching for source files
[Info  - 5:14:39 PM] (19118) No source files found.
[Info  - 5:15:01 PM] (19118) Searching for source files
[Info  - 5:15:01 PM] (19118) No source files found.
[Info  - 5:15:23 PM] (19118) Searching for source files
[Info  - 5:15:23 PM] (19118) No source files found.
[Info  - 5:15:42 PM] (19118) Searching for source files
[Info  - 5:15:42 PM] (19118) No source files found.
[Info  - 5:15:47 PM] (19118) Searching for source files
[Info  - 5:15:47 PM] (19118) No source files found.
[Info  - 5:16:21 PM] (19118) Searching for source files
[Info  - 5:16:21 PM] (19118) No source files found.
[Info  - 5:16:40 PM] (19118) Searching for source files
[Info  - 5:16:40 PM] (19118) No source files found.
[Info  - 5:17:15 PM] (19118) Searching for source files
[Info  - 5:17:15 PM] (19118) No source files found.
