[Info  - 5:17:24 PM] (31255) Pylance language server 2022.6.10 (pyright bbc42826) starting
[Info  - 5:17:24 PM] (31255) Server root directory: /home/cpadridev/.vscode/extensions/ms-python.vscode-pylance-2022.6.10/dist
Notebook support: Legacy
[Info  - 5:17:24 PM] (31255) Background analysis(1) root directory: /home/cpadridev/.vscode/extensions/ms-python.vscode-pylance-2022.6.10/dist
[Info  - 5:17:24 PM] (31255) Background analysis(1) started
[Info  - 5:17:24 PM] (31255) No configuration file found.
[Info  - 5:17:24 PM] (31255) No pyproject.toml file found.
[Info  - 5:17:24 PM] (31255) Setting pythonPath for service "cpadridev": "/bin/python"
[Warn  - 5:17:24 PM] (31255) stubPath /home/cpadridev/typings is not a valid directory.
[Info  - 5:17:24 PM] (31255) Assuming Python version 3.10
[Info  - 5:17:24 PM] (31255) Assuming Python platform Linux
[Info  - 5:17:25 PM] (31255) Searching for source files
[Info  - 5:17:25 PM] (31255) No source files found.
[Info  - 5:17:25 PM] (31255) Indexer background runner(2) root directory: /home/cpadridev/.vscode/extensions/ms-python.vscode-pylance-2022.6.10/dist (index)
[Info  - 5:17:25 PM] (31255) Indexing(2) started
[Info  - 5:17:25 PM] (31255) Indexer done(2). indexed 447 files
[Info  - 5:19:18 PM] (31255) Searching for source files
[Info  - 5:19:18 PM] (31255) No source files found.
[Info  - 5:19:19 PM] (31255) Searching for source files
[Info  - 5:19:19 PM] (31255) No source files found.
[Info  - 5:19:20 PM] (31255) Searching for source files
[Info  - 5:19:20 PM] (31255) No source files found.
[Info  - 5:19:21 PM] (31255) Searching for source files
[Info  - 5:19:21 PM] (31255) No source files found.
[Info  - 5:19:26 PM] (31255) Searching for source files
[Info  - 5:19:26 PM] (31255) No source files found.
[Info  - 5:19:29 PM] (31255) Searching for source files
[Info  - 5:19:29 PM] (31255) No source files found.
[Info  - 5:19:30 PM] (31255) Searching for source files
[Info  - 5:19:30 PM] (31255) No source files found.
