[2022-06-16 15:20:14.319] [main] [info] window#load: attempt to load window (id: 1)
[2022-06-16 15:20:14.327] [main] [info] update#setState idle
[2022-06-16 15:20:14.350] [main] [info] ExtensionHostStarterWorker created
[2022-06-16 15:20:15.041] [main] [info] window#load: window reported ready (id: 1)
[2022-06-16 15:20:15.143] [main] [info] Starting extension host with pid 8820 (fork() took 8 ms).
[2022-06-16 15:20:15.143] [main] [info] ExtensionHostStarterWorker.start() took 9 ms.
[2022-06-16 15:20:22.987] [main] [info] window#load: attempt to load window (id: 1)
[2022-06-16 15:20:23.044] [main] [info] Extension host with pid 8820 exited with code: 0, signal: null.
[2022-06-16 15:20:23.405] [main] [info] window#load: window reported ready (id: 1)
[2022-06-16 15:20:23.561] [main] [info] Starting extension host with pid 8993 (fork() took 7 ms).
[2022-06-16 15:20:23.561] [main] [info] ExtensionHostStarterWorker.start() took 11 ms.
[2022-06-16 15:20:44.333] [main] [info] update#setState checking for updates
[2022-06-16 15:20:44.336] [main] [info] update#setState available for download
[2022-06-16 15:21:00.014] [main] [info] window#load: attempt to load window (id: 1)
[2022-06-16 15:21:00.038] [main] [info] Extension host with pid 8993 exited with code: 0, signal: null.
[2022-06-16 15:21:00.563] [main] [info] window#load: window reported ready (id: 1)
[2022-06-16 15:21:00.696] [main] [info] Starting extension host with pid 9091 (fork() took 8 ms).
[2022-06-16 15:21:00.696] [main] [info] ExtensionHostStarterWorker.start() took 8 ms.
[2022-06-16 15:21:35.965] [main] [info] update#setState idle
[2022-06-16 15:21:45.576] [main] [info] update#setState checking for updates
[2022-06-16 15:21:45.581] [main] [info] update#setState available for download
[2022-06-16 15:33:17.928] [main] [info] window#load: attempt to load window (id: 1)
[2022-06-16 15:33:17.948] [main] [info] Extension host with pid 9091 exited with code: 0, signal: null.
[2022-06-16 15:33:18.406] [main] [info] window#load: window reported ready (id: 1)
[2022-06-16 15:33:18.518] [main] [info] Starting extension host with pid 11464 (fork() took 8 ms).
[2022-06-16 15:33:18.518] [main] [info] ExtensionHostStarterWorker.start() took 9 ms.
[2022-06-16 15:33:34.378] [main] [info] window#load: attempt to load window (id: 1)
[2022-06-16 15:33:34.398] [main] [info] Extension host with pid 11464 exited with code: 0, signal: null.
[2022-06-16 15:33:34.774] [main] [info] window#load: window reported ready (id: 1)
[2022-06-16 15:33:34.965] [main] [info] Starting extension host with pid 11523 (fork() took 8 ms).
[2022-06-16 15:33:34.965] [main] [info] ExtensionHostStarterWorker.start() took 9 ms.
[2022-06-16 15:33:38.387] [main] [info] update#setState idle
[2022-06-16 15:35:46.079] [main] [info] Waiting for extension host with pid 11523 to exit.
[2022-06-16 15:35:46.102] [main] [info] Extension host with pid 11523 exited with code: 0, signal: null.
