[Info  - 13:35:53.92] Reading sessions from keychain...
[Info  - 13:35:53.111] Getting sessions for user:email...
[Trace  - 13:35:53.111] Token acquired from secret storage.
[Info  - 13:35:53.116] Got stored sessions!
[Trace  - 13:35:53.116] Read the following session from the keychain with the following scopes: read:user
[Trace  - 13:35:53.116] Read the following session from the keychain with the following scopes: read:user repo user:email workflow
[Trace  - 13:35:53.116] Read the following session from the keychain with the following scopes: user:email
[Info  - 13:35:53.116] Got 3 verified sessions.
[Info  - 13:35:53.116] Got 1 sessions for user:email...
[Info  - 13:35:53.127] Getting sessions for all scopes...
[Info  - 13:35:53.127] Got 3 sessions for ...
[Info  - 13:35:53.137] Getting sessions for read:user,repo,user:email,workflow...
[Info  - 13:35:53.137] Got 1 sessions for read:user,repo,user:email,workflow...
[Info  - 13:35:55.54] Getting sessions for read:user...
[Info  - 13:35:55.54] Got 1 sessions for read:user...
[Info  - 14:00:55.384] Getting sessions for read:user...
[Info  - 14:00:55.384] Got 1 sessions for read:user...
[Info  - 14:25:55.698] Getting sessions for read:user...
[Info  - 14:25:55.698] Got 1 sessions for read:user...
[Info  - 14:50:56.19] Getting sessions for read:user...
[Info  - 14:50:56.19] Got 1 sessions for read:user...
