[2022-06-16T15:24:25.266Z] Validating found git in: git
[2022-06-16T15:24:25.295Z] Using git 2.36.1 from git
[2022-06-16T15:24:25.309Z] > git rev-parse --show-toplevel [5ms]
[2022-06-16T15:24:25.309Z] fatal: not a git repository (or any parent up to mount point /)
Stopping at filesystem boundary (GIT_DISCOVERY_ACROSS_FILESYSTEM not set).
[2022-06-16T15:24:25.319Z] > git rev-parse --show-toplevel [1ms]
[2022-06-16T15:24:25.319Z] fatal: not a git repository (or any parent up to mount point /)
Stopping at filesystem boundary (GIT_DISCOVERY_ACROSS_FILESYSTEM not set).
[2022-06-16T15:24:26.209Z] > git rev-parse --show-toplevel [882ms]
[2022-06-16T15:24:26.209Z] fatal: not a git repository (or any parent up to mount point /)
Stopping at filesystem boundary (GIT_DISCOVERY_ACROSS_FILESYSTEM not set).
[2022-06-16T15:24:26.247Z] > git rev-parse --show-toplevel [26ms]
[2022-06-16T15:24:26.247Z] fatal: not a git repository (or any parent up to mount point /)
Stopping at filesystem boundary (GIT_DISCOVERY_ACROSS_FILESYSTEM not set).
[2022-06-16T15:24:26.276Z] > git rev-parse --show-toplevel [17ms]
[2022-06-16T15:24:26.276Z] fatal: not a git repository (or any parent up to mount point /)
Stopping at filesystem boundary (GIT_DISCOVERY_ACROSS_FILESYSTEM not set).
[2022-06-16T15:24:26.291Z] > git rev-parse --show-toplevel [3ms]
[2022-06-16T15:24:26.291Z] fatal: not a git repository (or any parent up to mount point /)
Stopping at filesystem boundary (GIT_DISCOVERY_ACROSS_FILESYSTEM not set).
[2022-06-16T15:24:26.314Z] > git rev-parse --show-toplevel [11ms]
[2022-06-16T15:24:26.314Z] fatal: not a git repository (or any parent up to mount point /)
Stopping at filesystem boundary (GIT_DISCOVERY_ACROSS_FILESYSTEM not set).
[2022-06-16T15:25:43.369Z] > git rev-parse --show-toplevel [4ms]
[2022-06-16T15:25:43.369Z] fatal: not a git repository (or any parent up to mount point /)
Stopping at filesystem boundary (GIT_DISCOVERY_ACROSS_FILESYSTEM not set).
[2022-06-16T15:26:20.858Z] > git rev-parse --show-toplevel [3ms]
[2022-06-16T15:26:20.858Z] fatal: not a git repository (or any parent up to mount point /)
Stopping at filesystem boundary (GIT_DISCOVERY_ACROSS_FILESYSTEM not set).
[2022-06-16T15:26:22.310Z] > git rev-parse --show-toplevel [3ms]
[2022-06-16T15:26:22.310Z] fatal: not a git repository (or any parent up to mount point /)
Stopping at filesystem boundary (GIT_DISCOVERY_ACROSS_FILESYSTEM not set).
[2022-06-16T15:28:44.103Z] > git rev-parse --show-toplevel [4ms]
[2022-06-16T15:28:44.103Z] fatal: not a git repository (or any parent up to mount point /)
Stopping at filesystem boundary (GIT_DISCOVERY_ACROSS_FILESYSTEM not set).
[2022-06-16T15:28:45.005Z] > git rev-parse --show-toplevel [3ms]
[2022-06-16T15:28:45.005Z] fatal: not a git repository (or any parent up to mount point /)
Stopping at filesystem boundary (GIT_DISCOVERY_ACROSS_FILESYSTEM not set).
[2022-06-16T15:29:34.273Z] > git rev-parse --show-toplevel [3ms]
[2022-06-16T15:29:34.273Z] fatal: not a git repository (or any parent up to mount point /)
Stopping at filesystem boundary (GIT_DISCOVERY_ACROSS_FILESYSTEM not set).
[2022-06-16T15:30:16.368Z] > git rev-parse --show-toplevel [1ms]
[2022-06-16T15:30:16.368Z] fatal: not a git repository (or any parent up to mount point /)
Stopping at filesystem boundary (GIT_DISCOVERY_ACROSS_FILESYSTEM not set).
[2022-06-16T15:30:21.559Z] > git rev-parse --show-toplevel [7ms]
[2022-06-16T15:30:21.559Z] fatal: not a git repository (or any parent up to mount point /)
Stopping at filesystem boundary (GIT_DISCOVERY_ACROSS_FILESYSTEM not set).
[2022-06-16T15:31:02.078Z] > git rev-parse --show-toplevel [2ms]
[2022-06-16T15:31:02.078Z] fatal: not a git repository (or any parent up to mount point /)
Stopping at filesystem boundary (GIT_DISCOVERY_ACROSS_FILESYSTEM not set).
[2022-06-16T15:31:03.272Z] > git rev-parse --show-toplevel [10ms]
[2022-06-16T15:31:03.272Z] fatal: not a git repository (or any parent up to mount point /)
Stopping at filesystem boundary (GIT_DISCOVERY_ACROSS_FILESYSTEM not set).
[2022-06-16T15:31:05.666Z] > git rev-parse --show-toplevel [7ms]
[2022-06-16T15:31:05.666Z] fatal: not a git repository (or any parent up to mount point /)
Stopping at filesystem boundary (GIT_DISCOVERY_ACROSS_FILESYSTEM not set).
[2022-06-16T15:33:08.373Z] > git rev-parse --show-toplevel [2ms]
[2022-06-16T15:33:08.373Z] fatal: not a git repository (or any parent up to mount point /)
Stopping at filesystem boundary (GIT_DISCOVERY_ACROSS_FILESYSTEM not set).
