["INFO" - 5:24:28 PM] Extension Name: esbenp.prettier-vscode.
["INFO" - 5:24:28 PM] Extension Version: 9.5.0.
["INFO" - 5:25:07 PM] Formatting file:///home/cpadridev/projects/testimonials-grid-section-main/index.html
["INFO" - 5:25:07 PM] Using ignore file (if present) at /home/cpadridev/projects/testimonials-grid-section-main/.prettierignore
["INFO" - 5:25:07 PM] File Info:
{
  "ignored": false,
  "inferredParser": "html"
}
["INFO" - 5:25:07 PM] No local configuration (i.e. .prettierrc or .editorconfig) detected, falling back to VS Code configuration
["INFO" - 5:25:07 PM] Prettier Options:
{
  "arrowParens": "always",
  "bracketSpacing": true,
  "endOfLine": "lf",
  "htmlWhitespaceSensitivity": "css",
  "insertPragma": false,
  "jsxBracketSameLine": false,
  "jsxSingleQuote": false,
  "printWidth": 80,
  "proseWrap": "preserve",
  "quoteProps": "as-needed",
  "requirePragma": false,
  "semi": true,
  "singleQuote": false,
  "tabWidth": 2,
  "trailingComma": "es5",
  "useTabs": false,
  "vueIndentScriptAndStyle": false,
  "filepath": "/home/cpadridev/projects/testimonials-grid-section-main/index.html",
  "parser": "html"
}
["INFO" - 5:25:07 PM] Formatting completed in 0.032ms.
["INFO" - 5:25:24 PM] Formatting file:///home/cpadridev/projects/testimonials-grid-section-main/index.html
["INFO" - 5:25:24 PM] Using ignore file (if present) at /home/cpadridev/projects/testimonials-grid-section-main/.prettierignore
["INFO" - 5:25:24 PM] File Info:
{
  "ignored": false,
  "inferredParser": "html"
}
["INFO" - 5:25:24 PM] No local configuration (i.e. .prettierrc or .editorconfig) detected, falling back to VS Code configuration
["INFO" - 5:25:24 PM] Prettier Options:
{
  "arrowParens": "always",
  "bracketSpacing": true,
  "endOfLine": "lf",
  "htmlWhitespaceSensitivity": "css",
  "insertPragma": false,
  "jsxBracketSameLine": false,
  "jsxSingleQuote": false,
  "printWidth": 80,
  "proseWrap": "preserve",
  "quoteProps": "as-needed",
  "requirePragma": false,
  "semi": true,
  "singleQuote": false,
  "tabWidth": 2,
  "trailingComma": "es5",
  "useTabs": false,
  "vueIndentScriptAndStyle": false,
  "filepath": "/home/cpadridev/projects/testimonials-grid-section-main/index.html",
  "parser": "html"
}
["INFO" - 5:25:24 PM] Formatting completed in 0.009ms.
["INFO" - 5:26:46 PM] Formatting file:///home/cpadridev/projects/testimonials-grid-section-main/index.html
["INFO" - 5:26:46 PM] Using ignore file (if present) at /home/cpadridev/projects/testimonials-grid-section-main/.prettierignore
["INFO" - 5:26:46 PM] File Info:
{
  "ignored": false,
  "inferredParser": "html"
}
["INFO" - 5:26:46 PM] No local configuration (i.e. .prettierrc or .editorconfig) detected, falling back to VS Code configuration
["INFO" - 5:26:46 PM] Prettier Options:
{
  "arrowParens": "always",
  "bracketSpacing": true,
  "endOfLine": "lf",
  "htmlWhitespaceSensitivity": "css",
  "insertPragma": false,
  "jsxBracketSameLine": false,
  "jsxSingleQuote": false,
  "printWidth": 80,
  "proseWrap": "preserve",
  "quoteProps": "as-needed",
  "requirePragma": false,
  "semi": true,
  "singleQuote": false,
  "tabWidth": 2,
  "trailingComma": "es5",
  "useTabs": false,
  "vueIndentScriptAndStyle": false,
  "filepath": "/home/cpadridev/projects/testimonials-grid-section-main/index.html",
  "parser": "html"
}
["INFO" - 5:26:46 PM] Formatting completed in 0.011ms.
