[2022-06-16 15:35:51.574] [renderer1] [critical] Extension 'ms-vsliveshare.vsliveshare' wants API proposal 'notebookDocumentEvents' but that proposal DOES NOT EXIST. Likely, the proposal has been finalized (check 'vscode.d.ts') or was abandoned.
[2022-06-16 15:35:51.636] [renderer1] [info] [GitHub.vscode-pull-request-github]: `remoteHub/pullRequest` is not a valid menu identifier
[2022-06-16 15:35:52.273] [renderer1] [error] [Extension Host] (node:15693) [DEP0005] DeprecationWarning: Buffer() is deprecated due to security and usability issues. Please use the Buffer.alloc(), Buffer.allocUnsafe(), or Buffer.from() methods instead.
(Use `code --trace-deprecation ...` to show where the warning was created)
[2022-06-16 16:30:06.389] [renderer1] [error] Cannot read properties of undefined (reading 'find'): TypeError: Cannot read properties of undefined (reading 'find')
    at t.DefaultCompletionItemProvider.provideCompletionItemsInternal (/opt/visual-studio-code/resources/app/extensions/emmet/dist/node/emmetNodeMain.js:1:187362)
    at t.DefaultCompletionItemProvider.provideCompletionItems (/opt/visual-studio-code/resources/app/extensions/emmet/dist/node/emmetNodeMain.js:1:185715)
    at Q.provideCompletionItems (/opt/visual-studio-code/resources/app/out/vs/workbench/api/node/extensionHostProcess.js:83:111153)
    at /opt/visual-studio-code/resources/app/out/vs/workbench/api/node/extensionHostProcess.js:83:135870
    at we._withAdapter (/opt/visual-studio-code/resources/app/out/vs/workbench/api/node/extensionHostProcess.js:83:126001)
    at we.$provideCompletionItems (/opt/visual-studio-code/resources/app/out/vs/workbench/api/node/extensionHostProcess.js:83:135846)
    at s._doInvokeHandler (/opt/visual-studio-code/resources/app/out/vs/workbench/api/node/extensionHostProcess.js:86:13828)
    at s._invokeHandler (/opt/visual-studio-code/resources/app/out/vs/workbench/api/node/extensionHostProcess.js:86:13512)
    at s._receiveRequest (/opt/visual-studio-code/resources/app/out/vs/workbench/api/node/extensionHostProcess.js:86:12121)
    at s._receiveOneMessage (/opt/visual-studio-code/resources/app/out/vs/workbench/api/node/extensionHostProcess.js:86:10843)
    at /opt/visual-studio-code/resources/app/out/vs/workbench/api/node/extensionHostProcess.js:86:8949
    at m.invoke (/opt/visual-studio-code/resources/app/out/vs/workbench/api/node/extensionHostProcess.js:58:145)
    at E.deliver (/opt/visual-studio-code/resources/app/out/vs/workbench/api/node/extensionHostProcess.js:58:2265)
    at v.fire (/opt/visual-studio-code/resources/app/out/vs/workbench/api/node/extensionHostProcess.js:58:1843)
    at l.fire (/opt/visual-studio-code/resources/app/out/vs/workbench/api/node/extensionHostProcess.js:66:19001)
    at /opt/visual-studio-code/resources/app/out/vs/workbench/api/node/extensionHostProcess.js:102:34426
    at m.invoke (/opt/visual-studio-code/resources/app/out/vs/workbench/api/node/extensionHostProcess.js:58:145)
    at E.deliver (/opt/visual-studio-code/resources/app/out/vs/workbench/api/node/extensionHostProcess.js:58:2265)
    at v.fire (/opt/visual-studio-code/resources/app/out/vs/workbench/api/node/extensionHostProcess.js:58:1843)
    at l.fire (/opt/visual-studio-code/resources/app/out/vs/workbench/api/node/extensionHostProcess.js:66:19001)
    at r._receiveMessage (/opt/visual-studio-code/resources/app/out/vs/workbench/api/node/extensionHostProcess.js:66:23582)
    at /opt/visual-studio-code/resources/app/out/vs/workbench/api/node/extensionHostProcess.js:66:21116
    at m.invoke (/opt/visual-studio-code/resources/app/out/vs/workbench/api/node/extensionHostProcess.js:58:145)
    at E.deliver (/opt/visual-studio-code/resources/app/out/vs/workbench/api/node/extensionHostProcess.js:58:2265)
    at v.fire (/opt/visual-studio-code/resources/app/out/vs/workbench/api/node/extensionHostProcess.js:58:1843)
    at v.acceptChunk (/opt/visual-studio-code/resources/app/out/vs/workbench/api/node/extensionHostProcess.js:66:15832)
    at /opt/visual-studio-code/resources/app/out/vs/workbench/api/node/extensionHostProcess.js:66:14962
    at Socket.R (/opt/visual-studio-code/resources/app/out/vs/workbench/api/node/extensionHostProcess.js:102:13798)
    at Socket.emit (node:events:390:28)
    at addChunk (node:internal/streams/readable:315:12)
    at readableAddChunk (node:internal/streams/readable:289:9)
    at Socket.Readable.push (node:internal/streams/readable:228:10)
    at Pipe.onStreamRead (node:internal/stream_base_commons:199:23)
[2022-06-16 16:30:07.823] [renderer1] [error] Cannot read properties of undefined (reading 'find'): TypeError: Cannot read properties of undefined (reading 'find')
    at t.DefaultCompletionItemProvider.provideCompletionItemsInternal (/opt/visual-studio-code/resources/app/extensions/emmet/dist/node/emmetNodeMain.js:1:187362)
    at t.DefaultCompletionItemProvider.provideCompletionItems (/opt/visual-studio-code/resources/app/extensions/emmet/dist/node/emmetNodeMain.js:1:185715)
    at Q.provideCompletionItems (/opt/visual-studio-code/resources/app/out/vs/workbench/api/node/extensionHostProcess.js:83:111153)
    at /opt/visual-studio-code/resources/app/out/vs/workbench/api/node/extensionHostProcess.js:83:135870
    at we._withAdapter (/opt/visual-studio-code/resources/app/out/vs/workbench/api/node/extensionHostProcess.js:83:126001)
    at we.$provideCompletionItems (/opt/visual-studio-code/resources/app/out/vs/workbench/api/node/extensionHostProcess.js:83:135846)
    at s._doInvokeHandler (/opt/visual-studio-code/resources/app/out/vs/workbench/api/node/extensionHostProcess.js:86:13828)
    at s._invokeHandler (/opt/visual-studio-code/resources/app/out/vs/workbench/api/node/extensionHostProcess.js:86:13512)
    at s._receiveRequest (/opt/visual-studio-code/resources/app/out/vs/workbench/api/node/extensionHostProcess.js:86:12121)
    at s._receiveOneMessage (/opt/visual-studio-code/resources/app/out/vs/workbench/api/node/extensionHostProcess.js:86:10843)
    at /opt/visual-studio-code/resources/app/out/vs/workbench/api/node/extensionHostProcess.js:86:8949
    at m.invoke (/opt/visual-studio-code/resources/app/out/vs/workbench/api/node/extensionHostProcess.js:58:145)
    at E.deliver (/opt/visual-studio-code/resources/app/out/vs/workbench/api/node/extensionHostProcess.js:58:2265)
    at v.fire (/opt/visual-studio-code/resources/app/out/vs/workbench/api/node/extensionHostProcess.js:58:1843)
    at l.fire (/opt/visual-studio-code/resources/app/out/vs/workbench/api/node/extensionHostProcess.js:66:19001)
    at /opt/visual-studio-code/resources/app/out/vs/workbench/api/node/extensionHostProcess.js:102:34426
    at m.invoke (/opt/visual-studio-code/resources/app/out/vs/workbench/api/node/extensionHostProcess.js:58:145)
    at E.deliver (/opt/visual-studio-code/resources/app/out/vs/workbench/api/node/extensionHostProcess.js:58:2265)
    at v.fire (/opt/visual-studio-code/resources/app/out/vs/workbench/api/node/extensionHostProcess.js:58:1843)
    at l.fire (/opt/visual-studio-code/resources/app/out/vs/workbench/api/node/extensionHostProcess.js:66:19001)
    at r._receiveMessage (/opt/visual-studio-code/resources/app/out/vs/workbench/api/node/extensionHostProcess.js:66:23582)
    at /opt/visual-studio-code/resources/app/out/vs/workbench/api/node/extensionHostProcess.js:66:21116
    at m.invoke (/opt/visual-studio-code/resources/app/out/vs/workbench/api/node/extensionHostProcess.js:58:145)
    at E.deliver (/opt/visual-studio-code/resources/app/out/vs/workbench/api/node/extensionHostProcess.js:58:2265)
    at v.fire (/opt/visual-studio-code/resources/app/out/vs/workbench/api/node/extensionHostProcess.js:58:1843)
    at v.acceptChunk (/opt/visual-studio-code/resources/app/out/vs/workbench/api/node/extensionHostProcess.js:66:15832)
    at /opt/visual-studio-code/resources/app/out/vs/workbench/api/node/extensionHostProcess.js:66:14962
    at Socket.R (/opt/visual-studio-code/resources/app/out/vs/workbench/api/node/extensionHostProcess.js:102:13798)
    at Socket.emit (node:events:390:28)
    at addChunk (node:internal/streams/readable:315:12)
    at readableAddChunk (node:internal/streams/readable:289:9)
    at Socket.Readable.push (node:internal/streams/readable:228:10)
    at Pipe.onStreamRead (node:internal/stream_base_commons:199:23)
[2022-06-16 16:30:16.395] [renderer1] [error] Cannot read properties of undefined (reading 'find'): TypeError: Cannot read properties of undefined (reading 'find')
    at t.DefaultCompletionItemProvider.provideCompletionItemsInternal (/opt/visual-studio-code/resources/app/extensions/emmet/dist/node/emmetNodeMain.js:1:187362)
    at t.DefaultCompletionItemProvider.provideCompletionItems (/opt/visual-studio-code/resources/app/extensions/emmet/dist/node/emmetNodeMain.js:1:185715)
    at Q.provideCompletionItems (/opt/visual-studio-code/resources/app/out/vs/workbench/api/node/extensionHostProcess.js:83:111153)
    at /opt/visual-studio-code/resources/app/out/vs/workbench/api/node/extensionHostProcess.js:83:135870
    at we._withAdapter (/opt/visual-studio-code/resources/app/out/vs/workbench/api/node/extensionHostProcess.js:83:126001)
    at we.$provideCompletionItems (/opt/visual-studio-code/resources/app/out/vs/workbench/api/node/extensionHostProcess.js:83:135846)
    at s._doInvokeHandler (/opt/visual-studio-code/resources/app/out/vs/workbench/api/node/extensionHostProcess.js:86:13828)
    at s._invokeHandler (/opt/visual-studio-code/resources/app/out/vs/workbench/api/node/extensionHostProcess.js:86:13512)
    at s._receiveRequest (/opt/visual-studio-code/resources/app/out/vs/workbench/api/node/extensionHostProcess.js:86:12121)
    at s._receiveOneMessage (/opt/visual-studio-code/resources/app/out/vs/workbench/api/node/extensionHostProcess.js:86:10843)
    at /opt/visual-studio-code/resources/app/out/vs/workbench/api/node/extensionHostProcess.js:86:8949
    at m.invoke (/opt/visual-studio-code/resources/app/out/vs/workbench/api/node/extensionHostProcess.js:58:145)
    at E.deliver (/opt/visual-studio-code/resources/app/out/vs/workbench/api/node/extensionHostProcess.js:58:2265)
    at v.fire (/opt/visual-studio-code/resources/app/out/vs/workbench/api/node/extensionHostProcess.js:58:1843)
    at l.fire (/opt/visual-studio-code/resources/app/out/vs/workbench/api/node/extensionHostProcess.js:66:19001)
    at /opt/visual-studio-code/resources/app/out/vs/workbench/api/node/extensionHostProcess.js:102:34426
    at m.invoke (/opt/visual-studio-code/resources/app/out/vs/workbench/api/node/extensionHostProcess.js:58:145)
    at E.deliver (/opt/visual-studio-code/resources/app/out/vs/workbench/api/node/extensionHostProcess.js:58:2265)
    at v.fire (/opt/visual-studio-code/resources/app/out/vs/workbench/api/node/extensionHostProcess.js:58:1843)
    at l.fire (/opt/visual-studio-code/resources/app/out/vs/workbench/api/node/extensionHostProcess.js:66:19001)
    at r._receiveMessage (/opt/visual-studio-code/resources/app/out/vs/workbench/api/node/extensionHostProcess.js:66:23582)
    at /opt/visual-studio-code/resources/app/out/vs/workbench/api/node/extensionHostProcess.js:66:21116
    at m.invoke (/opt/visual-studio-code/resources/app/out/vs/workbench/api/node/extensionHostProcess.js:58:145)
    at E.deliver (/opt/visual-studio-code/resources/app/out/vs/workbench/api/node/extensionHostProcess.js:58:2265)
    at v.fire (/opt/visual-studio-code/resources/app/out/vs/workbench/api/node/extensionHostProcess.js:58:1843)
    at v.acceptChunk (/opt/visual-studio-code/resources/app/out/vs/workbench/api/node/extensionHostProcess.js:66:15832)
    at /opt/visual-studio-code/resources/app/out/vs/workbench/api/node/extensionHostProcess.js:66:14962
    at Socket.R (/opt/visual-studio-code/resources/app/out/vs/workbench/api/node/extensionHostProcess.js:102:13798)
    at Socket.emit (node:events:390:28)
    at addChunk (node:internal/streams/readable:315:12)
    at readableAddChunk (node:internal/streams/readable:289:9)
    at Socket.Readable.push (node:internal/streams/readable:228:10)
    at Pipe.onStreamRead (node:internal/stream_base_commons:199:23)
