[2022-06-16 15:35:51.690] [settingssync] [info] Using settings sync service https://vscode-sync.trafficmanager.net/
[2022-06-16 15:35:51.690] [settingssync] [info] Auto Sync is enabled.
[2022-06-16 15:35:51.690] [settingssync] [info] Auto Sync: Suspended until auth token is available.
[2022-06-16 15:35:53.131] [settingssync] [info] Auto Sync: Started
[2022-06-16 15:35:53.131] [settingssync] [info] Auto Sync: Triggered by Interval
[2022-06-16 15:35:53.767] [settingssync] [info] Settings: No changes found during synchronizing settings.
[2022-06-16 15:35:53.772] [settingssync] [info] Keybindings: No changes found during synchronizing keybindings.
[2022-06-16 15:35:53.776] [settingssync] [info] Snippets: No changes found during synchronizing snippets.
[2022-06-16 15:35:53.779] [settingssync] [info] Tasks: No changes found during synchronizing tasks.
[2022-06-16 15:35:53.782] [settingssync] [info] GlobalState: No changes found during synchronizing ui state.
[2022-06-16 15:35:53.870] [settingssync] [info] Extensions: No changes found during synchronizing extensions.
[2022-06-16 15:35:53.877] [settingssync] [info] Sync done. Took 129ms
[2022-06-16 15:35:55.970] [settingssync] [info] Auto Sync: Triggered by Activity
[2022-06-16 15:35:56.607] [settingssync] [info] Settings: Updated remote settings
[2022-06-16 15:35:56.617] [settingssync] [info] Settings: Updated last synchronized settings
[2022-06-16 15:35:56.619] [settingssync] [info] Keybindings: No changes found during synchronizing keybindings.
[2022-06-16 15:35:56.621] [settingssync] [info] Snippets: No changes found during synchronizing snippets.
[2022-06-16 15:35:56.623] [settingssync] [info] Tasks: No changes found during synchronizing tasks.
[2022-06-16 15:35:56.627] [settingssync] [info] GlobalState: No changes found during synchronizing ui state.
[2022-06-16 15:35:56.668] [settingssync] [info] Extensions: No changes found during synchronizing extensions.
[2022-06-16 15:35:56.669] [settingssync] [info] Sync done. Took 560ms
[2022-06-16 15:36:38.093] [settingssync] [info] Auto Sync: Triggered by Activity
[2022-06-16 15:36:38.211] [settingssync] [info] Settings: No changes found during synchronizing settings.
[2022-06-16 15:36:38.214] [settingssync] [info] Keybindings: No changes found during synchronizing keybindings.
[2022-06-16 15:36:38.216] [settingssync] [info] Snippets: No changes found during synchronizing snippets.
[2022-06-16 15:36:38.218] [settingssync] [info] Tasks: No changes found during synchronizing tasks.
[2022-06-16 15:36:38.220] [settingssync] [info] GlobalState: No changes found during synchronizing ui state.
[2022-06-16 15:36:38.271] [settingssync] [info] Extensions: No changes found during synchronizing extensions.
[2022-06-16 15:36:38.272] [settingssync] [info] Sync done. Took 63ms
[2022-06-16 15:38:15.966] [settingssync] [info] Auto Sync: Triggered by Activity
[2022-06-16 15:38:16.073] [settingssync] [info] Settings: No changes found during synchronizing settings.
[2022-06-16 15:38:16.075] [settingssync] [info] Keybindings: No changes found during synchronizing keybindings.
[2022-06-16 15:38:16.077] [settingssync] [info] Snippets: No changes found during synchronizing snippets.
[2022-06-16 15:38:16.080] [settingssync] [info] Tasks: No changes found during synchronizing tasks.
[2022-06-16 15:38:16.085] [settingssync] [info] GlobalState: No changes found during synchronizing ui state.
[2022-06-16 15:38:16.153] [settingssync] [info] Extensions: No changes found during synchronizing extensions.
[2022-06-16 15:38:16.154] [settingssync] [info] Sync done. Took 84ms
[2022-06-16 15:39:05.106] [settingssync] [info] Auto Sync: Triggered by Activity
[2022-06-16 15:39:05.220] [settingssync] [info] Settings: No changes found during synchronizing settings.
[2022-06-16 15:39:05.223] [settingssync] [info] Keybindings: No changes found during synchronizing keybindings.
[2022-06-16 15:39:05.225] [settingssync] [info] Snippets: No changes found during synchronizing snippets.
[2022-06-16 15:39:05.226] [settingssync] [info] Tasks: No changes found during synchronizing tasks.
[2022-06-16 15:39:05.229] [settingssync] [info] GlobalState: No changes found during synchronizing ui state.
[2022-06-16 15:39:05.279] [settingssync] [info] Extensions: No changes found during synchronizing extensions.
[2022-06-16 15:39:05.282] [settingssync] [info] Sync done. Took 65ms
[2022-06-16 15:39:31.687] [settingssync] [info] Auto Sync: Triggered by Activity
[2022-06-16 15:39:31.793] [settingssync] [info] Settings: No changes found during synchronizing settings.
[2022-06-16 15:39:31.796] [settingssync] [info] Keybindings: No changes found during synchronizing keybindings.
[2022-06-16 15:39:31.800] [settingssync] [info] Snippets: No changes found during synchronizing snippets.
[2022-06-16 15:39:31.803] [settingssync] [info] Tasks: No changes found during synchronizing tasks.
[2022-06-16 15:39:31.806] [settingssync] [info] GlobalState: No changes found during synchronizing ui state.
[2022-06-16 15:39:31.860] [settingssync] [info] Extensions: No changes found during synchronizing extensions.
[2022-06-16 15:39:31.860] [settingssync] [info] Sync done. Took 69ms
[2022-06-16 15:39:53.672] [settingssync] [info] Auto Sync: Triggered by Activity
[2022-06-16 15:39:53.785] [settingssync] [info] Settings: No changes found during synchronizing settings.
[2022-06-16 15:39:53.789] [settingssync] [info] Keybindings: No changes found during synchronizing keybindings.
[2022-06-16 15:39:53.792] [settingssync] [info] Snippets: No changes found during synchronizing snippets.
[2022-06-16 15:39:53.795] [settingssync] [info] Tasks: No changes found during synchronizing tasks.
[2022-06-16 15:39:53.798] [settingssync] [info] GlobalState: No changes found during synchronizing ui state.
[2022-06-16 15:39:53.862] [settingssync] [info] Extensions: No changes found during synchronizing extensions.
[2022-06-16 15:39:53.863] [settingssync] [info] Sync done. Took 80ms
[2022-06-16 15:41:13.802] [settingssync] [info] Auto Sync: Triggered by Activity
[2022-06-16 15:41:13.910] [settingssync] [info] Settings: No changes found during synchronizing settings.
[2022-06-16 15:41:13.912] [settingssync] [info] Keybindings: No changes found during synchronizing keybindings.
[2022-06-16 15:41:13.915] [settingssync] [info] Snippets: No changes found during synchronizing snippets.
[2022-06-16 15:41:13.918] [settingssync] [info] Tasks: No changes found during synchronizing tasks.
[2022-06-16 15:41:13.920] [settingssync] [info] GlobalState: No changes found during synchronizing ui state.
[2022-06-16 15:41:13.978] [settingssync] [info] Extensions: No changes found during synchronizing extensions.
[2022-06-16 15:41:13.979] [settingssync] [info] Sync done. Took 72ms
[2022-06-16 15:41:47.011] [settingssync] [info] Auto Sync: Triggered by Activity
[2022-06-16 15:41:47.132] [settingssync] [info] Settings: No changes found during synchronizing settings.
[2022-06-16 15:41:47.135] [settingssync] [info] Keybindings: No changes found during synchronizing keybindings.
[2022-06-16 15:41:47.137] [settingssync] [info] Snippets: No changes found during synchronizing snippets.
[2022-06-16 15:41:47.139] [settingssync] [info] Tasks: No changes found during synchronizing tasks.
[2022-06-16 15:41:47.143] [settingssync] [info] GlobalState: No changes found during synchronizing ui state.
[2022-06-16 15:41:47.212] [settingssync] [info] Extensions: No changes found during synchronizing extensions.
[2022-06-16 15:41:47.213] [settingssync] [info] Sync done. Took 84ms
[2022-06-16 15:41:59.806] [settingssync] [info] Auto Sync: Triggered by Activity
[2022-06-16 15:41:59.949] [settingssync] [info] Settings: No changes found during synchronizing settings.
[2022-06-16 15:41:59.952] [settingssync] [info] Keybindings: No changes found during synchronizing keybindings.
[2022-06-16 15:41:59.956] [settingssync] [info] Snippets: No changes found during synchronizing snippets.
[2022-06-16 15:41:59.958] [settingssync] [info] Tasks: No changes found during synchronizing tasks.
[2022-06-16 15:41:59.961] [settingssync] [info] GlobalState: No changes found during synchronizing ui state.
[2022-06-16 15:42:00.039] [settingssync] [info] Extensions: No changes found during synchronizing extensions.
[2022-06-16 15:42:00.040] [settingssync] [info] Sync done. Took 94ms
[2022-06-16 15:43:04.760] [settingssync] [info] Auto Sync: Triggered by Activity
[2022-06-16 15:43:04.878] [settingssync] [info] Settings: No changes found during synchronizing settings.
[2022-06-16 15:43:04.880] [settingssync] [info] Keybindings: No changes found during synchronizing keybindings.
[2022-06-16 15:43:04.882] [settingssync] [info] Snippets: No changes found during synchronizing snippets.
[2022-06-16 15:43:04.883] [settingssync] [info] Tasks: No changes found during synchronizing tasks.
[2022-06-16 15:43:04.886] [settingssync] [info] GlobalState: No changes found during synchronizing ui state.
[2022-06-16 15:43:04.963] [settingssync] [info] Extensions: No changes found during synchronizing extensions.
[2022-06-16 15:43:04.964] [settingssync] [info] Sync done. Took 90ms
[2022-06-16 15:43:52.988] [settingssync] [info] Auto Sync: Triggered by Activity
[2022-06-16 15:43:53.104] [settingssync] [info] Settings: No changes found during synchronizing settings.
[2022-06-16 15:43:53.108] [settingssync] [info] Keybindings: No changes found during synchronizing keybindings.
[2022-06-16 15:43:53.114] [settingssync] [info] Snippets: No changes found during synchronizing snippets.
[2022-06-16 15:43:53.116] [settingssync] [info] Tasks: No changes found during synchronizing tasks.
[2022-06-16 15:43:53.118] [settingssync] [info] GlobalState: No changes found during synchronizing ui state.
[2022-06-16 15:43:53.172] [settingssync] [info] Extensions: No changes found during synchronizing extensions.
[2022-06-16 15:43:53.173] [settingssync] [info] Sync done. Took 72ms
[2022-06-16 15:44:15.088] [settingssync] [info] Auto Sync: Triggered by Activity
[2022-06-16 15:44:15.494] [settingssync] [info] Settings: No changes found during synchronizing settings.
[2022-06-16 15:44:15.496] [settingssync] [info] Keybindings: No changes found during synchronizing keybindings.
[2022-06-16 15:44:15.498] [settingssync] [info] Snippets: No changes found during synchronizing snippets.
[2022-06-16 15:44:15.500] [settingssync] [info] Tasks: No changes found during synchronizing tasks.
[2022-06-16 15:44:15.503] [settingssync] [info] GlobalState: No changes found during synchronizing ui state.
[2022-06-16 15:44:15.601] [settingssync] [info] Extensions: No changes found during synchronizing extensions.
[2022-06-16 15:44:15.602] [settingssync] [info] Sync done. Took 111ms
[2022-06-16 15:46:47.399] [settingssync] [info] Auto Sync: Triggered by Activity
[2022-06-16 15:46:47.703] [settingssync] [info] Settings: No changes found during synchronizing settings.
[2022-06-16 15:46:47.705] [settingssync] [info] Keybindings: No changes found during synchronizing keybindings.
[2022-06-16 15:46:47.708] [settingssync] [info] Snippets: No changes found during synchronizing snippets.
[2022-06-16 15:46:47.710] [settingssync] [info] Tasks: No changes found during synchronizing tasks.
[2022-06-16 15:46:47.713] [settingssync] [info] GlobalState: No changes found during synchronizing ui state.
[2022-06-16 15:46:47.770] [settingssync] [info] Extensions: No changes found during synchronizing extensions.
[2022-06-16 15:46:47.771] [settingssync] [info] Sync done. Took 71ms
[2022-06-16 15:51:47.773] [settingssync] [info] Auto Sync: Triggered by Interval
[2022-06-16 15:51:48.039] [settingssync] [info] Settings: No changes found during synchronizing settings.
[2022-06-16 15:51:48.043] [settingssync] [info] Keybindings: No changes found during synchronizing keybindings.
[2022-06-16 15:51:48.047] [settingssync] [info] Snippets: No changes found during synchronizing snippets.
[2022-06-16 15:51:48.050] [settingssync] [info] Tasks: No changes found during synchronizing tasks.
[2022-06-16 15:51:48.054] [settingssync] [info] GlobalState: No changes found during synchronizing ui state.
[2022-06-16 15:51:48.103] [settingssync] [info] Extensions: No changes found during synchronizing extensions.
[2022-06-16 15:51:48.104] [settingssync] [info] Sync done. Took 68ms
[2022-06-16 15:56:11.435] [settingssync] [info] Auto Sync: Triggered by Activity
[2022-06-16 15:56:11.839] [settingssync] [info] Settings: No changes found during synchronizing settings.
[2022-06-16 15:56:11.842] [settingssync] [info] Keybindings: No changes found during synchronizing keybindings.
[2022-06-16 15:56:11.844] [settingssync] [info] Snippets: No changes found during synchronizing snippets.
[2022-06-16 15:56:11.845] [settingssync] [info] Tasks: No changes found during synchronizing tasks.
[2022-06-16 15:56:11.849] [settingssync] [info] GlobalState: No changes found during synchronizing ui state.
[2022-06-16 15:56:11.921] [settingssync] [info] Extensions: No changes found during synchronizing extensions.
[2022-06-16 15:56:11.922] [settingssync] [info] Sync done. Took 85ms
[2022-06-16 15:56:28.412] [settingssync] [info] Auto Sync: Triggered by Activity
[2022-06-16 15:56:28.522] [settingssync] [info] Settings: No changes found during synchronizing settings.
[2022-06-16 15:56:28.525] [settingssync] [info] Keybindings: No changes found during synchronizing keybindings.
[2022-06-16 15:56:28.528] [settingssync] [info] Snippets: No changes found during synchronizing snippets.
[2022-06-16 15:56:28.531] [settingssync] [info] Tasks: No changes found during synchronizing tasks.
[2022-06-16 15:56:28.540] [settingssync] [info] GlobalState: No changes found during synchronizing ui state.
[2022-06-16 15:56:28.598] [settingssync] [info] Extensions: No changes found during synchronizing extensions.
[2022-06-16 15:56:28.599] [settingssync] [info] Sync done. Took 81ms
[2022-06-16 15:57:01.293] [settingssync] [info] Auto Sync: Triggered by Activity
[2022-06-16 15:57:01.446] [settingssync] [info] Settings: No changes found during synchronizing settings.
[2022-06-16 15:57:01.449] [settingssync] [info] Keybindings: No changes found during synchronizing keybindings.
[2022-06-16 15:57:01.452] [settingssync] [info] Snippets: No changes found during synchronizing snippets.
[2022-06-16 15:57:01.455] [settingssync] [info] Tasks: No changes found during synchronizing tasks.
[2022-06-16 15:57:01.458] [settingssync] [info] GlobalState: No changes found during synchronizing ui state.
[2022-06-16 15:57:01.525] [settingssync] [info] Extensions: No changes found during synchronizing extensions.
[2022-06-16 15:57:01.526] [settingssync] [info] Sync done. Took 83ms
[2022-06-16 15:57:15.291] [settingssync] [info] Auto Sync: Triggered by Activity
[2022-06-16 15:57:15.403] [settingssync] [info] Settings: No changes found during synchronizing settings.
[2022-06-16 15:57:15.406] [settingssync] [info] Keybindings: No changes found during synchronizing keybindings.
[2022-06-16 15:57:15.408] [settingssync] [info] Snippets: No changes found during synchronizing snippets.
[2022-06-16 15:57:15.410] [settingssync] [info] Tasks: No changes found during synchronizing tasks.
[2022-06-16 15:57:15.413] [settingssync] [info] GlobalState: No changes found during synchronizing ui state.
[2022-06-16 15:57:15.482] [settingssync] [info] Extensions: No changes found during synchronizing extensions.
[2022-06-16 15:57:15.483] [settingssync] [info] Sync done. Took 84ms
[2022-06-16 15:58:08.709] [settingssync] [info] Auto Sync: Triggered by Activity
[2022-06-16 15:58:08.852] [settingssync] [info] Settings: No changes found during synchronizing settings.
[2022-06-16 15:58:08.856] [settingssync] [info] Keybindings: No changes found during synchronizing keybindings.
[2022-06-16 15:58:08.859] [settingssync] [info] Snippets: No changes found during synchronizing snippets.
[2022-06-16 15:58:08.862] [settingssync] [info] Tasks: No changes found during synchronizing tasks.
[2022-06-16 15:58:08.866] [settingssync] [info] GlobalState: No changes found during synchronizing ui state.
[2022-06-16 15:58:08.957] [settingssync] [info] Extensions: No changes found during synchronizing extensions.
[2022-06-16 15:58:08.958] [settingssync] [info] Sync done. Took 114ms
[2022-06-16 15:58:21.183] [settingssync] [info] Auto Sync: Triggered by Activity
[2022-06-16 15:58:21.302] [settingssync] [info] Settings: No changes found during synchronizing settings.
[2022-06-16 15:58:21.305] [settingssync] [info] Keybindings: No changes found during synchronizing keybindings.
[2022-06-16 15:58:21.307] [settingssync] [info] Snippets: No changes found during synchronizing snippets.
[2022-06-16 15:58:21.308] [settingssync] [info] Tasks: No changes found during synchronizing tasks.
[2022-06-16 15:58:21.311] [settingssync] [info] GlobalState: No changes found during synchronizing ui state.
[2022-06-16 15:58:21.390] [settingssync] [info] Extensions: No changes found during synchronizing extensions.
[2022-06-16 15:58:21.390] [settingssync] [info] Sync done. Took 90ms
[2022-06-16 15:58:35.513] [settingssync] [info] Auto Sync: Triggered by Activity
[2022-06-16 15:58:35.726] [settingssync] [info] Settings: No changes found during synchronizing settings.
[2022-06-16 15:58:35.729] [settingssync] [info] Keybindings: No changes found during synchronizing keybindings.
[2022-06-16 15:58:35.732] [settingssync] [info] Snippets: No changes found during synchronizing snippets.
[2022-06-16 15:58:35.735] [settingssync] [info] Tasks: No changes found during synchronizing tasks.
[2022-06-16 15:58:35.739] [settingssync] [info] GlobalState: No changes found during synchronizing ui state.
[2022-06-16 15:58:35.830] [settingssync] [info] Extensions: No changes found during synchronizing extensions.
[2022-06-16 15:58:35.831] [settingssync] [info] Sync done. Took 109ms
[2022-06-16 15:58:57.596] [settingssync] [info] Auto Sync: Triggered by Activity
[2022-06-16 15:58:57.701] [settingssync] [info] Settings: No changes found during synchronizing settings.
[2022-06-16 15:58:57.704] [settingssync] [info] Keybindings: No changes found during synchronizing keybindings.
[2022-06-16 15:58:57.706] [settingssync] [info] Snippets: No changes found during synchronizing snippets.
[2022-06-16 15:58:57.708] [settingssync] [info] Tasks: No changes found during synchronizing tasks.
[2022-06-16 15:58:57.711] [settingssync] [info] GlobalState: No changes found during synchronizing ui state.
[2022-06-16 15:58:57.755] [settingssync] [info] Extensions: No changes found during synchronizing extensions.
[2022-06-16 15:58:57.756] [settingssync] [info] Sync done. Took 60ms
[2022-06-16 15:59:50.197] [settingssync] [info] Auto Sync: Triggered by Activity
[2022-06-16 15:59:50.316] [settingssync] [info] Settings: No changes found during synchronizing settings.
[2022-06-16 15:59:50.319] [settingssync] [info] Keybindings: No changes found during synchronizing keybindings.
[2022-06-16 15:59:50.322] [settingssync] [info] Snippets: No changes found during synchronizing snippets.
[2022-06-16 15:59:50.325] [settingssync] [info] Tasks: No changes found during synchronizing tasks.
[2022-06-16 15:59:50.327] [settingssync] [info] GlobalState: No changes found during synchronizing ui state.
[2022-06-16 15:59:50.386] [settingssync] [info] Extensions: No changes found during synchronizing extensions.
[2022-06-16 15:59:50.387] [settingssync] [info] Sync done. Took 72ms
[2022-06-16 16:00:10.101] [settingssync] [info] Auto Sync: Triggered by Activity
[2022-06-16 16:00:10.293] [settingssync] [info] Settings: No changes found during synchronizing settings.
[2022-06-16 16:00:10.296] [settingssync] [info] Keybindings: No changes found during synchronizing keybindings.
[2022-06-16 16:00:10.299] [settingssync] [info] Snippets: No changes found during synchronizing snippets.
[2022-06-16 16:00:10.301] [settingssync] [info] Tasks: No changes found during synchronizing tasks.
[2022-06-16 16:00:10.304] [settingssync] [info] GlobalState: No changes found during synchronizing ui state.
[2022-06-16 16:00:10.352] [settingssync] [info] Extensions: No changes found during synchronizing extensions.
[2022-06-16 16:00:10.355] [settingssync] [info] Sync done. Took 66ms
[2022-06-16 16:00:28.129] [settingssync] [info] Auto Sync: Triggered by Activity
[2022-06-16 16:00:28.265] [settingssync] [info] Settings: No changes found during synchronizing settings.
[2022-06-16 16:00:28.268] [settingssync] [info] Keybindings: No changes found during synchronizing keybindings.
[2022-06-16 16:00:28.271] [settingssync] [info] Snippets: No changes found during synchronizing snippets.
[2022-06-16 16:00:28.274] [settingssync] [info] Tasks: No changes found during synchronizing tasks.
[2022-06-16 16:00:28.278] [settingssync] [info] GlobalState: No changes found during synchronizing ui state.
[2022-06-16 16:00:28.361] [settingssync] [info] Extensions: No changes found during synchronizing extensions.
[2022-06-16 16:00:28.362] [settingssync] [info] Sync done. Took 106ms
[2022-06-16 16:01:33.562] [settingssync] [info] Auto Sync: Triggered by Activity
[2022-06-16 16:01:33.691] [settingssync] [info] Settings: No changes found during synchronizing settings.
[2022-06-16 16:01:33.694] [settingssync] [info] Keybindings: No changes found during synchronizing keybindings.
[2022-06-16 16:01:33.697] [settingssync] [info] Snippets: No changes found during synchronizing snippets.
[2022-06-16 16:01:33.699] [settingssync] [info] Tasks: No changes found during synchronizing tasks.
[2022-06-16 16:01:33.703] [settingssync] [info] GlobalState: No changes found during synchronizing ui state.
[2022-06-16 16:01:33.771] [settingssync] [info] Extensions: No changes found during synchronizing extensions.
[2022-06-16 16:01:33.772] [settingssync] [info] Sync done. Took 85ms
[2022-06-16 16:02:14.379] [settingssync] [info] Auto Sync: Triggered by Activity
[2022-06-16 16:02:14.487] [settingssync] [info] Settings: No changes found during synchronizing settings.
[2022-06-16 16:02:14.490] [settingssync] [info] Keybindings: No changes found during synchronizing keybindings.
[2022-06-16 16:02:14.493] [settingssync] [info] Snippets: No changes found during synchronizing snippets.
[2022-06-16 16:02:14.495] [settingssync] [info] Tasks: No changes found during synchronizing tasks.
[2022-06-16 16:02:14.499] [settingssync] [info] GlobalState: No changes found during synchronizing ui state.
[2022-06-16 16:02:14.578] [settingssync] [info] Extensions: No changes found during synchronizing extensions.
[2022-06-16 16:02:14.581] [settingssync] [info] Sync done. Took 98ms
[2022-06-16 16:02:57.132] [settingssync] [info] Auto Sync: Triggered by Activity
[2022-06-16 16:02:57.247] [settingssync] [info] Settings: No changes found during synchronizing settings.
[2022-06-16 16:02:57.250] [settingssync] [info] Keybindings: No changes found during synchronizing keybindings.
[2022-06-16 16:02:57.252] [settingssync] [info] Snippets: No changes found during synchronizing snippets.
[2022-06-16 16:02:57.253] [settingssync] [info] Tasks: No changes found during synchronizing tasks.
[2022-06-16 16:02:57.256] [settingssync] [info] GlobalState: No changes found during synchronizing ui state.
[2022-06-16 16:02:57.302] [settingssync] [info] Extensions: No changes found during synchronizing extensions.
[2022-06-16 16:02:57.302] [settingssync] [info] Sync done. Took 61ms
[2022-06-16 16:03:58.348] [settingssync] [info] Auto Sync: Triggered by Activity
[2022-06-16 16:03:58.452] [settingssync] [info] Settings: No changes found during synchronizing settings.
[2022-06-16 16:03:58.456] [settingssync] [info] Keybindings: No changes found during synchronizing keybindings.
[2022-06-16 16:03:58.458] [settingssync] [info] Snippets: No changes found during synchronizing snippets.
[2022-06-16 16:03:58.459] [settingssync] [info] Tasks: No changes found during synchronizing tasks.
[2022-06-16 16:03:58.461] [settingssync] [info] GlobalState: No changes found during synchronizing ui state.
[2022-06-16 16:03:58.519] [settingssync] [info] Extensions: No changes found during synchronizing extensions.
[2022-06-16 16:03:58.520] [settingssync] [info] Sync done. Took 70ms
[2022-06-16 16:05:08.663] [settingssync] [info] Auto Sync: Triggered by Activity
[2022-06-16 16:05:08.940] [settingssync] [info] Settings: No changes found during synchronizing settings.
[2022-06-16 16:05:08.943] [settingssync] [info] Keybindings: No changes found during synchronizing keybindings.
[2022-06-16 16:05:08.946] [settingssync] [info] Snippets: No changes found during synchronizing snippets.
[2022-06-16 16:05:08.948] [settingssync] [info] Tasks: No changes found during synchronizing tasks.
[2022-06-16 16:05:08.952] [settingssync] [info] GlobalState: No changes found during synchronizing ui state.
[2022-06-16 16:05:09.001] [settingssync] [info] Extensions: No changes found during synchronizing extensions.
[2022-06-16 16:05:09.001] [settingssync] [info] Sync done. Took 64ms
[2022-06-16 16:05:20.486] [settingssync] [info] Auto Sync: Triggered by Activity
[2022-06-16 16:05:20.598] [settingssync] [info] Settings: No changes found during synchronizing settings.
[2022-06-16 16:05:20.607] [settingssync] [info] Keybindings: No changes found during synchronizing keybindings.
[2022-06-16 16:05:20.608] [settingssync] [info] Snippets: No changes found during synchronizing snippets.
[2022-06-16 16:05:20.610] [settingssync] [info] Tasks: No changes found during synchronizing tasks.
[2022-06-16 16:05:20.613] [settingssync] [info] GlobalState: No changes found during synchronizing ui state.
[2022-06-16 16:05:20.675] [settingssync] [info] Extensions: No changes found during synchronizing extensions.
[2022-06-16 16:05:20.676] [settingssync] [info] Sync done. Took 81ms
[2022-06-16 16:05:35.543] [settingssync] [info] Auto Sync: Triggered by Activity
[2022-06-16 16:05:35.658] [settingssync] [info] Settings: No changes found during synchronizing settings.
[2022-06-16 16:05:35.661] [settingssync] [info] Keybindings: No changes found during synchronizing keybindings.
[2022-06-16 16:05:35.663] [settingssync] [info] Snippets: No changes found during synchronizing snippets.
[2022-06-16 16:05:35.664] [settingssync] [info] Tasks: No changes found during synchronizing tasks.
[2022-06-16 16:05:35.667] [settingssync] [info] GlobalState: No changes found during synchronizing ui state.
[2022-06-16 16:05:35.730] [settingssync] [info] Extensions: No changes found during synchronizing extensions.
[2022-06-16 16:05:35.731] [settingssync] [info] Sync done. Took 75ms
[2022-06-16 16:06:00.793] [settingssync] [info] Auto Sync: Triggered by Activity
[2022-06-16 16:06:00.915] [settingssync] [info] Settings: No changes found during synchronizing settings.
[2022-06-16 16:06:00.917] [settingssync] [info] Keybindings: No changes found during synchronizing keybindings.
[2022-06-16 16:06:00.918] [settingssync] [info] Snippets: No changes found during synchronizing snippets.
[2022-06-16 16:06:00.920] [settingssync] [info] Tasks: No changes found during synchronizing tasks.
[2022-06-16 16:06:00.922] [settingssync] [info] GlobalState: No changes found during synchronizing ui state.
[2022-06-16 16:06:00.972] [settingssync] [info] Extensions: No changes found during synchronizing extensions.
[2022-06-16 16:06:00.973] [settingssync] [info] Sync done. Took 60ms
[2022-06-16 16:06:23.719] [settingssync] [info] Auto Sync: Triggered by Activity
[2022-06-16 16:06:23.860] [settingssync] [info] Settings: No changes found during synchronizing settings.
[2022-06-16 16:06:23.864] [settingssync] [info] Keybindings: No changes found during synchronizing keybindings.
[2022-06-16 16:06:23.866] [settingssync] [info] Snippets: No changes found during synchronizing snippets.
[2022-06-16 16:06:23.868] [settingssync] [info] Tasks: No changes found during synchronizing tasks.
[2022-06-16 16:06:23.871] [settingssync] [info] GlobalState: No changes found during synchronizing ui state.
[2022-06-16 16:06:23.921] [settingssync] [info] Extensions: No changes found during synchronizing extensions.
[2022-06-16 16:06:23.922] [settingssync] [info] Sync done. Took 64ms
[2022-06-16 16:06:36.259] [settingssync] [info] Auto Sync: Triggered by Activity
[2022-06-16 16:06:36.380] [settingssync] [info] Settings: No changes found during synchronizing settings.
[2022-06-16 16:06:36.382] [settingssync] [info] Keybindings: No changes found during synchronizing keybindings.
[2022-06-16 16:06:36.386] [settingssync] [info] Snippets: No changes found during synchronizing snippets.
[2022-06-16 16:06:36.390] [settingssync] [info] Tasks: No changes found during synchronizing tasks.
[2022-06-16 16:06:36.393] [settingssync] [info] GlobalState: No changes found during synchronizing ui state.
[2022-06-16 16:06:36.470] [settingssync] [info] Extensions: No changes found during synchronizing extensions.
[2022-06-16 16:06:36.471] [settingssync] [info] Sync done. Took 93ms
[2022-06-16 16:06:49.419] [settingssync] [info] Auto Sync: Triggered by Activity
[2022-06-16 16:06:49.535] [settingssync] [info] Settings: No changes found during synchronizing settings.
[2022-06-16 16:06:49.548] [settingssync] [info] Keybindings: No changes found during synchronizing keybindings.
[2022-06-16 16:06:49.551] [settingssync] [info] Snippets: No changes found during synchronizing snippets.
[2022-06-16 16:06:49.553] [settingssync] [info] Tasks: No changes found during synchronizing tasks.
[2022-06-16 16:06:49.556] [settingssync] [info] GlobalState: No changes found during synchronizing ui state.
[2022-06-16 16:06:49.637] [settingssync] [info] Extensions: No changes found during synchronizing extensions.
[2022-06-16 16:06:49.638] [settingssync] [info] Sync done. Took 106ms
[2022-06-16 16:07:14.532] [settingssync] [info] Auto Sync: Triggered by Activity
[2022-06-16 16:07:14.674] [settingssync] [info] Settings: No changes found during synchronizing settings.
[2022-06-16 16:07:14.676] [settingssync] [info] Keybindings: No changes found during synchronizing keybindings.
[2022-06-16 16:07:14.683] [settingssync] [info] Snippets: No changes found during synchronizing snippets.
[2022-06-16 16:07:14.685] [settingssync] [info] Tasks: No changes found during synchronizing tasks.
[2022-06-16 16:07:14.688] [settingssync] [info] GlobalState: No changes found during synchronizing ui state.
[2022-06-16 16:07:14.770] [settingssync] [info] Extensions: No changes found during synchronizing extensions.
[2022-06-16 16:07:14.771] [settingssync] [info] Sync done. Took 98ms
[2022-06-16 16:07:44.189] [settingssync] [info] Auto Sync: Triggered by Activity
[2022-06-16 16:07:44.307] [settingssync] [info] Settings: No changes found during synchronizing settings.
[2022-06-16 16:07:44.309] [settingssync] [info] Keybindings: No changes found during synchronizing keybindings.
[2022-06-16 16:07:44.311] [settingssync] [info] Snippets: No changes found during synchronizing snippets.
[2022-06-16 16:07:44.312] [settingssync] [info] Tasks: No changes found during synchronizing tasks.
[2022-06-16 16:07:44.315] [settingssync] [info] GlobalState: No changes found during synchronizing ui state.
[2022-06-16 16:07:44.378] [settingssync] [info] Extensions: No changes found during synchronizing extensions.
[2022-06-16 16:07:44.379] [settingssync] [info] Sync done. Took 75ms
[2022-06-16 16:08:16.485] [settingssync] [info] Auto Sync: Triggered by Activity
[2022-06-16 16:08:16.608] [settingssync] [info] Settings: No changes found during synchronizing settings.
[2022-06-16 16:08:16.610] [settingssync] [info] Keybindings: No changes found during synchronizing keybindings.
[2022-06-16 16:08:16.611] [settingssync] [info] Snippets: No changes found during synchronizing snippets.
[2022-06-16 16:08:16.613] [settingssync] [info] Tasks: No changes found during synchronizing tasks.
[2022-06-16 16:08:16.615] [settingssync] [info] GlobalState: No changes found during synchronizing ui state.
[2022-06-16 16:08:16.660] [settingssync] [info] Extensions: No changes found during synchronizing extensions.
[2022-06-16 16:08:16.660] [settingssync] [info] Sync done. Took 55ms
[2022-06-16 16:08:36.841] [settingssync] [info] Auto Sync: Triggered by Activity
[2022-06-16 16:08:36.953] [settingssync] [info] Settings: No changes found during synchronizing settings.
[2022-06-16 16:08:36.954] [settingssync] [info] Keybindings: No changes found during synchronizing keybindings.
[2022-06-16 16:08:36.956] [settingssync] [info] Snippets: No changes found during synchronizing snippets.
[2022-06-16 16:08:36.958] [settingssync] [info] Tasks: No changes found during synchronizing tasks.
[2022-06-16 16:08:36.960] [settingssync] [info] GlobalState: No changes found during synchronizing ui state.
[2022-06-16 16:08:37.023] [settingssync] [info] Extensions: No changes found during synchronizing extensions.
[2022-06-16 16:08:37.024] [settingssync] [info] Sync done. Took 73ms
[2022-06-16 16:09:20.003] [settingssync] [info] Auto Sync: Triggered by Activity
[2022-06-16 16:09:20.124] [settingssync] [info] Settings: No changes found during synchronizing settings.
[2022-06-16 16:09:20.126] [settingssync] [info] Keybindings: No changes found during synchronizing keybindings.
[2022-06-16 16:09:20.128] [settingssync] [info] Snippets: No changes found during synchronizing snippets.
[2022-06-16 16:09:20.130] [settingssync] [info] Tasks: No changes found during synchronizing tasks.
[2022-06-16 16:09:20.132] [settingssync] [info] GlobalState: No changes found during synchronizing ui state.
[2022-06-16 16:09:20.186] [settingssync] [info] Extensions: No changes found during synchronizing extensions.
[2022-06-16 16:09:20.187] [settingssync] [info] Sync done. Took 65ms
[2022-06-16 16:09:54.728] [settingssync] [info] Auto Sync: Triggered by Activity
[2022-06-16 16:09:54.842] [settingssync] [info] Settings: No changes found during synchronizing settings.
[2022-06-16 16:09:54.845] [settingssync] [info] Keybindings: No changes found during synchronizing keybindings.
[2022-06-16 16:09:54.847] [settingssync] [info] Snippets: No changes found during synchronizing snippets.
[2022-06-16 16:09:54.848] [settingssync] [info] Tasks: No changes found during synchronizing tasks.
[2022-06-16 16:09:54.851] [settingssync] [info] GlobalState: No changes found during synchronizing ui state.
[2022-06-16 16:09:54.896] [settingssync] [info] Extensions: No changes found during synchronizing extensions.
[2022-06-16 16:09:54.897] [settingssync] [info] Sync done. Took 58ms
[2022-06-16 16:10:13.884] [settingssync] [info] Auto Sync: Triggered by Activity
[2022-06-16 16:10:13.998] [settingssync] [info] Settings: No changes found during synchronizing settings.
[2022-06-16 16:10:14.000] [settingssync] [info] Keybindings: No changes found during synchronizing keybindings.
[2022-06-16 16:10:14.002] [settingssync] [info] Snippets: No changes found during synchronizing snippets.
[2022-06-16 16:10:14.003] [settingssync] [info] Tasks: No changes found during synchronizing tasks.
[2022-06-16 16:10:14.006] [settingssync] [info] GlobalState: No changes found during synchronizing ui state.
[2022-06-16 16:10:14.072] [settingssync] [info] Extensions: No changes found during synchronizing extensions.
[2022-06-16 16:10:14.073] [settingssync] [info] Sync done. Took 79ms
[2022-06-16 16:10:31.165] [settingssync] [info] Auto Sync: Triggered by Activity
[2022-06-16 16:10:31.281] [settingssync] [info] Settings: No changes found during synchronizing settings.
[2022-06-16 16:10:31.283] [settingssync] [info] Keybindings: No changes found during synchronizing keybindings.
[2022-06-16 16:10:31.285] [settingssync] [info] Snippets: No changes found during synchronizing snippets.
[2022-06-16 16:10:31.287] [settingssync] [info] Tasks: No changes found during synchronizing tasks.
[2022-06-16 16:10:31.294] [settingssync] [info] GlobalState: No changes found during synchronizing ui state.
[2022-06-16 16:10:31.349] [settingssync] [info] Extensions: No changes found during synchronizing extensions.
[2022-06-16 16:10:31.352] [settingssync] [info] Sync done. Took 74ms
[2022-06-16 16:11:16.083] [settingssync] [info] Auto Sync: Triggered by Activity
[2022-06-16 16:11:16.234] [settingssync] [info] Settings: No changes found during synchronizing settings.
[2022-06-16 16:11:16.236] [settingssync] [info] Keybindings: No changes found during synchronizing keybindings.
[2022-06-16 16:11:16.238] [settingssync] [info] Snippets: No changes found during synchronizing snippets.
[2022-06-16 16:11:16.239] [settingssync] [info] Tasks: No changes found during synchronizing tasks.
[2022-06-16 16:11:16.241] [settingssync] [info] GlobalState: No changes found during synchronizing ui state.
[2022-06-16 16:11:16.289] [settingssync] [info] Extensions: No changes found during synchronizing extensions.
[2022-06-16 16:11:16.292] [settingssync] [info] Sync done. Took 61ms
[2022-06-16 16:12:31.547] [settingssync] [info] Auto Sync: Triggered by Activity
[2022-06-16 16:12:31.675] [settingssync] [info] Settings: No changes found during synchronizing settings.
[2022-06-16 16:12:31.677] [settingssync] [info] Keybindings: No changes found during synchronizing keybindings.
[2022-06-16 16:12:31.678] [settingssync] [info] Snippets: No changes found during synchronizing snippets.
[2022-06-16 16:12:31.680] [settingssync] [info] Tasks: No changes found during synchronizing tasks.
[2022-06-16 16:12:31.682] [settingssync] [info] GlobalState: No changes found during synchronizing ui state.
[2022-06-16 16:12:31.735] [settingssync] [info] Extensions: No changes found during synchronizing extensions.
[2022-06-16 16:12:31.736] [settingssync] [info] Sync done. Took 67ms
[2022-06-16 16:13:24.883] [settingssync] [info] Auto Sync: Triggered by Activity
[2022-06-16 16:13:24.989] [settingssync] [info] Settings: No changes found during synchronizing settings.
[2022-06-16 16:13:24.991] [settingssync] [info] Keybindings: No changes found during synchronizing keybindings.
[2022-06-16 16:13:24.993] [settingssync] [info] Snippets: No changes found during synchronizing snippets.
[2022-06-16 16:13:24.995] [settingssync] [info] Tasks: No changes found during synchronizing tasks.
[2022-06-16 16:13:24.997] [settingssync] [info] GlobalState: No changes found during synchronizing ui state.
[2022-06-16 16:13:25.058] [settingssync] [info] Extensions: No changes found during synchronizing extensions.
[2022-06-16 16:13:25.058] [settingssync] [info] Sync done. Took 73ms
[2022-06-16 16:13:54.642] [settingssync] [info] Auto Sync: Triggered by Activity
[2022-06-16 16:13:54.756] [settingssync] [info] Settings: No changes found during synchronizing settings.
[2022-06-16 16:13:54.758] [settingssync] [info] Keybindings: No changes found during synchronizing keybindings.
[2022-06-16 16:13:54.760] [settingssync] [info] Snippets: No changes found during synchronizing snippets.
[2022-06-16 16:13:54.761] [settingssync] [info] Tasks: No changes found during synchronizing tasks.
[2022-06-16 16:13:54.764] [settingssync] [info] GlobalState: No changes found during synchronizing ui state.
[2022-06-16 16:13:54.811] [settingssync] [info] Extensions: No changes found during synchronizing extensions.
[2022-06-16 16:13:54.814] [settingssync] [info] Sync done. Took 59ms
[2022-06-16 16:14:48.757] [settingssync] [info] Auto Sync: Triggered by Activity
[2022-06-16 16:14:48.859] [settingssync] [info] Settings: No changes found during synchronizing settings.
[2022-06-16 16:14:48.861] [settingssync] [info] Keybindings: No changes found during synchronizing keybindings.
[2022-06-16 16:14:48.863] [settingssync] [info] Snippets: No changes found during synchronizing snippets.
[2022-06-16 16:14:48.865] [settingssync] [info] Tasks: No changes found during synchronizing tasks.
[2022-06-16 16:14:48.867] [settingssync] [info] GlobalState: No changes found during synchronizing ui state.
[2022-06-16 16:14:48.925] [settingssync] [info] Extensions: No changes found during synchronizing extensions.
[2022-06-16 16:14:48.925] [settingssync] [info] Sync done. Took 71ms
[2022-06-16 16:15:00.268] [settingssync] [info] Auto Sync: Triggered by Activity
[2022-06-16 16:15:00.373] [settingssync] [info] Settings: No changes found during synchronizing settings.
[2022-06-16 16:15:00.375] [settingssync] [info] Keybindings: No changes found during synchronizing keybindings.
[2022-06-16 16:15:00.377] [settingssync] [info] Snippets: No changes found during synchronizing snippets.
[2022-06-16 16:15:00.379] [settingssync] [info] Tasks: No changes found during synchronizing tasks.
[2022-06-16 16:15:00.381] [settingssync] [info] GlobalState: No changes found during synchronizing ui state.
[2022-06-16 16:15:00.447] [settingssync] [info] Extensions: No changes found during synchronizing extensions.
[2022-06-16 16:15:00.447] [settingssync] [info] Sync done. Took 78ms
[2022-06-16 16:15:28.700] [settingssync] [info] Auto Sync: Triggered by Activity
[2022-06-16 16:15:28.869] [settingssync] [info] Settings: No changes found during synchronizing settings.
[2022-06-16 16:15:28.871] [settingssync] [info] Keybindings: No changes found during synchronizing keybindings.
[2022-06-16 16:15:28.873] [settingssync] [info] Snippets: No changes found during synchronizing snippets.
[2022-06-16 16:15:28.875] [settingssync] [info] Tasks: No changes found during synchronizing tasks.
[2022-06-16 16:15:28.878] [settingssync] [info] GlobalState: No changes found during synchronizing ui state.
[2022-06-16 16:15:28.936] [settingssync] [info] Extensions: No changes found during synchronizing extensions.
[2022-06-16 16:15:28.940] [settingssync] [info] Sync done. Took 73ms
[2022-06-16 16:16:12.251] [settingssync] [info] Auto Sync: Triggered by Activity
[2022-06-16 16:16:12.356] [settingssync] [info] Settings: No changes found during synchronizing settings.
[2022-06-16 16:16:12.357] [settingssync] [info] Keybindings: No changes found during synchronizing keybindings.
[2022-06-16 16:16:12.359] [settingssync] [info] Snippets: No changes found during synchronizing snippets.
[2022-06-16 16:16:12.361] [settingssync] [info] Tasks: No changes found during synchronizing tasks.
[2022-06-16 16:16:12.363] [settingssync] [info] GlobalState: No changes found during synchronizing ui state.
[2022-06-16 16:16:12.413] [settingssync] [info] Extensions: No changes found during synchronizing extensions.
[2022-06-16 16:16:12.432] [settingssync] [info] Sync done. Took 78ms
[2022-06-16 16:16:50.013] [settingssync] [info] Auto Sync: Triggered by Activity
[2022-06-16 16:16:51.392] [settingssync] [info] Settings: No changes found during synchronizing settings.
[2022-06-16 16:16:51.395] [settingssync] [info] Keybindings: No changes found during synchronizing keybindings.
[2022-06-16 16:16:51.397] [settingssync] [info] Snippets: No changes found during synchronizing snippets.
[2022-06-16 16:16:51.399] [settingssync] [info] Tasks: No changes found during synchronizing tasks.
[2022-06-16 16:16:51.403] [settingssync] [info] GlobalState: No changes found during synchronizing ui state.
[2022-06-16 16:16:51.463] [settingssync] [info] Extensions: No changes found during synchronizing extensions.
[2022-06-16 16:16:51.463] [settingssync] [info] Sync done. Took 73ms
[2022-06-16 16:17:53.513] [settingssync] [info] Auto Sync: Triggered by Activity
[2022-06-16 16:17:53.628] [settingssync] [info] Settings: No changes found during synchronizing settings.
[2022-06-16 16:17:53.629] [settingssync] [info] Keybindings: No changes found during synchronizing keybindings.
[2022-06-16 16:17:53.631] [settingssync] [info] Snippets: No changes found during synchronizing snippets.
[2022-06-16 16:17:53.632] [settingssync] [info] Tasks: No changes found during synchronizing tasks.
[2022-06-16 16:17:53.635] [settingssync] [info] GlobalState: No changes found during synchronizing ui state.
[2022-06-16 16:17:53.697] [settingssync] [info] Extensions: No changes found during synchronizing extensions.
[2022-06-16 16:17:53.698] [settingssync] [info] Sync done. Took 73ms
[2022-06-16 16:18:44.900] [settingssync] [info] Auto Sync: Triggered by Activity
[2022-06-16 16:18:45.007] [settingssync] [info] Settings: No changes found during synchronizing settings.
[2022-06-16 16:18:45.009] [settingssync] [info] Keybindings: No changes found during synchronizing keybindings.
[2022-06-16 16:18:45.012] [settingssync] [info] Snippets: No changes found during synchronizing snippets.
[2022-06-16 16:18:45.014] [settingssync] [info] Tasks: No changes found during synchronizing tasks.
[2022-06-16 16:18:45.017] [settingssync] [info] GlobalState: No changes found during synchronizing ui state.
[2022-06-16 16:18:45.063] [settingssync] [info] Extensions: No changes found during synchronizing extensions.
[2022-06-16 16:18:45.065] [settingssync] [info] Sync done. Took 61ms
[2022-06-16 16:19:13.494] [settingssync] [info] Auto Sync: Triggered by Activity
[2022-06-16 16:19:13.647] [settingssync] [info] Settings: No changes found during synchronizing settings.
[2022-06-16 16:19:13.649] [settingssync] [info] Keybindings: No changes found during synchronizing keybindings.
[2022-06-16 16:19:13.651] [settingssync] [info] Snippets: No changes found during synchronizing snippets.
[2022-06-16 16:19:13.653] [settingssync] [info] Tasks: No changes found during synchronizing tasks.
[2022-06-16 16:19:13.656] [settingssync] [info] GlobalState: No changes found during synchronizing ui state.
[2022-06-16 16:19:13.706] [settingssync] [info] Extensions: No changes found during synchronizing extensions.
[2022-06-16 16:19:13.706] [settingssync] [info] Sync done. Took 63ms
[2022-06-16 16:20:04.174] [settingssync] [info] Auto Sync: Triggered by Activity
[2022-06-16 16:20:04.282] [settingssync] [info] Settings: No changes found during synchronizing settings.
[2022-06-16 16:20:04.284] [settingssync] [info] Keybindings: No changes found during synchronizing keybindings.
[2022-06-16 16:20:04.287] [settingssync] [info] Snippets: No changes found during synchronizing snippets.
[2022-06-16 16:20:04.292] [settingssync] [info] Tasks: No changes found during synchronizing tasks.
[2022-06-16 16:20:04.295] [settingssync] [info] GlobalState: No changes found during synchronizing ui state.
[2022-06-16 16:20:04.360] [settingssync] [info] Extensions: No changes found during synchronizing extensions.
[2022-06-16 16:20:04.361] [settingssync] [info] Sync done. Took 81ms
[2022-06-16 16:20:52.902] [settingssync] [info] Auto Sync: Triggered by Activity
[2022-06-16 16:20:53.640] [settingssync] [info] Settings: No changes found during synchronizing settings.
[2022-06-16 16:20:53.642] [settingssync] [info] Keybindings: No changes found during synchronizing keybindings.
[2022-06-16 16:20:53.645] [settingssync] [info] Snippets: No changes found during synchronizing snippets.
[2022-06-16 16:20:53.646] [settingssync] [info] Tasks: No changes found during synchronizing tasks.
[2022-06-16 16:20:53.649] [settingssync] [info] GlobalState: No changes found during synchronizing ui state.
[2022-06-16 16:20:53.694] [settingssync] [info] Extensions: No changes found during synchronizing extensions.
[2022-06-16 16:20:53.696] [settingssync] [info] Sync done. Took 58ms
[2022-06-16 16:21:12.524] [settingssync] [info] Auto Sync: Triggered by Activity
[2022-06-16 16:21:12.839] [settingssync] [info] Settings: No changes found during synchronizing settings.
[2022-06-16 16:21:12.841] [settingssync] [info] Keybindings: No changes found during synchronizing keybindings.
[2022-06-16 16:21:12.843] [settingssync] [info] Snippets: No changes found during synchronizing snippets.
[2022-06-16 16:21:12.844] [settingssync] [info] Tasks: No changes found during synchronizing tasks.
[2022-06-16 16:21:12.847] [settingssync] [info] GlobalState: No changes found during synchronizing ui state.
[2022-06-16 16:21:12.898] [settingssync] [info] Extensions: No changes found during synchronizing extensions.
[2022-06-16 16:21:12.899] [settingssync] [info] Sync done. Took 62ms
[2022-06-16 16:21:32.479] [settingssync] [info] Auto Sync: Triggered by Activity
[2022-06-16 16:21:32.599] [settingssync] [info] Settings: No changes found during synchronizing settings.
[2022-06-16 16:21:32.601] [settingssync] [info] Keybindings: No changes found during synchronizing keybindings.
[2022-06-16 16:21:32.604] [settingssync] [info] Snippets: No changes found during synchronizing snippets.
[2022-06-16 16:21:32.605] [settingssync] [info] Tasks: No changes found during synchronizing tasks.
[2022-06-16 16:21:32.607] [settingssync] [info] GlobalState: No changes found during synchronizing ui state.
[2022-06-16 16:21:32.668] [settingssync] [info] Extensions: No changes found during synchronizing extensions.
[2022-06-16 16:21:32.669] [settingssync] [info] Sync done. Took 73ms
[2022-06-16 16:22:33.977] [settingssync] [info] Auto Sync: Triggered by Activity
[2022-06-16 16:22:34.134] [settingssync] [info] Settings: No changes found during synchronizing settings.
[2022-06-16 16:22:34.138] [settingssync] [info] Keybindings: No changes found during synchronizing keybindings.
[2022-06-16 16:22:34.141] [settingssync] [info] Snippets: No changes found during synchronizing snippets.
[2022-06-16 16:22:34.144] [settingssync] [info] Tasks: No changes found during synchronizing tasks.
[2022-06-16 16:22:34.148] [settingssync] [info] GlobalState: No changes found during synchronizing ui state.
[2022-06-16 16:22:34.208] [settingssync] [info] Extensions: No changes found during synchronizing extensions.
[2022-06-16 16:22:34.209] [settingssync] [info] Sync done. Took 78ms
[2022-06-16 16:22:48.947] [settingssync] [info] Auto Sync: Triggered by Activity
[2022-06-16 16:22:49.072] [settingssync] [info] Settings: No changes found during synchronizing settings.
[2022-06-16 16:22:49.074] [settingssync] [info] Keybindings: No changes found during synchronizing keybindings.
[2022-06-16 16:22:49.076] [settingssync] [info] Snippets: No changes found during synchronizing snippets.
[2022-06-16 16:22:49.077] [settingssync] [info] Tasks: No changes found during synchronizing tasks.
[2022-06-16 16:22:49.079] [settingssync] [info] GlobalState: No changes found during synchronizing ui state.
[2022-06-16 16:22:49.124] [settingssync] [info] Extensions: No changes found during synchronizing extensions.
[2022-06-16 16:22:49.125] [settingssync] [info] Sync done. Took 57ms
[2022-06-16 16:23:28.616] [settingssync] [info] Auto Sync: Triggered by Activity
[2022-06-16 16:23:28.723] [settingssync] [info] Settings: No changes found during synchronizing settings.
[2022-06-16 16:23:28.725] [settingssync] [info] Keybindings: No changes found during synchronizing keybindings.
[2022-06-16 16:23:28.727] [settingssync] [info] Snippets: No changes found during synchronizing snippets.
[2022-06-16 16:23:28.729] [settingssync] [info] Tasks: No changes found during synchronizing tasks.
[2022-06-16 16:23:28.731] [settingssync] [info] GlobalState: No changes found during synchronizing ui state.
[2022-06-16 16:23:28.795] [settingssync] [info] Extensions: No changes found during synchronizing extensions.
[2022-06-16 16:23:28.796] [settingssync] [info] Sync done. Took 76ms
[2022-06-16 16:23:56.372] [settingssync] [info] Auto Sync: Triggered by Activity
[2022-06-16 16:23:56.562] [settingssync] [info] Settings: No changes found during synchronizing settings.
[2022-06-16 16:23:56.564] [settingssync] [info] Keybindings: No changes found during synchronizing keybindings.
[2022-06-16 16:23:56.565] [settingssync] [info] Snippets: No changes found during synchronizing snippets.
[2022-06-16 16:23:56.567] [settingssync] [info] Tasks: No changes found during synchronizing tasks.
[2022-06-16 16:23:56.569] [settingssync] [info] GlobalState: No changes found during synchronizing ui state.
[2022-06-16 16:23:56.615] [settingssync] [info] Extensions: No changes found during synchronizing extensions.
[2022-06-16 16:23:56.616] [settingssync] [info] Sync done. Took 56ms
[2022-06-16 16:24:22.306] [settingssync] [info] Auto Sync: Triggered by Activity
[2022-06-16 16:24:22.421] [settingssync] [info] Settings: No changes found during synchronizing settings.
[2022-06-16 16:24:22.428] [settingssync] [info] Keybindings: No changes found during synchronizing keybindings.
[2022-06-16 16:24:22.429] [settingssync] [info] Snippets: No changes found during synchronizing snippets.
[2022-06-16 16:24:22.431] [settingssync] [info] Tasks: No changes found during synchronizing tasks.
[2022-06-16 16:24:22.433] [settingssync] [info] GlobalState: No changes found during synchronizing ui state.
[2022-06-16 16:24:22.491] [settingssync] [info] Extensions: No changes found during synchronizing extensions.
[2022-06-16 16:24:22.492] [settingssync] [info] Sync done. Took 73ms
[2022-06-16 16:24:40.114] [settingssync] [info] Auto Sync: Triggered by Activity
[2022-06-16 16:24:40.218] [settingssync] [info] Settings: No changes found during synchronizing settings.
[2022-06-16 16:24:40.220] [settingssync] [info] Keybindings: No changes found during synchronizing keybindings.
[2022-06-16 16:24:40.222] [settingssync] [info] Snippets: No changes found during synchronizing snippets.
[2022-06-16 16:24:40.224] [settingssync] [info] Tasks: No changes found during synchronizing tasks.
[2022-06-16 16:24:40.226] [settingssync] [info] GlobalState: No changes found during synchronizing ui state.
[2022-06-16 16:24:40.287] [settingssync] [info] Extensions: No changes found during synchronizing extensions.
[2022-06-16 16:24:40.288] [settingssync] [info] Sync done. Took 72ms
[2022-06-16 16:25:12.697] [settingssync] [info] Auto Sync: Triggered by Activity
[2022-06-16 16:25:15.139] [settingssync] [info] Settings: No changes found during synchronizing settings.
[2022-06-16 16:25:15.141] [settingssync] [info] Keybindings: No changes found during synchronizing keybindings.
[2022-06-16 16:25:15.144] [settingssync] [info] Snippets: No changes found during synchronizing snippets.
[2022-06-16 16:25:15.145] [settingssync] [info] Tasks: No changes found during synchronizing tasks.
[2022-06-16 16:25:15.148] [settingssync] [info] GlobalState: No changes found during synchronizing ui state.
[2022-06-16 16:25:15.194] [settingssync] [info] Extensions: No changes found during synchronizing extensions.
[2022-06-16 16:25:15.196] [settingssync] [info] Sync done. Took 60ms
[2022-06-16 16:25:26.823] [settingssync] [info] Auto Sync: Triggered by Activity
[2022-06-16 16:25:26.955] [settingssync] [info] Settings: No changes found during synchronizing settings.
[2022-06-16 16:25:26.957] [settingssync] [info] Keybindings: No changes found during synchronizing keybindings.
[2022-06-16 16:25:26.959] [settingssync] [info] Snippets: No changes found during synchronizing snippets.
[2022-06-16 16:25:26.961] [settingssync] [info] Tasks: No changes found during synchronizing tasks.
[2022-06-16 16:25:26.964] [settingssync] [info] GlobalState: No changes found during synchronizing ui state.
[2022-06-16 16:25:27.014] [settingssync] [info] Extensions: No changes found during synchronizing extensions.
[2022-06-16 16:25:27.015] [settingssync] [info] Sync done. Took 65ms
[2022-06-16 16:26:04.542] [settingssync] [info] Auto Sync: Triggered by Activity
[2022-06-16 16:26:04.661] [settingssync] [info] Settings: No changes found during synchronizing settings.
[2022-06-16 16:26:04.663] [settingssync] [info] Keybindings: No changes found during synchronizing keybindings.
[2022-06-16 16:26:04.665] [settingssync] [info] Snippets: No changes found during synchronizing snippets.
[2022-06-16 16:26:04.666] [settingssync] [info] Tasks: No changes found during synchronizing tasks.
[2022-06-16 16:26:04.668] [settingssync] [info] GlobalState: No changes found during synchronizing ui state.
[2022-06-16 16:26:04.735] [settingssync] [info] Extensions: No changes found during synchronizing extensions.
[2022-06-16 16:26:04.736] [settingssync] [info] Sync done. Took 78ms
[2022-06-16 16:26:16.683] [settingssync] [info] Auto Sync: Triggered by Activity
[2022-06-16 16:26:16.789] [settingssync] [info] Settings: No changes found during synchronizing settings.
[2022-06-16 16:26:16.790] [settingssync] [info] Keybindings: No changes found during synchronizing keybindings.
[2022-06-16 16:26:16.792] [settingssync] [info] Snippets: No changes found during synchronizing snippets.
[2022-06-16 16:26:16.794] [settingssync] [info] Tasks: No changes found during synchronizing tasks.
[2022-06-16 16:26:16.796] [settingssync] [info] GlobalState: No changes found during synchronizing ui state.
[2022-06-16 16:26:16.841] [settingssync] [info] Extensions: No changes found during synchronizing extensions.
[2022-06-16 16:26:16.844] [settingssync] [info] Sync done. Took 56ms
[2022-06-16 16:26:31.717] [settingssync] [info] Auto Sync: Triggered by Activity
[2022-06-16 16:26:31.829] [settingssync] [info] Settings: No changes found during synchronizing settings.
[2022-06-16 16:26:31.831] [settingssync] [info] Keybindings: No changes found during synchronizing keybindings.
[2022-06-16 16:26:31.833] [settingssync] [info] Snippets: No changes found during synchronizing snippets.
[2022-06-16 16:26:31.835] [settingssync] [info] Tasks: No changes found during synchronizing tasks.
[2022-06-16 16:26:31.837] [settingssync] [info] GlobalState: No changes found during synchronizing ui state.
[2022-06-16 16:26:31.890] [settingssync] [info] Extensions: No changes found during synchronizing extensions.
[2022-06-16 16:26:31.891] [settingssync] [info] Sync done. Took 66ms
[2022-06-16 16:27:15.206] [settingssync] [info] Auto Sync: Triggered by Activity
[2022-06-16 16:27:15.385] [settingssync] [info] Settings: No changes found during synchronizing settings.
[2022-06-16 16:27:15.387] [settingssync] [info] Keybindings: No changes found during synchronizing keybindings.
[2022-06-16 16:27:15.389] [settingssync] [info] Snippets: No changes found during synchronizing snippets.
[2022-06-16 16:27:15.391] [settingssync] [info] Tasks: No changes found during synchronizing tasks.
[2022-06-16 16:27:15.393] [settingssync] [info] GlobalState: No changes found during synchronizing ui state.
[2022-06-16 16:27:15.453] [settingssync] [info] Extensions: No changes found during synchronizing extensions.
[2022-06-16 16:27:15.454] [settingssync] [info] Sync done. Took 71ms
[2022-06-16 16:27:36.013] [settingssync] [info] Auto Sync: Triggered by Activity
[2022-06-16 16:27:36.131] [settingssync] [info] Settings: No changes found during synchronizing settings.
[2022-06-16 16:27:36.133] [settingssync] [info] Keybindings: No changes found during synchronizing keybindings.
[2022-06-16 16:27:36.135] [settingssync] [info] Snippets: No changes found during synchronizing snippets.
[2022-06-16 16:27:36.136] [settingssync] [info] Tasks: No changes found during synchronizing tasks.
[2022-06-16 16:27:36.139] [settingssync] [info] GlobalState: No changes found during synchronizing ui state.
[2022-06-16 16:27:36.191] [settingssync] [info] Extensions: No changes found during synchronizing extensions.
[2022-06-16 16:27:36.195] [settingssync] [info] Sync done. Took 65ms
[2022-06-16 16:27:55.028] [settingssync] [info] Auto Sync: Triggered by Activity
[2022-06-16 16:27:55.146] [settingssync] [info] Settings: No changes found during synchronizing settings.
[2022-06-16 16:27:55.148] [settingssync] [info] Keybindings: No changes found during synchronizing keybindings.
[2022-06-16 16:27:55.151] [settingssync] [info] Snippets: No changes found during synchronizing snippets.
[2022-06-16 16:27:55.152] [settingssync] [info] Tasks: No changes found during synchronizing tasks.
[2022-06-16 16:27:55.155] [settingssync] [info] GlobalState: No changes found during synchronizing ui state.
[2022-06-16 16:27:55.203] [settingssync] [info] Extensions: No changes found during synchronizing extensions.
[2022-06-16 16:27:55.204] [settingssync] [info] Sync done. Took 62ms
[2022-06-16 16:28:29.505] [settingssync] [info] Auto Sync: Triggered by Activity
[2022-06-16 16:28:29.618] [settingssync] [info] Settings: No changes found during synchronizing settings.
[2022-06-16 16:28:29.620] [settingssync] [info] Keybindings: No changes found during synchronizing keybindings.
[2022-06-16 16:28:29.622] [settingssync] [info] Snippets: No changes found during synchronizing snippets.
[2022-06-16 16:28:29.624] [settingssync] [info] Tasks: No changes found during synchronizing tasks.
[2022-06-16 16:28:29.627] [settingssync] [info] GlobalState: No changes found during synchronizing ui state.
[2022-06-16 16:28:29.688] [settingssync] [info] Extensions: No changes found during synchronizing extensions.
[2022-06-16 16:28:29.689] [settingssync] [info] Sync done. Took 74ms
[2022-06-16 16:28:51.828] [settingssync] [info] Auto Sync: Triggered by Activity
[2022-06-16 16:28:51.952] [settingssync] [info] Settings: No changes found during synchronizing settings.
[2022-06-16 16:28:51.954] [settingssync] [info] Keybindings: No changes found during synchronizing keybindings.
[2022-06-16 16:28:51.956] [settingssync] [info] Snippets: No changes found during synchronizing snippets.
[2022-06-16 16:28:51.958] [settingssync] [info] Tasks: No changes found during synchronizing tasks.
[2022-06-16 16:28:51.960] [settingssync] [info] GlobalState: No changes found during synchronizing ui state.
[2022-06-16 16:28:52.012] [settingssync] [info] Extensions: No changes found during synchronizing extensions.
[2022-06-16 16:28:52.013] [settingssync] [info] Sync done. Took 64ms
[2022-06-16 16:29:27.177] [settingssync] [info] Auto Sync: Triggered by Activity
[2022-06-16 16:29:27.369] [settingssync] [info] Settings: No changes found during synchronizing settings.
[2022-06-16 16:29:27.372] [settingssync] [info] Keybindings: No changes found during synchronizing keybindings.
[2022-06-16 16:29:27.373] [settingssync] [info] Snippets: No changes found during synchronizing snippets.
[2022-06-16 16:29:27.376] [settingssync] [info] Tasks: No changes found during synchronizing tasks.
[2022-06-16 16:29:27.378] [settingssync] [info] GlobalState: No changes found during synchronizing ui state.
[2022-06-16 16:29:27.443] [settingssync] [info] Extensions: No changes found during synchronizing extensions.
[2022-06-16 16:29:27.444] [settingssync] [info] Sync done. Took 78ms
[2022-06-16 16:30:01.359] [settingssync] [info] Auto Sync: Triggered by Activity
[2022-06-16 16:30:01.572] [settingssync] [info] Settings: No changes found during synchronizing settings.
[2022-06-16 16:30:01.574] [settingssync] [info] Keybindings: No changes found during synchronizing keybindings.
[2022-06-16 16:30:01.576] [settingssync] [info] Snippets: No changes found during synchronizing snippets.
[2022-06-16 16:30:01.577] [settingssync] [info] Tasks: No changes found during synchronizing tasks.
[2022-06-16 16:30:01.579] [settingssync] [info] GlobalState: No changes found during synchronizing ui state.
[2022-06-16 16:30:01.628] [settingssync] [info] Extensions: No changes found during synchronizing extensions.
[2022-06-16 16:30:01.630] [settingssync] [info] Sync done. Took 61ms
[2022-06-16 16:31:05.029] [settingssync] [info] Auto Sync: Triggered by Activity
[2022-06-16 16:31:05.147] [settingssync] [info] Settings: No changes found during synchronizing settings.
[2022-06-16 16:31:05.149] [settingssync] [info] Keybindings: No changes found during synchronizing keybindings.
[2022-06-16 16:31:05.150] [settingssync] [info] Snippets: No changes found during synchronizing snippets.
[2022-06-16 16:31:05.152] [settingssync] [info] Tasks: No changes found during synchronizing tasks.
[2022-06-16 16:31:05.154] [settingssync] [info] GlobalState: No changes found during synchronizing ui state.
[2022-06-16 16:31:05.201] [settingssync] [info] Extensions: No changes found during synchronizing extensions.
[2022-06-16 16:31:05.203] [settingssync] [info] Sync done. Took 58ms
[2022-06-16 16:31:17.164] [settingssync] [info] Auto Sync: Triggered by Activity
[2022-06-16 16:31:17.284] [settingssync] [info] Settings: No changes found during synchronizing settings.
[2022-06-16 16:31:17.287] [settingssync] [info] Keybindings: No changes found during synchronizing keybindings.
[2022-06-16 16:31:17.289] [settingssync] [info] Snippets: No changes found during synchronizing snippets.
[2022-06-16 16:31:17.291] [settingssync] [info] Tasks: No changes found during synchronizing tasks.
[2022-06-16 16:31:17.293] [settingssync] [info] GlobalState: No changes found during synchronizing ui state.
[2022-06-16 16:31:17.342] [settingssync] [info] Extensions: No changes found during synchronizing extensions.
[2022-06-16 16:31:17.343] [settingssync] [info] Sync done. Took 64ms
[2022-06-16 16:31:35.153] [settingssync] [info] Auto Sync: Triggered by Activity
[2022-06-16 16:31:35.259] [settingssync] [info] Settings: No changes found during synchronizing settings.
[2022-06-16 16:31:35.262] [settingssync] [info] Keybindings: No changes found during synchronizing keybindings.
[2022-06-16 16:31:35.263] [settingssync] [info] Snippets: No changes found during synchronizing snippets.
[2022-06-16 16:31:35.265] [settingssync] [info] Tasks: No changes found during synchronizing tasks.
[2022-06-16 16:31:35.267] [settingssync] [info] GlobalState: No changes found during synchronizing ui state.
[2022-06-16 16:31:35.330] [settingssync] [info] Extensions: No changes found during synchronizing extensions.
[2022-06-16 16:31:35.330] [settingssync] [info] Sync done. Took 74ms
[2022-06-16 16:32:17.229] [settingssync] [info] Auto Sync: Triggered by Activity
[2022-06-16 16:32:17.353] [settingssync] [info] Settings: No changes found during synchronizing settings.
[2022-06-16 16:32:17.355] [settingssync] [info] Keybindings: No changes found during synchronizing keybindings.
[2022-06-16 16:32:17.357] [settingssync] [info] Snippets: No changes found during synchronizing snippets.
[2022-06-16 16:32:17.358] [settingssync] [info] Tasks: No changes found during synchronizing tasks.
[2022-06-16 16:32:17.361] [settingssync] [info] GlobalState: No changes found during synchronizing ui state.
[2022-06-16 16:32:17.405] [settingssync] [info] Extensions: No changes found during synchronizing extensions.
[2022-06-16 16:32:17.406] [settingssync] [info] Sync done. Took 55ms
[2022-06-16 16:32:37.264] [settingssync] [info] Auto Sync: Triggered by Activity
[2022-06-16 16:32:37.406] [settingssync] [info] Settings: No changes found during synchronizing settings.
[2022-06-16 16:32:37.409] [settingssync] [info] Keybindings: No changes found during synchronizing keybindings.
[2022-06-16 16:32:37.412] [settingssync] [info] Snippets: No changes found during synchronizing snippets.
[2022-06-16 16:32:37.414] [settingssync] [info] Tasks: No changes found during synchronizing tasks.
[2022-06-16 16:32:37.418] [settingssync] [info] GlobalState: No changes found during synchronizing ui state.
[2022-06-16 16:32:37.502] [settingssync] [info] Extensions: No changes found during synchronizing extensions.
[2022-06-16 16:32:37.504] [settingssync] [info] Sync done. Took 103ms
[2022-06-16 16:33:04.375] [settingssync] [info] Auto Sync: Triggered by Activity
[2022-06-16 16:33:04.525] [settingssync] [info] Settings: No changes found during synchronizing settings.
[2022-06-16 16:33:04.530] [settingssync] [info] Keybindings: No changes found during synchronizing keybindings.
[2022-06-16 16:33:04.532] [settingssync] [info] Snippets: No changes found during synchronizing snippets.
[2022-06-16 16:33:04.533] [settingssync] [info] Tasks: No changes found during synchronizing tasks.
[2022-06-16 16:33:04.535] [settingssync] [info] GlobalState: No changes found during synchronizing ui state.
[2022-06-16 16:33:04.597] [settingssync] [info] Extensions: No changes found during synchronizing extensions.
[2022-06-16 16:33:04.598] [settingssync] [info] Sync done. Took 76ms
[2022-06-16 16:33:22.939] [settingssync] [info] Auto Sync: Triggered by Activity
[2022-06-16 16:33:23.042] [settingssync] [info] Settings: No changes found during synchronizing settings.
[2022-06-16 16:33:23.044] [settingssync] [info] Keybindings: No changes found during synchronizing keybindings.
[2022-06-16 16:33:23.046] [settingssync] [info] Snippets: No changes found during synchronizing snippets.
[2022-06-16 16:33:23.047] [settingssync] [info] Tasks: No changes found during synchronizing tasks.
[2022-06-16 16:33:23.049] [settingssync] [info] GlobalState: No changes found during synchronizing ui state.
[2022-06-16 16:33:23.098] [settingssync] [info] Extensions: No changes found during synchronizing extensions.
[2022-06-16 16:33:23.101] [settingssync] [info] Sync done. Took 62ms
[2022-06-16 16:33:44.247] [settingssync] [info] Auto Sync: Triggered by Activity
[2022-06-16 16:33:44.350] [settingssync] [info] Settings: No changes found during synchronizing settings.
[2022-06-16 16:33:44.351] [settingssync] [info] Keybindings: No changes found during synchronizing keybindings.
[2022-06-16 16:33:44.353] [settingssync] [info] Snippets: No changes found during synchronizing snippets.
[2022-06-16 16:33:44.355] [settingssync] [info] Tasks: No changes found during synchronizing tasks.
[2022-06-16 16:33:44.357] [settingssync] [info] GlobalState: No changes found during synchronizing ui state.
[2022-06-16 16:33:44.404] [settingssync] [info] Extensions: No changes found during synchronizing extensions.
[2022-06-16 16:33:44.405] [settingssync] [info] Sync done. Took 58ms
[2022-06-16 16:35:56.053] [settingssync] [info] Auto Sync: Triggered by Activity
[2022-06-16 16:35:56.252] [settingssync] [info] Settings: No changes found during synchronizing settings.
[2022-06-16 16:35:56.254] [settingssync] [info] Keybindings: No changes found during synchronizing keybindings.
[2022-06-16 16:35:56.256] [settingssync] [info] Snippets: No changes found during synchronizing snippets.
[2022-06-16 16:35:56.257] [settingssync] [info] Tasks: No changes found during synchronizing tasks.
[2022-06-16 16:35:56.260] [settingssync] [info] GlobalState: No changes found during synchronizing ui state.
[2022-06-16 16:35:56.324] [settingssync] [info] Extensions: No changes found during synchronizing extensions.
[2022-06-16 16:35:56.325] [settingssync] [info] Sync done. Took 75ms
[2022-06-16 16:37:05.664] [settingssync] [info] Auto Sync: Triggered by Activity
[2022-06-16 16:37:05.958] [settingssync] [info] Settings: No changes found during synchronizing settings.
[2022-06-16 16:37:05.960] [settingssync] [info] Keybindings: No changes found during synchronizing keybindings.
[2022-06-16 16:37:05.962] [settingssync] [info] Snippets: No changes found during synchronizing snippets.
[2022-06-16 16:37:05.963] [settingssync] [info] Tasks: No changes found during synchronizing tasks.
[2022-06-16 16:37:05.966] [settingssync] [info] GlobalState: No changes found during synchronizing ui state.
[2022-06-16 16:37:06.022] [settingssync] [info] Extensions: No changes found during synchronizing extensions.
[2022-06-16 16:37:06.023] [settingssync] [info] Sync done. Took 67ms
[2022-06-16 16:37:20.136] [settingssync] [info] Auto Sync: Triggered by Activity
[2022-06-16 16:37:20.251] [settingssync] [info] Settings: No changes found during synchronizing settings.
[2022-06-16 16:37:20.253] [settingssync] [info] Keybindings: No changes found during synchronizing keybindings.
[2022-06-16 16:37:20.255] [settingssync] [info] Snippets: No changes found during synchronizing snippets.
[2022-06-16 16:37:20.257] [settingssync] [info] Tasks: No changes found during synchronizing tasks.
[2022-06-16 16:37:20.260] [settingssync] [info] GlobalState: No changes found during synchronizing ui state.
[2022-06-16 16:37:20.311] [settingssync] [info] Extensions: No changes found during synchronizing extensions.
[2022-06-16 16:37:20.312] [settingssync] [info] Sync done. Took 63ms
[2022-06-16 16:37:34.633] [settingssync] [info] Auto Sync: Triggered by Activity
[2022-06-16 16:37:34.754] [settingssync] [info] Settings: No changes found during synchronizing settings.
[2022-06-16 16:37:34.756] [settingssync] [info] Keybindings: No changes found during synchronizing keybindings.
[2022-06-16 16:37:34.758] [settingssync] [info] Snippets: No changes found during synchronizing snippets.
[2022-06-16 16:37:34.760] [settingssync] [info] Tasks: No changes found during synchronizing tasks.
[2022-06-16 16:37:34.762] [settingssync] [info] GlobalState: No changes found during synchronizing ui state.
[2022-06-16 16:37:34.832] [settingssync] [info] Extensions: No changes found during synchronizing extensions.
[2022-06-16 16:37:34.832] [settingssync] [info] Sync done. Took 81ms
[2022-06-16 16:38:16.291] [settingssync] [info] Auto Sync: Triggered by Activity
[2022-06-16 16:38:16.412] [settingssync] [info] Settings: No changes found during synchronizing settings.
[2022-06-16 16:38:16.414] [settingssync] [info] Keybindings: No changes found during synchronizing keybindings.
[2022-06-16 16:38:16.415] [settingssync] [info] Snippets: No changes found during synchronizing snippets.
[2022-06-16 16:38:16.417] [settingssync] [info] Tasks: No changes found during synchronizing tasks.
[2022-06-16 16:38:16.419] [settingssync] [info] GlobalState: No changes found during synchronizing ui state.
[2022-06-16 16:38:16.469] [settingssync] [info] Extensions: No changes found during synchronizing extensions.
[2022-06-16 16:38:16.471] [settingssync] [info] Sync done. Took 61ms
[2022-06-16 16:38:42.219] [settingssync] [info] Auto Sync: Triggered by Activity
[2022-06-16 16:38:42.338] [settingssync] [info] Settings: No changes found during synchronizing settings.
[2022-06-16 16:38:42.341] [settingssync] [info] Keybindings: No changes found during synchronizing keybindings.
[2022-06-16 16:38:42.344] [settingssync] [info] Snippets: No changes found during synchronizing snippets.
[2022-06-16 16:38:42.345] [settingssync] [info] Tasks: No changes found during synchronizing tasks.
[2022-06-16 16:38:42.348] [settingssync] [info] GlobalState: No changes found during synchronizing ui state.
[2022-06-16 16:38:42.401] [settingssync] [info] Extensions: No changes found during synchronizing extensions.
[2022-06-16 16:38:42.402] [settingssync] [info] Sync done. Took 69ms
[2022-06-16 16:39:08.991] [settingssync] [info] Auto Sync: Triggered by Activity
[2022-06-16 16:39:09.396] [settingssync] [info] Settings: No changes found during synchronizing settings.
[2022-06-16 16:39:09.397] [settingssync] [info] Keybindings: No changes found during synchronizing keybindings.
[2022-06-16 16:39:09.400] [settingssync] [info] Snippets: No changes found during synchronizing snippets.
[2022-06-16 16:39:09.401] [settingssync] [info] Tasks: No changes found during synchronizing tasks.
[2022-06-16 16:39:09.404] [settingssync] [info] GlobalState: No changes found during synchronizing ui state.
[2022-06-16 16:39:09.469] [settingssync] [info] Extensions: No changes found during synchronizing extensions.
[2022-06-16 16:39:09.470] [settingssync] [info] Sync done. Took 77ms
[2022-06-16 16:39:39.006] [settingssync] [info] Auto Sync: Triggered by Activity
[2022-06-16 16:39:39.312] [settingssync] [info] Settings: No changes found during synchronizing settings.
[2022-06-16 16:39:39.314] [settingssync] [info] Keybindings: No changes found during synchronizing keybindings.
[2022-06-16 16:39:39.316] [settingssync] [info] Snippets: No changes found during synchronizing snippets.
[2022-06-16 16:39:39.317] [settingssync] [info] Tasks: No changes found during synchronizing tasks.
[2022-06-16 16:39:39.319] [settingssync] [info] GlobalState: No changes found during synchronizing ui state.
[2022-06-16 16:39:39.366] [settingssync] [info] Extensions: No changes found during synchronizing extensions.
[2022-06-16 16:39:39.372] [settingssync] [info] Sync done. Took 62ms
[2022-06-16 16:40:04.191] [settingssync] [info] Auto Sync: Triggered by Activity
[2022-06-16 16:40:04.843] [settingssync] [info] Settings: No changes found during synchronizing settings.
[2022-06-16 16:40:04.846] [settingssync] [info] Keybindings: No changes found during synchronizing keybindings.
[2022-06-16 16:40:04.847] [settingssync] [info] Snippets: No changes found during synchronizing snippets.
[2022-06-16 16:40:04.849] [settingssync] [info] Tasks: No changes found during synchronizing tasks.
[2022-06-16 16:40:04.851] [settingssync] [info] GlobalState: No changes found during synchronizing ui state.
[2022-06-16 16:40:04.909] [settingssync] [info] Extensions: No changes found during synchronizing extensions.
[2022-06-16 16:40:04.910] [settingssync] [info] Sync done. Took 72ms
[2022-06-16 16:40:44.108] [settingssync] [info] Auto Sync: Triggered by Activity
[2022-06-16 16:40:44.494] [settingssync] [info] Settings: No changes found during synchronizing settings.
[2022-06-16 16:40:44.496] [settingssync] [info] Keybindings: No changes found during synchronizing keybindings.
[2022-06-16 16:40:44.498] [settingssync] [info] Snippets: No changes found during synchronizing snippets.
[2022-06-16 16:40:44.499] [settingssync] [info] Tasks: No changes found during synchronizing tasks.
[2022-06-16 16:40:44.502] [settingssync] [info] GlobalState: No changes found during synchronizing ui state.
[2022-06-16 16:40:44.565] [settingssync] [info] Extensions: No changes found during synchronizing extensions.
[2022-06-16 16:40:44.566] [settingssync] [info] Sync done. Took 73ms
[2022-06-16 16:41:16.925] [settingssync] [info] Auto Sync: Triggered by Activity
[2022-06-16 16:41:17.105] [settingssync] [info] Settings: No changes found during synchronizing settings.
[2022-06-16 16:41:17.107] [settingssync] [info] Keybindings: No changes found during synchronizing keybindings.
[2022-06-16 16:41:17.109] [settingssync] [info] Snippets: No changes found during synchronizing snippets.
[2022-06-16 16:41:17.111] [settingssync] [info] Tasks: No changes found during synchronizing tasks.
[2022-06-16 16:41:17.114] [settingssync] [info] GlobalState: No changes found during synchronizing ui state.
[2022-06-16 16:41:17.165] [settingssync] [info] Extensions: No changes found during synchronizing extensions.
[2022-06-16 16:41:17.168] [settingssync] [info] Sync done. Took 66ms
[2022-06-16 16:41:35.441] [settingssync] [info] Auto Sync: Triggered by Activity
[2022-06-16 16:41:35.571] [settingssync] [info] Settings: No changes found during synchronizing settings.
[2022-06-16 16:41:35.573] [settingssync] [info] Keybindings: No changes found during synchronizing keybindings.
[2022-06-16 16:41:35.575] [settingssync] [info] Snippets: No changes found during synchronizing snippets.
[2022-06-16 16:41:35.581] [settingssync] [info] Tasks: No changes found during synchronizing tasks.
[2022-06-16 16:41:35.584] [settingssync] [info] GlobalState: No changes found during synchronizing ui state.
[2022-06-16 16:41:35.638] [settingssync] [info] Extensions: No changes found during synchronizing extensions.
[2022-06-16 16:41:35.640] [settingssync] [info] Sync done. Took 73ms
[2022-06-16 16:42:45.012] [settingssync] [info] Auto Sync: Triggered by Activity
[2022-06-16 16:42:45.324] [settingssync] [info] Settings: No changes found during synchronizing settings.
[2022-06-16 16:42:45.326] [settingssync] [info] Keybindings: No changes found during synchronizing keybindings.
[2022-06-16 16:42:45.328] [settingssync] [info] Snippets: No changes found during synchronizing snippets.
[2022-06-16 16:42:45.329] [settingssync] [info] Tasks: No changes found during synchronizing tasks.
[2022-06-16 16:42:45.331] [settingssync] [info] GlobalState: No changes found during synchronizing ui state.
[2022-06-16 16:42:45.397] [settingssync] [info] Extensions: No changes found during synchronizing extensions.
[2022-06-16 16:42:45.398] [settingssync] [info] Sync done. Took 76ms
[2022-06-16 16:43:09.460] [settingssync] [info] Auto Sync: Triggered by Activity
[2022-06-16 16:43:11.057] [settingssync] [info] Settings: No changes found during synchronizing settings.
[2022-06-16 16:43:11.061] [settingssync] [info] Keybindings: No changes found during synchronizing keybindings.
[2022-06-16 16:43:11.064] [settingssync] [info] Snippets: No changes found during synchronizing snippets.
[2022-06-16 16:43:11.067] [settingssync] [info] Tasks: No changes found during synchronizing tasks.
[2022-06-16 16:43:11.072] [settingssync] [info] GlobalState: No changes found during synchronizing ui state.
[2022-06-16 16:43:11.121] [settingssync] [info] Extensions: No changes found during synchronizing extensions.
[2022-06-16 16:43:11.123] [settingssync] [info] Sync done. Took 68ms
[2022-06-16 16:44:33.408] [settingssync] [info] Auto Sync: Triggered by Activity
[2022-06-16 16:44:33.515] [settingssync] [info] Settings: No changes found during synchronizing settings.
[2022-06-16 16:44:33.517] [settingssync] [info] Keybindings: No changes found during synchronizing keybindings.
[2022-06-16 16:44:33.519] [settingssync] [info] Snippets: No changes found during synchronizing snippets.
[2022-06-16 16:44:33.520] [settingssync] [info] Tasks: No changes found during synchronizing tasks.
[2022-06-16 16:44:33.523] [settingssync] [info] GlobalState: No changes found during synchronizing ui state.
[2022-06-16 16:44:33.580] [settingssync] [info] Extensions: No changes found during synchronizing extensions.
[2022-06-16 16:44:33.581] [settingssync] [info] Sync done. Took 71ms
[2022-06-16 16:44:59.709] [settingssync] [info] Auto Sync: Triggered by Activity
[2022-06-16 16:44:59.871] [settingssync] [info] Settings: No changes found during synchronizing settings.
[2022-06-16 16:44:59.874] [settingssync] [info] Keybindings: No changes found during synchronizing keybindings.
[2022-06-16 16:44:59.876] [settingssync] [info] Snippets: No changes found during synchronizing snippets.
[2022-06-16 16:44:59.877] [settingssync] [info] Tasks: No changes found during synchronizing tasks.
[2022-06-16 16:44:59.880] [settingssync] [info] GlobalState: No changes found during synchronizing ui state.
[2022-06-16 16:44:59.950] [settingssync] [info] Extensions: No changes found during synchronizing extensions.
[2022-06-16 16:44:59.951] [settingssync] [info] Sync done. Took 83ms
[2022-06-16 16:45:18.184] [settingssync] [info] Auto Sync: Triggered by Activity
[2022-06-16 16:45:18.322] [settingssync] [info] Settings: No changes found during synchronizing settings.
[2022-06-16 16:45:18.326] [settingssync] [info] Keybindings: No changes found during synchronizing keybindings.
[2022-06-16 16:45:18.328] [settingssync] [info] Snippets: No changes found during synchronizing snippets.
[2022-06-16 16:45:18.330] [settingssync] [info] Tasks: No changes found during synchronizing tasks.
[2022-06-16 16:45:18.332] [settingssync] [info] GlobalState: No changes found during synchronizing ui state.
[2022-06-16 16:45:18.378] [settingssync] [info] Extensions: No changes found during synchronizing extensions.
[2022-06-16 16:45:18.378] [settingssync] [info] Sync done. Took 61ms
[2022-06-16 16:45:31.715] [settingssync] [info] Auto Sync: Triggered by Activity
[2022-06-16 16:45:31.819] [settingssync] [info] Settings: No changes found during synchronizing settings.
[2022-06-16 16:45:31.820] [settingssync] [info] Keybindings: No changes found during synchronizing keybindings.
[2022-06-16 16:45:31.822] [settingssync] [info] Snippets: No changes found during synchronizing snippets.
[2022-06-16 16:45:31.824] [settingssync] [info] Tasks: No changes found during synchronizing tasks.
[2022-06-16 16:45:31.826] [settingssync] [info] GlobalState: No changes found during synchronizing ui state.
[2022-06-16 16:45:31.895] [settingssync] [info] Extensions: No changes found during synchronizing extensions.
[2022-06-16 16:45:31.896] [settingssync] [info] Sync done. Took 79ms
[2022-06-16 16:46:12.579] [settingssync] [info] Auto Sync: Triggered by Activity
[2022-06-16 16:46:12.703] [settingssync] [info] Settings: No changes found during synchronizing settings.
[2022-06-16 16:46:12.706] [settingssync] [info] Keybindings: No changes found during synchronizing keybindings.
[2022-06-16 16:46:12.709] [settingssync] [info] Snippets: No changes found during synchronizing snippets.
[2022-06-16 16:46:12.710] [settingssync] [info] Tasks: No changes found during synchronizing tasks.
[2022-06-16 16:46:12.713] [settingssync] [info] GlobalState: No changes found during synchronizing ui state.
[2022-06-16 16:46:12.780] [settingssync] [info] Extensions: No changes found during synchronizing extensions.
[2022-06-16 16:46:12.781] [settingssync] [info] Sync done. Took 81ms
[2022-06-16 16:47:06.636] [settingssync] [info] Auto Sync: Triggered by Activity
[2022-06-16 16:47:06.768] [settingssync] [info] Settings: No changes found during synchronizing settings.
[2022-06-16 16:47:06.770] [settingssync] [info] Keybindings: No changes found during synchronizing keybindings.
[2022-06-16 16:47:06.773] [settingssync] [info] Snippets: No changes found during synchronizing snippets.
[2022-06-16 16:47:06.774] [settingssync] [info] Tasks: No changes found during synchronizing tasks.
[2022-06-16 16:47:06.777] [settingssync] [info] GlobalState: No changes found during synchronizing ui state.
[2022-06-16 16:47:06.829] [settingssync] [info] Extensions: No changes found during synchronizing extensions.
[2022-06-16 16:47:06.830] [settingssync] [info] Sync done. Took 65ms
[2022-06-16 16:47:19.063] [settingssync] [info] Auto Sync: Triggered by Activity
[2022-06-16 16:47:19.171] [settingssync] [info] Settings: No changes found during synchronizing settings.
[2022-06-16 16:47:19.173] [settingssync] [info] Keybindings: No changes found during synchronizing keybindings.
[2022-06-16 16:47:19.175] [settingssync] [info] Snippets: No changes found during synchronizing snippets.
[2022-06-16 16:47:19.177] [settingssync] [info] Tasks: No changes found during synchronizing tasks.
[2022-06-16 16:47:19.179] [settingssync] [info] GlobalState: No changes found during synchronizing ui state.
[2022-06-16 16:47:19.247] [settingssync] [info] Extensions: No changes found during synchronizing extensions.
[2022-06-16 16:47:19.248] [settingssync] [info] Sync done. Took 80ms
[2022-06-16 16:47:52.589] [settingssync] [info] Auto Sync: Triggered by Activity
[2022-06-16 16:47:52.761] [settingssync] [info] Settings: No changes found during synchronizing settings.
[2022-06-16 16:47:52.763] [settingssync] [info] Keybindings: No changes found during synchronizing keybindings.
[2022-06-16 16:47:52.765] [settingssync] [info] Snippets: No changes found during synchronizing snippets.
[2022-06-16 16:47:52.767] [settingssync] [info] Tasks: No changes found during synchronizing tasks.
[2022-06-16 16:47:52.769] [settingssync] [info] GlobalState: No changes found during synchronizing ui state.
[2022-06-16 16:47:52.835] [settingssync] [info] Extensions: No changes found during synchronizing extensions.
[2022-06-16 16:47:52.836] [settingssync] [info] Sync done. Took 77ms
[2022-06-16 16:48:14.939] [settingssync] [info] Auto Sync: Triggered by Activity
[2022-06-16 16:48:15.092] [settingssync] [info] Settings: No changes found during synchronizing settings.
[2022-06-16 16:48:15.095] [settingssync] [info] Keybindings: No changes found during synchronizing keybindings.
[2022-06-16 16:48:15.097] [settingssync] [info] Snippets: No changes found during synchronizing snippets.
[2022-06-16 16:48:15.098] [settingssync] [info] Tasks: No changes found during synchronizing tasks.
[2022-06-16 16:48:15.100] [settingssync] [info] GlobalState: No changes found during synchronizing ui state.
[2022-06-16 16:48:15.151] [settingssync] [info] Extensions: No changes found during synchronizing extensions.
[2022-06-16 16:48:15.154] [settingssync] [info] Sync done. Took 63ms
[2022-06-16 16:48:46.826] [settingssync] [info] Auto Sync: Triggered by Activity
[2022-06-16 16:48:46.941] [settingssync] [info] Settings: No changes found during synchronizing settings.
[2022-06-16 16:48:46.944] [settingssync] [info] Keybindings: No changes found during synchronizing keybindings.
[2022-06-16 16:48:46.946] [settingssync] [info] Snippets: No changes found during synchronizing snippets.
[2022-06-16 16:48:46.947] [settingssync] [info] Tasks: No changes found during synchronizing tasks.
[2022-06-16 16:48:46.949] [settingssync] [info] GlobalState: No changes found during synchronizing ui state.
[2022-06-16 16:48:46.997] [settingssync] [info] Extensions: No changes found during synchronizing extensions.
[2022-06-16 16:48:46.998] [settingssync] [info] Sync done. Took 61ms
[2022-06-16 16:49:00.762] [settingssync] [info] Auto Sync: Triggered by Activity
[2022-06-16 16:49:00.877] [settingssync] [info] Settings: No changes found during synchronizing settings.
[2022-06-16 16:49:00.880] [settingssync] [info] Keybindings: No changes found during synchronizing keybindings.
[2022-06-16 16:49:00.883] [settingssync] [info] Snippets: No changes found during synchronizing snippets.
[2022-06-16 16:49:00.885] [settingssync] [info] Tasks: No changes found during synchronizing tasks.
[2022-06-16 16:49:00.888] [settingssync] [info] GlobalState: No changes found during synchronizing ui state.
[2022-06-16 16:49:00.946] [settingssync] [info] Extensions: No changes found during synchronizing extensions.
[2022-06-16 16:49:00.947] [settingssync] [info] Sync done. Took 73ms
[2022-06-16 16:49:54.976] [settingssync] [info] Auto Sync: Triggered by Activity
[2022-06-16 16:49:55.516] [settingssync] [info] Settings: No changes found during synchronizing settings.
[2022-06-16 16:49:55.518] [settingssync] [info] Keybindings: No changes found during synchronizing keybindings.
[2022-06-16 16:49:55.520] [settingssync] [info] Snippets: No changes found during synchronizing snippets.
[2022-06-16 16:49:55.521] [settingssync] [info] Tasks: No changes found during synchronizing tasks.
[2022-06-16 16:49:55.524] [settingssync] [info] GlobalState: No changes found during synchronizing ui state.
[2022-06-16 16:49:55.570] [settingssync] [info] Extensions: No changes found during synchronizing extensions.
[2022-06-16 16:49:55.572] [settingssync] [info] Sync done. Took 58ms
[2022-06-16 16:51:00.820] [settingssync] [info] Auto Sync: Triggered by Activity
[2022-06-16 16:51:00.951] [settingssync] [info] Settings: No changes found during synchronizing settings.
[2022-06-16 16:51:00.953] [settingssync] [info] Keybindings: No changes found during synchronizing keybindings.
[2022-06-16 16:51:00.955] [settingssync] [info] Snippets: No changes found during synchronizing snippets.
[2022-06-16 16:51:00.956] [settingssync] [info] Tasks: No changes found during synchronizing tasks.
[2022-06-16 16:51:00.958] [settingssync] [info] GlobalState: No changes found during synchronizing ui state.
[2022-06-16 16:51:01.009] [settingssync] [info] Extensions: No changes found during synchronizing extensions.
[2022-06-16 16:51:01.009] [settingssync] [info] Sync done. Took 61ms
[2022-06-16 16:52:03.388] [settingssync] [info] Auto Sync: Triggered by Activity
[2022-06-16 16:52:03.498] [settingssync] [info] Settings: No changes found during synchronizing settings.
[2022-06-16 16:52:03.501] [settingssync] [info] Keybindings: No changes found during synchronizing keybindings.
[2022-06-16 16:52:03.504] [settingssync] [info] Snippets: No changes found during synchronizing snippets.
[2022-06-16 16:52:03.507] [settingssync] [info] Tasks: No changes found during synchronizing tasks.
[2022-06-16 16:52:03.510] [settingssync] [info] GlobalState: No changes found during synchronizing ui state.
[2022-06-16 16:52:03.571] [settingssync] [info] Extensions: No changes found during synchronizing extensions.
[2022-06-16 16:52:03.572] [settingssync] [info] Sync done. Took 76ms
[2022-06-16 16:52:33.059] [settingssync] [info] Auto Sync: Triggered by Activity
[2022-06-16 16:52:33.494] [settingssync] [info] Settings: No changes found during synchronizing settings.
[2022-06-16 16:52:33.499] [settingssync] [info] Keybindings: No changes found during synchronizing keybindings.
[2022-06-16 16:52:33.501] [settingssync] [info] Snippets: No changes found during synchronizing snippets.
[2022-06-16 16:52:33.504] [settingssync] [info] Tasks: No changes found during synchronizing tasks.
[2022-06-16 16:52:33.506] [settingssync] [info] GlobalState: No changes found during synchronizing ui state.
[2022-06-16 16:52:33.589] [settingssync] [info] Extensions: No changes found during synchronizing extensions.
[2022-06-16 16:52:33.590] [settingssync] [info] Sync done. Took 101ms
[2022-06-16 16:52:48.123] [settingssync] [info] Auto Sync: Triggered by Activity
[2022-06-16 16:52:48.261] [settingssync] [info] Settings: No changes found during synchronizing settings.
[2022-06-16 16:52:48.264] [settingssync] [info] Keybindings: No changes found during synchronizing keybindings.
[2022-06-16 16:52:48.265] [settingssync] [info] Snippets: No changes found during synchronizing snippets.
[2022-06-16 16:52:48.268] [settingssync] [info] Tasks: No changes found during synchronizing tasks.
[2022-06-16 16:52:48.271] [settingssync] [info] GlobalState: No changes found during synchronizing ui state.
[2022-06-16 16:52:48.346] [settingssync] [info] Extensions: No changes found during synchronizing extensions.
[2022-06-16 16:52:48.346] [settingssync] [info] Sync done. Took 88ms
[2022-06-16 16:53:37.732] [settingssync] [info] Auto Sync: Triggered by Activity
[2022-06-16 16:53:37.872] [settingssync] [info] Settings: No changes found during synchronizing settings.
[2022-06-16 16:53:37.875] [settingssync] [info] Keybindings: No changes found during synchronizing keybindings.
[2022-06-16 16:53:37.877] [settingssync] [info] Snippets: No changes found during synchronizing snippets.
[2022-06-16 16:53:37.879] [settingssync] [info] Tasks: No changes found during synchronizing tasks.
[2022-06-16 16:53:37.887] [settingssync] [info] GlobalState: No changes found during synchronizing ui state.
[2022-06-16 16:53:37.948] [settingssync] [info] Extensions: No changes found during synchronizing extensions.
[2022-06-16 16:53:37.949] [settingssync] [info] Sync done. Took 80ms
